filename          : /ccs/home/aprokop/csc333_orion//PortoTaxi.arborx [max_pts = -1]
minpts            : 10
eps               : 0.005000
samples           : -1
Reading in "/ccs/home/aprokop/csc333_orion//PortoTaxi.arborx" in binary mode...done
Read in 81712629 2D points
Data sanity check:
p[0] = ( -8.61864 41.1414 )
p[81712628] = ( -8.62089 41.1499 )
::[DBSCANTime] DIM: 2
>testsplit**
>datafile*/ccs/home/aprokop/csc333_orion//PortoTaxi.arborx*
>rounds*1*
>eps*0.005*
>minpts*10*
>dim*2*
>roundsplit**
>serialalgo*parallel*
>ndalgo*nd*
>algo*exact*
>numprocs*112*
>assigngridtime*0.628884*
>numgrids*23840*
>buildgetnbrkdt*0.0229919*
>markcoretime*0.0670979*
>numcore*81704608*
>numpts*81712629*
clustercore bucketing
>clustercoretime*1.38698*
>assignbordertime*0.0249851*
>cleanuptime*0.029598*
>totaltime*2.21394*
>roundsplit**
Verbalizing clusters ... 
>numpts*81712629*
>numcore*81704608*
>numborder*3033*
>numnoise*4988*
>numclusterpts*81707759*
>numcluster*186*
>>>>>>>>>>>>>>>>
Total points: 81712629
Core points: 81704608
Border points: 3033
Noise points: 4988
Total clustered points: 81707759
Num clusters: 186
clusterid-20649: 39 points
clusterid-23077: 54 points
clusterid-18929: 26 points
clusterid-3282: 10 points
clusterid-22567: 12 points
clusterid-22687: 23 points
clusterid-15753: 12 points
clusterid-21643: 40 points
clusterid-19421: 42 points
clusterid-21623: 17 points
clusterid-16136: 30 points
clusterid-19701: 12 points
clusterid-20729: 10 points
clusterid-22014: 21 points
clusterid-16757: 18 points
clusterid-16453: 11 points
clusterid-16212: 11 points
clusterid-20571: 74 points
clusterid-19655: 39 points
clusterid-6820: 27 points
 ... see output file for more details
>>>>>>>>>>>>>>>>
