ArborX version    : 1.4 (dev)
ArborX hash       : No hash available
Kokkos version    : 4.0.99
algorithm         : dbscan
eps               : 1000.000000
cluster min size  : 1
implementation    : fdbscan
verify            : false
minpts            : 10
filename          : /ccs/home/aprokop/csc333_orion//2D_VisualSim_10M.arborx [binary, max_pts = -1]
samples           : -1
verbose           : true
Reading in "/ccs/home/aprokop/csc333_orion//2D_VisualSim_10M.arborx" in binary mode...done
Read in 10000000 2D points
Data sanity check:
p[0] = ( 13987 14855 )
p[9999999] = ( 77329 82875 )
-- construction     :      0.012
-- query+cluster    :     73.564
---- neigh          :      0.013
---- query          :     73.544
-- postprocess      :      0.015
total time          :     73.616

#clusters       : 9
#cluster points : 9999087 [99.99%]
#noise   points : 913 [0.01%]
