ArborX version    : 1.4 (dev)
ArborX hash       : No hash available
Kokkos version    : 4.0.99
algorithm         : dbscan
eps               : 1000.000000
cluster min size  : 1
implementation    : fdbscan
verify            : false
minpts            : 10
filename          : /ccs/home/aprokop/csc333_orion//2D_VisualVar_10M.arborx [binary, max_pts = -1]
samples           : -1
verbose           : true
Reading in "/ccs/home/aprokop/csc333_orion//2D_VisualVar_10M.arborx" in binary mode...done
Read in 10000000 2D points
Data sanity check:
p[0] = ( 71641 39020 )
p[9999999] = ( 53490 24092 )
-- construction     :      0.075
-- query+cluster    :     56.330
---- neigh          :      0.142
---- query          :     56.001
-- postprocess      :      0.538
total time          :     56.948

#clusters       : 1
#cluster points : 9999271 [99.99%]
#noise   points : 729 [0.01%]
