ArborX version    : 1.4 (dev)
ArborX hash       : No hash available
Kokkos version    : 4.0.99
algorithm         : dbscan
eps               : 0.042000
cluster min size  : 1
implementation    : fdbscan-densebox
verify            : false
minpts            : 10
filename          : /ccs/home/aprokop/csc333_orion//hacc_37M.arborx [binary, max_pts = -1]
samples           : -1
verbose           : true
Reading in "/ccs/home/aprokop/csc333_orion//hacc_37M.arborx" in binary mode...done
Read in 36902719 3D points
Data sanity check:
p[0] = ( 0.00317287 4.8539 36.5745 )
p[36902718] = ( -0.0193176 71.5446 71.7035 )
h = 2.424871e-02, n = [3300, 3300, 3300]
#nonempty cells     :   28617505
#dense cells        :     138986 [0.49%]
#dense cell points  :    2727659 [7.39%]
#mixed primitives   :   34314046
-- dense cells      :      0.061
-- construction     :      0.049
-- query+cluster    :      0.279
---- neigh          :      0.087
---- query          :      0.190
-- postprocess      :      0.006
total time          :      0.413

#clusters       : 115512
#cluster points : 13583304 [36.81%]
#noise   points : 23319415 [63.19%]
