filename          : /ccs/home/aprokop/csc333_orion//3D_VisualVar_10M.arborx [max_pts = -1]
minpts            : 10
eps               : 1000.000000
samples           : -1
Reading in "/ccs/home/aprokop/csc333_orion//3D_VisualVar_10M.arborx" in binary mode...done
Read in 10000000 3D points
Data sanity check:
p[0] = ( 44263 10849 49131 )
p[9999999] = ( 73604 71356 26448 )
::[DBSCANTime] DIM: 3
>testsplit**
>datafile*/ccs/home/aprokop/csc333_orion//3D_VisualVar_10M.arborx*
>rounds*1*
>eps*1000*
>minpts*10*
>dim*3*
>roundsplit**
>serialalgo*parallel*
>ndalgo*nd*
>algo*exact*
>numprocs*112*
>assigngridtime*0.120814*
>numgrids*615813*
>buildgetnbrkdt*0.0230389*
>markcoretime*0.058471*
>numcore*9999180*
>numpts*10000000*
clustercore bucketing
>clustercoretime*0.121897*
>assignbordertime*0.00345707*
>cleanuptime*0.0115049*
>totaltime*0.347143*
>roundsplit**
Verbalizing clusters ... 
>numpts*10000000*
>numcore*9999180*
>numborder*34*
>numnoise*786*
>numclusterpts*9999214*
>numcluster*3*
>>>>>>>>>>>>>>>>
Total points: 10000000
Core points: 9999180
Border points: 34
Noise points: 786
Total clustered points: 9999214
Num clusters: 3
clusterid-47366: 36748 points
clusterid-615812: 9953379 points
clusterid-240454: 9087 points
>>>>>>>>>>>>>>>>
