ArborX version    : 1.4 (dev)
ArborX hash       : No hash available
Kokkos version    : 4.0.99
algorithm         : dbscan
eps               : 1000.000000
cluster min size  : 1
implementation    : fdbscan
verify            : false
minpts            : 10
filename          : /ccs/home/aprokop/csc333_orion//3D_VisualVar_10M.arborx [binary, max_pts = -1]
samples           : -1
verbose           : true
Reading in "/ccs/home/aprokop/csc333_orion//3D_VisualVar_10M.arborx" in binary mode...done
Read in 10000000 3D points
Data sanity check:
p[0] = ( 44263 10849 49131 )
p[9999999] = ( 73604 71356 26448 )
-- construction     :      0.039
-- query+cluster    :      1.262
---- neigh          :      0.025
---- query          :      1.231
-- postprocess      :      0.016
total time          :      1.347

#clusters       : 3
#cluster points : 9999214 [99.99%]
#noise   points : 786 [0.01%]
