ArborX version    : 1.4 (dev)
ArborX hash       : No hash available
Kokkos version    : 4.0.99
algorithm         : dbscan
eps               : 1000.000000
cluster min size  : 1
implementation    : fdbscan-densebox
verify            : false
minpts            : 10
filename          : /ccs/home/aprokop/csc333_orion//5D_VisualVar_10M.arborx [binary, max_pts = -1]
samples           : -1
verbose           : true
Reading in "/ccs/home/aprokop/csc333_orion//5D_VisualVar_10M.arborx" in binary mode...done
Read in 10000000 5D points
Data sanity check:
p[0] = ( 10977 86629 4465 79835 26009 )
p[9999999] = ( 16619 37128 27753 28738 78262 )
h = 4.472136e+02, n = [224, 224, 224, 224, 224]
#nonempty cells     :    3615747
#dense cells        :     128953 [3.57%]
#dense cell points  :    4904748 [49.05%]
#mixed primitives   :    5224205
-- dense cells      :      0.042
-- construction     :      0.010
-- query+cluster    :      0.276
---- neigh          :      0.038
---- query          :      0.234
-- postprocess      :      0.010
total time          :      0.370

#clusters       : 2834
#cluster points : 9999000 [99.99%]
#noise   points : 1000 [0.01%]
