ArborX version    : 1.4 (dev)
ArborX hash       : No hash available
Kokkos version    : 4.0.99
algorithm         : dbscan
eps               : 2.000000
cluster min size  : 1
implementation    : fdbscan
verify            : false
minpts            : 10
filename          : /ccs/home/aprokop/csc333_orion//7D_2.05M_household.arborx [binary, max_pts = -1]
samples           : -1
verbose           : true
Reading in "/ccs/home/aprokop/csc333_orion//7D_2.05M_household.arborx" in binary mode...done
Read in 2049280 7D points
Data sanity check:
p[0] = ( 4.216 0.418 234.84 18.4 0 1 17 )
p[2049279] = ( 0.932 0 239.55 3.8 0 0 0 )
-- construction     :      0.031
-- query+cluster    :     74.530
---- neigh          :      0.017
---- query          :     74.512
-- postprocess      :      0.006
total time          :     74.605

#clusters       : 46
#cluster points : 2042419 [99.67%]
#noise   points : 6861 [0.33%]
