filename          : /ccs/home/aprokop/csc333_orion//7D_VisualSim_10M.arborx [max_pts = -1]
minpts            : 10
eps               : 1000.000000
samples           : -1
Reading in "/ccs/home/aprokop/csc333_orion//7D_VisualSim_10M.arborx" in binary mode...done
Read in 10000000 7D points
Data sanity check:
p[0] = ( 90929 82594 67702 64058 97005 49299 63910 )
p[9999999] = ( 51534 30391 49613 81844 16331 55725 96117 )
::[DBSCANTime] DIM: 7
>testsplit**
>datafile*/ccs/home/aprokop/csc333_orion//7D_VisualSim_10M.arborx*
>rounds*1*
>eps*1000*
>minpts*10*
>dim*7*
>roundsplit**
>serialalgo*parallel*
>ndalgo*nd*
>algo*exact*
>numprocs*112*
>assigngridtime*0.161275*
>numgrids*445452*
>buildgetnbrkdt*0.027797*
>markcoretime*0.244173*
>numcore*9999000*
>numpts*10000000*
clustercore bucketing
>clustercoretime*0.644697*
>assignbordertime*0.00977206*
>cleanuptime*0.0176749*
>totaltime*1.13756*
>roundsplit**
Verbalizing clusters ... 
>numpts*10000000*
>numcore*9999000*
>numborder*0*
>numnoise*1000*
>numclusterpts*9999000*
>numcluster*12*
>>>>>>>>>>>>>>>>
Total points: 10000000
Core points: 9999000
Border points: 0
Noise points: 1000
Total clustered points: 9999000
Num clusters: 12
clusterid-327222: 1628255 points
clusterid-202613: 1249773 points
clusterid-205322: 236093 points
clusterid-426019: 1169838 points
clusterid-88630: 494012 points
clusterid-95605: 618256 points
clusterid-369695: 902950 points
clusterid-98555: 1105102 points
clusterid-198447: 906385 points
clusterid-412507: 525263 points
clusterid-285867: 430428 points
clusterid-445450: 732645 points
>>>>>>>>>>>>>>>>
