ArborX version    : 1.4 (dev)
ArborX hash       : No hash available
Kokkos version    : 4.0.99
algorithm         : dbscan
eps               : 1000.000000
cluster min size  : 1
implementation    : fdbscan
verify            : false
minpts            : 10
filename          : /ccs/home/aprokop/csc333_orion//7D_VisualVar_10M.arborx [binary, max_pts = -1]
samples           : -1
verbose           : true
Reading in "/ccs/home/aprokop/csc333_orion//7D_VisualVar_10M.arborx" in binary mode...done
Read in 10000000 7D points
Data sanity check:
p[0] = ( 76273 13264 51964 92661 40795 41674 13611 )
p[9999999] = ( 83191 68129 74908 96623 60297 5390 92310 )
-- construction     :      0.188
-- query+cluster    :      3.111
---- neigh          :      0.443
---- query          :      2.567
-- postprocess      :      0.191
total time          :      3.494

#clusters       : 55296
#cluster points : 9999000 [99.99%]
#noise   points : 1000 [0.01%]
