ArborX version    : 1.4 (dev)
ArborX hash       : No hash available
Kokkos version    : 4.0.99
algorithm         : dbscan
eps               : 1000.000000
cluster min size  : 1
implementation    : fdbscan-densebox
verify            : false
minpts            : 10
filename          : /ccs/home/aprokop/csc333_orion//7D_VisualSim_10M.arborx [binary, max_pts = -1]
samples           : -1
verbose           : true
Reading in "/ccs/home/aprokop/csc333_orion//7D_VisualSim_10M.arborx" in binary mode...done
Read in 10000000 7D points
Data sanity check:
p[0] = ( 90929 82594 67702 64058 97005 49299 63910 )
p[9999999] = ( 51534 30391 49613 81844 16331 55725 96117 )
h = 3.779645e+02, n = [265, 265, 265, 265, 265, 265, 265]
#nonempty cells     :     445450
#dense cells        :     210665 [47.29%]
#dense cell points  :    9218406 [92.18%]
#mixed primitives   :     992259
-- dense cells      :      0.216
-- construction     :      0.031
-- query+cluster    :      3.303
---- neigh          :      0.070
---- query          :      3.179
-- postprocess      :      0.385
total time          :      3.938

#clusters       : 12
#cluster points : 9999000 [99.99%]
#noise   points : 1000 [0.01%]
