filename          : /ccs/home/aprokop/csc333_orion//hacc_37M.arborx [max_pts = -1]
minpts            : 10
eps               : 0.042000
samples           : 1000000
Reading in "/ccs/home/aprokop/csc333_orion//hacc_37M.arborx" in binary mode...done
Read in 36902719 3D points
Data sanity check:
p[0] = ( 0.00466919 9.3683 40.6306 )
p[999999] = ( -0.270844 71.2819 71.0654 )
::[DBSCANTime] DIM: 3
>testsplit**
>datafile*/ccs/home/aprokop/csc333_orion//hacc_37M.arborx*
>rounds*1*
>eps*0.042*
>minpts*10*
>dim*3*
>roundsplit**
>serialalgo*parallel*
>ndalgo*nd*
>algo*exact*
>numprocs*112*
>assigngridtime*0.050055*
>numgrids*970934*
>buildgetnbrkdt*0.0317011*
>markcoretime*0.0317259*
>numcore*36451*
>numpts*1000000*
clustercore bucketing
>clustercoretime*0.0134451*
>assignbordertime*0.00304198*
>cleanuptime*0.00692797*
>totaltime*0.137944*
>roundsplit**
Verbalizing clusters ... 
>numpts*1000000*
>numcore*36451*
>numborder*24114*
>numnoise*939435*
>numclusterpts*60684*
>numcluster*1689*
>>>>>>>>>>>>>>>>
Total points: 1000000
Core points: 36451
Border points: 24114
Noise points: 939435
Total clustered points: 60684
Num clusters: 1689
clusterid-959309: 10 points
clusterid-68722: 24 points
clusterid-13683: 14 points
clusterid-964756: 10 points
clusterid-963456: 16 points
clusterid-945882: 18 points
clusterid-923430: 11 points
clusterid-929135: 77 points
clusterid-964241: 197 points
clusterid-931305: 11 points
clusterid-889803: 13 points
clusterid-918405: 192 points
clusterid-900768: 29 points
clusterid-958039: 25 points
clusterid-70892: 16 points
clusterid-54993: 10 points
clusterid-42849: 17 points
clusterid-50758: 25 points
clusterid-36059: 40 points
clusterid-13023: 36 points
 ... see output file for more details
>>>>>>>>>>>>>>>>
