filename          : /ccs/home/aprokop/csc333_orion//ngsim.arborx [max_pts = -1]
minpts            : 1000
eps               : 1.000000
samples           : 100000
Reading in "/ccs/home/aprokop/csc333_orion//ngsim.arborx" in binary mode...done
Read in 11850526 2D points
Data sanity check:
p[0] = ( 6.45252e+06 1.87204e+06 )
p[99999] = ( 6.0428e+06 2.13355e+06 )
::[DBSCANTime] DIM: 2
>testsplit**
>datafile*/ccs/home/aprokop/csc333_orion//ngsim.arborx*
>rounds*1*
>eps*1*
>minpts*1000*
>dim*2*
>roundsplit**
>serialalgo*parallel*
>ndalgo*nd*
>algo*exact*
>numprocs*112*
>assigngridtime*0.00414991*
>numgrids*76697*
>buildgetnbrkdt*0.033874*
>markcoretime*0.007025*
>numcore*0*
>numpts*100000*
clustercore bucketing
>clustercoretime*0.00878191*
>assignbordertime*0.000869036*
>cleanuptime*0.00419497*
>totaltime*0.0598581*
>roundsplit**
Verbalizing clusters ... 
>numpts*100000*
>numcore*0*
>numborder*0*
>numnoise*100000*
>numclusterpts*0*
>numcluster*0*
>>>>>>>>>>>>>>>>
Total points: 100000
Core points: 0
Border points: 0
Noise points: 100000
Total clustered points: 0
Num clusters: 0
>>>>>>>>>>>>>>>>
