filename          : /ccs/home/aprokop/csc333_orion//7D_2.05M_household.arborx [max_pts = -1]
minpts            : 10
eps               : 2.000000
samples           : 1000000
Reading in "/ccs/home/aprokop/csc333_orion//7D_2.05M_household.arborx" in binary mode...done
Read in 2049280 7D points
Data sanity check:
p[0] = ( 5.36 0.436 233.63 23 0 1 16 )
p[999999] = ( 0.932 0 239.55 3.8 0 0 0 )
::[DBSCANTime] DIM: 7
>testsplit**
>datafile*/ccs/home/aprokop/csc333_orion//7D_2.05M_household.arborx*
>rounds*1*
>eps*2*
>minpts*10*
>dim*7*
>roundsplit**
>serialalgo*parallel*
>ndalgo*nd*
>algo*exact*
>numprocs*112*
>assigngridtime*0.055301*
>numgrids*59831*
>buildgetnbrkdt*0.013597*
>markcoretime*0.311787*
>numcore*991403*
>numpts*1000000*
clustercore bucketing
>clustercoretime*0.194612*
>assignbordertime*0.00714588*
>cleanuptime*0.00170302*
>totaltime*0.585599*
>roundsplit**
Verbalizing clusters ... 
>numpts*1000000*
>numcore*991403*
>numborder*3471*
>numnoise*5126*
>numclusterpts*994897*
>numcluster*43*
>>>>>>>>>>>>>>>>
Total points: 1000000
Core points: 991403
Border points: 3471
Noise points: 5126
Total clustered points: 994897
Num clusters: 43
clusterid-57664: 10 points
clusterid-58282: 10 points
clusterid-52978: 29 points
clusterid-42413: 60 points
clusterid-28892: 14 points
clusterid-52442: 43 points
clusterid-53710: 12 points
clusterid-59610: 23 points
clusterid-46083: 11 points
clusterid-48095: 17 points
clusterid-58680: 386 points
clusterid-59579: 991083 points
clusterid-34204: 29 points
clusterid-53729: 22 points
clusterid-59796: 58 points
clusterid-59658: 862 points
clusterid-54525: 185 points
clusterid-52956: 14 points
clusterid-24990: 10 points
clusterid-58974: 11 points
 ... see output file for more details
>>>>>>>>>>>>>>>>
