filename          : /ccs/home/aprokop/csc333_orion//7D_2.05M_household.arborx [max_pts = -1]
minpts            : 50
eps               : 2.000000
samples           : 1000000
Reading in "/ccs/home/aprokop/csc333_orion//7D_2.05M_household.arborx" in binary mode...done
Read in 2049280 7D points
Data sanity check:
p[0] = ( 5.36 0.436 233.63 23 0 1 16 )
p[999999] = ( 0.932 0 239.55 3.8 0 0 0 )
::[DBSCANTime] DIM: 7
>testsplit**
>datafile*/ccs/home/aprokop/csc333_orion//7D_2.05M_household.arborx*
>rounds*1*
>eps*2*
>minpts*50*
>dim*7*
>roundsplit**
>serialalgo*parallel*
>ndalgo*nd*
>algo*exact*
>numprocs*112*
>assigngridtime*0.054065*
>numgrids*59831*
>buildgetnbrkdt*0.011714*
>markcoretime*0.650451*
>numcore*976115*
>numpts*1000000*
clustercore bucketing
>clustercoretime*0.189482*
>assignbordertime*0.0249059*
>cleanuptime*0.00184298*
>totaltime*0.933453*
>roundsplit**
Verbalizing clusters ... 
>numpts*1000000*
>numcore*976115*
>numborder*10369*
>numnoise*13516*
>numclusterpts*986546*
>numcluster*14*
>>>>>>>>>>>>>>>>
Total points: 1000000
Core points: 976115
Border points: 10369
Noise points: 13516
Total clustered points: 986546
Num clusters: 14
clusterid-53268: 171 points
clusterid-58770: 956395 points
clusterid-27726: 142 points
clusterid-30885: 274 points
clusterid-53244: 8810 points
clusterid-56530: 7541 points
clusterid-58231: 11143 points
clusterid-58753: 303 points
clusterid-56810: 128 points
clusterid-39715: 89 points
clusterid-59345: 704 points
clusterid-54589: 280 points
clusterid-19063: 515 points
clusterid-28861: 51 points
>>>>>>>>>>>>>>>>
