filename          : /ccs/home/aprokop/csc333_orion//5D_VisualVar_10M.arborx [max_pts = -1]
minpts            : 500
eps               : 1000.000000
samples           : 1000000
Reading in "/ccs/home/aprokop/csc333_orion//5D_VisualVar_10M.arborx" in binary mode...done
Read in 10000000 5D points
Data sanity check:
p[0] = ( 11011 86614 4438 79761 25983 )
p[999999] = ( 13367 57452 92018 45731 43925 )
::[DBSCANTime] DIM: 5
>testsplit**
>datafile*/ccs/home/aprokop/csc333_orion//5D_VisualVar_10M.arborx*
>rounds*1*
>eps*1000*
>minpts*500*
>dim*5*
>roundsplit**
>serialalgo*parallel*
>ndalgo*nd*
>algo*exact*
>numprocs*112*
>assigngridtime*0.0396619*
>numgrids*590292*
>buildgetnbrkdt*0.0278912*
>markcoretime*0.128883*
>numcore*113519*
>numpts*1000000*
clustercore bucketing
>clustercoretime*0.013793*
>assignbordertime*0.0211041*
>cleanuptime*0.00681496*
>totaltime*0.239185*
>roundsplit**
Verbalizing clusters ... 
>numpts*1000000*
>numcore*113519*
>numborder*100226*
>numnoise*786255*
>numclusterpts*216577*
>numcluster*80*
>>>>>>>>>>>>>>>>
Total points: 1000000
Core points: 113519
Border points: 100226
Noise points: 786255
Total clustered points: 216577
Num clusters: 80
clusterid-112829: 2379 points
clusterid-104299: 1573 points
clusterid-107044: 5738 points
clusterid-114289: 2479 points
clusterid-123879: 760 points
clusterid-125424: 3293 points
clusterid-145801: 3034 points
clusterid-147219: 4494 points
clusterid-144581: 636 points
clusterid-148695: 677 points
clusterid-159788: 1395 points
clusterid-157885: 1376 points
clusterid-150218: 600 points
clusterid-137283: 952 points
clusterid-161921: 1829 points
clusterid-171587: 4639 points
clusterid-168677: 1846 points
clusterid-306286: 1441 points
clusterid-303336: 1452 points
clusterid-300976: 1746 points
 ... see output file for more details
>>>>>>>>>>>>>>>>
