filename          : /ccs/home/aprokop/csc333_orion//PortoTaxi.arborx [max_pts = -1]
minpts            : 500
eps               : 0.005000
samples           : 100000
Reading in "/ccs/home/aprokop/csc333_orion//PortoTaxi.arborx" in binary mode...done
Read in 81712629 2D points
Data sanity check:
p[0] = ( -8.64213 41.1712 )
p[99999] = ( -8.60932 41.1812 )
::[DBSCANTime] DIM: 2
>testsplit**
>datafile*/ccs/home/aprokop/csc333_orion//PortoTaxi.arborx*
>rounds*1*
>eps*0.005*
>minpts*500*
>dim*2*
>roundsplit**
>serialalgo*parallel*
>ndalgo*nd*
>algo*exact*
>numprocs*112*
>assigngridtime*0.00285602*
>numgrids*2863*
>buildgetnbrkdt*0.000843048*
>markcoretime*0.0276289*
>numcore*81212*
>numpts*100000*
clustercore bucketing
>clustercoretime*0.00292516*
>assignbordertime*0.00262189*
>cleanuptime*0.000485897*
>totaltime*0.038183*
>roundsplit**
Verbalizing clusters ... 
>numpts*100000*
>numcore*81212*
>numborder*4859*
>numnoise*13929*
>numclusterpts*86071*
>numcluster*2*
>>>>>>>>>>>>>>>>
Total points: 100000
Core points: 81212
Border points: 4859
Noise points: 13929
Total clustered points: 86071
Num clusters: 2
clusterid-418: 1187 points
clusterid-1621: 84884 points
>>>>>>>>>>>>>>>>
