filename          : /ccs/home/aprokop/csc333_orion//7D_VisualSim_10M.arborx [max_pts = -1]
minpts            : 100
eps               : 1000.000000
samples           : 1000000
Reading in "/ccs/home/aprokop/csc333_orion//7D_VisualSim_10M.arborx" in binary mode...done
Read in 10000000 7D points
Data sanity check:
p[0] = ( 90911 82560 67735 64071 96947 49339 63892 )
p[999999] = ( 1563 77429 66495 85393 86570 76854 57774 )
::[DBSCANTime] DIM: 7
>testsplit**
>datafile*/ccs/home/aprokop/csc333_orion//7D_VisualSim_10M.arborx*
>rounds*1*
>eps*1000*
>minpts*100*
>dim*7*
>roundsplit**
>serialalgo*parallel*
>ndalgo*nd*
>algo*exact*
>numprocs*112*
>assigngridtime*0.037854*
>numgrids*255975*
>buildgetnbrkdt*0.021847*
>markcoretime*0.172385*
>numcore*987672*
>numpts*1000000*
clustercore bucketing
>clustercoretime*0.0712402*
>assignbordertime*0.00345683*
>cleanuptime*0.00462198*
>totaltime*0.312446*
>roundsplit**
Verbalizing clusters ... 
>numpts*1000000*
>numcore*987672*
>numborder*12234*
>numnoise*94*
>numclusterpts*1000259*
>numcluster*24*
>>>>>>>>>>>>>>>>
Total points: 1000000
Core points: 987672
Border points: 12234
Noise points: 94
Total clustered points: 1000259
Num clusters: 24
clusterid-45496: 49776 points
clusterid-155223: 1919 points
clusterid-203820: 25190 points
clusterid-218754: 3362 points
clusterid-45589: 41497 points
clusterid-215790: 12017 points
clusterid-56620: 19754 points
clusterid-244830: 75718 points
clusterid-236958: 50895 points
clusterid-223466: 1726 points
clusterid-198376: 33558 points
clusterid-117425: 23806 points
clusterid-212405: 40921 points
clusterid-188055: 110725 points
clusterid-255973: 73255 points
clusterid-189737: 16063 points
clusterid-186889: 49866 points
clusterid-113432: 90752 points
clusterid-50415: 27242 points
clusterid-115857: 124961 points
 ... see output file for more details
>>>>>>>>>>>>>>>>
