filename          : /ccs/home/aprokop/csc333_orion//7D_VisualVar_10M.arborx [max_pts = -1]
minpts            : 500
eps               : 1000.000000
samples           : 1000000
Reading in "/ccs/home/aprokop/csc333_orion//7D_VisualVar_10M.arborx" in binary mode...done
Read in 10000000 7D points
Data sanity check:
p[0] = ( 76275 13201 51959 92618 40856 41672 13625 )
p[999999] = ( 12899 45565 95945 25240 90783 79532 42875 )
::[DBSCANTime] DIM: 7
>testsplit**
>datafile*/ccs/home/aprokop/csc333_orion//7D_VisualVar_10M.arborx*
>rounds*1*
>eps*1000*
>minpts*500*
>dim*7*
>roundsplit**
>serialalgo*parallel*
>ndalgo*nd*
>algo*exact*
>numprocs*112*
>assigngridtime*0.0538168*
>numgrids*805185*
>buildgetnbrkdt*0.0329132*
>markcoretime*0.100679*
>numcore*414*
>numpts*1000000*
clustercore bucketing
>clustercoretime*0.00816107*
>assignbordertime*0.00502896*
>cleanuptime*0.00732303*
>totaltime*0.209001*
>roundsplit**
Verbalizing clusters ... 
>numpts*1000000*
>numcore*414*
>numborder*13292*
>numnoise*986294*
>numclusterpts*13866*
>numcluster*19*
>>>>>>>>>>>>>>>>
Total points: 1000000
Core points: 414
Border points: 13292
Noise points: 986294
Total clustered points: 13866
Num clusters: 19
clusterid-767500: 1148 points
clusterid-785750: 711 points
clusterid-803463: 636 points
clusterid-585533: 856 points
clusterid-664222: 506 points
clusterid-779728: 623 points
clusterid-620257: 568 points
clusterid-742153: 854 points
clusterid-585785: 720 points
clusterid-709528: 660 points
clusterid-615934: 546 points
clusterid-768134: 693 points
clusterid-713865: 658 points
clusterid-763473: 1402 points
clusterid-709156: 961 points
clusterid-736521: 643 points
clusterid-608416: 653 points
clusterid-752082: 501 points
clusterid-709031: 527 points
>>>>>>>>>>>>>>>>
