filename          : /ccs/home/aprokop/csc333_orion//7D_VisualSim_10M.arborx [max_pts = -1]
minpts            : 10
eps               : 500.000000
samples           : 1000000
Reading in "/ccs/home/aprokop/csc333_orion//7D_VisualSim_10M.arborx" in binary mode...done
Read in 10000000 7D points
Data sanity check:
p[0] = ( 90911 82560 67735 64071 96947 49339 63892 )
p[999999] = ( 1563 77429 66495 85393 86570 76854 57774 )
::[DBSCANTime] DIM: 7
>testsplit**
>datafile*/ccs/home/aprokop/csc333_orion//7D_VisualSim_10M.arborx*
>rounds*1*
>eps*500*
>minpts*10*
>dim*7*
>roundsplit**
>serialalgo*parallel*
>ndalgo*nd*
>algo*exact*
>numprocs*112*
>assigngridtime*0.0447252*
>numgrids*541576*
>buildgetnbrkdt*0.0289838*
>markcoretime*0.117506*
>numcore*999906*
>numpts*1000000*
clustercore bucketing
>clustercoretime*0.0725501*
>assignbordertime*0.00202894*
>cleanuptime*0.00676513*
>totaltime*0.273545*
>roundsplit**
Verbalizing clusters ... 
>numpts*1000000*
>numcore*999906*
>numborder*0*
>numnoise*94*
>numclusterpts*999906*
>numcluster*12*
>>>>>>>>>>>>>>>>
Total points: 1000000
Core points: 999906
Border points: 0
Noise points: 94
Total clustered points: 999906
Num clusters: 12
clusterid-517548: 116211 points
clusterid-398053: 162468 points
clusterid-246005: 124961 points
clusterid-107828: 49514 points
clusterid-119804: 110977 points
clusterid-448080: 90472 points
clusterid-241513: 90752 points
clusterid-249285: 23806 points
clusterid-502135: 52588 points
clusterid-116367: 61898 points
clusterid-348352: 43004 points
clusterid-541574: 73255 points
>>>>>>>>>>>>>>>>
