filename          : /ccs/home/aprokop/csc333_orion//hacc_37M.arborx [max_pts = -1]
minpts            : 10
eps               : 0.050000
samples           : 1000000
Reading in "/ccs/home/aprokop/csc333_orion//hacc_37M.arborx" in binary mode...done
Read in 36902719 3D points
Data sanity check:
p[0] = ( 0.00466919 9.3683 40.6306 )
p[999999] = ( -0.270844 71.2819 71.0654 )
::[DBSCANTime] DIM: 3
>testsplit**
>datafile*/ccs/home/aprokop/csc333_orion//hacc_37M.arborx*
>rounds*1*
>eps*0.05*
>minpts*10*
>dim*3*
>roundsplit**
>serialalgo*parallel*
>ndalgo*nd*
>algo*exact*
>numprocs*112*
>assigngridtime*0.0567069*
>numgrids*959558*
>buildgetnbrkdt*0.0376229*
>markcoretime*0.0278292*
>numcore*54010*
>numpts*1000000*
clustercore bucketing
>clustercoretime*0.013258*
>assignbordertime*0.003088*
>cleanuptime*0.00650382*
>totaltime*0.145957*
>roundsplit**
Verbalizing clusters ... 
>numpts*1000000*
>numcore*54010*
>numborder*30426*
>numnoise*915564*
>numclusterpts*84584*
>numcluster*2180*
>>>>>>>>>>>>>>>>
Total points: 1000000
Core points: 54010
Border points: 30426
Noise points: 915564
Total clustered points: 84584
Num clusters: 2180
clusterid-12839: 12 points
clusterid-10798: 12 points
clusterid-934749: 26 points
clusterid-912647: 15 points
clusterid-920421: 12 points
clusterid-916744: 35 points
clusterid-906061: 18 points
clusterid-933806: 11 points
clusterid-894190: 11 points
clusterid-70025: 18 points
clusterid-75211: 18 points
clusterid-58485: 18 points
clusterid-59233: 47 points
clusterid-54427: 13 points
clusterid-49988: 19 points
clusterid-42401: 32 points
clusterid-35627: 48 points
clusterid-28426: 10 points
clusterid-12717: 13 points
clusterid-18917: 12 points
 ... see output file for more details
>>>>>>>>>>>>>>>>
