filename          : /ccs/home/aprokop/csc333_orion//PortoTaxi.arborx [max_pts = -1]
minpts            : 10
eps               : 0.004000
samples           : 100000
Reading in "/ccs/home/aprokop/csc333_orion//PortoTaxi.arborx" in binary mode...done
Read in 81712629 2D points
Data sanity check:
p[0] = ( -8.64213 41.1712 )
p[99999] = ( -8.60932 41.1812 )
::[DBSCANTime] DIM: 2
>testsplit**
>datafile*/ccs/home/aprokop/csc333_orion//PortoTaxi.arborx*
>rounds*1*
>eps*0.004*
>minpts*10*
>dim*2*
>roundsplit**
>serialalgo*parallel*
>ndalgo*nd*
>algo*exact*
>numprocs*112*
>assigngridtime*0.00395703*
>numgrids*3549*
>buildgetnbrkdt*0.00106692*
>markcoretime*0.00130415*
>numcore*97699*
>numpts*100000*
clustercore bucketing
>clustercoretime*0.00531983*
>assignbordertime*0.000846148*
>cleanuptime*0.0003829*
>totaltime*0.013721*
>roundsplit**
Verbalizing clusters ... 
>numpts*100000*
>numcore*97699*
>numborder*498*
>numnoise*1803*
>numclusterpts*98208*
>numcluster*26*
>>>>>>>>>>>>>>>>
Total points: 100000
Core points: 97699
Border points: 498
Noise points: 1803
Total clustered points: 98208
Num clusters: 26
clusterid-2515: 10 points
clusterid-568: 53 points
clusterid-951: 18 points
clusterid-2761: 36 points
clusterid-1014: 11 points
clusterid-173: 10 points
clusterid-1188: 10 points
clusterid-1813: 11 points
clusterid-1632: 10 points
clusterid-3012: 10 points
clusterid-2955: 97651 points
clusterid-2475: 62 points
clusterid-2579: 18 points
clusterid-1303: 12 points
clusterid-955: 57 points
clusterid-2949: 14 points
clusterid-2130: 14 points
clusterid-3075: 98 points
clusterid-734: 18 points
clusterid-241: 16 points
 ... see output file for more details
>>>>>>>>>>>>>>>>
