filename          : /ccs/home/aprokop/csc333_orion//hacc_37M.arborx [max_pts = -1]
minpts            : 10
eps               : 0.100000
samples           : 1000000
Reading in "/ccs/home/aprokop/csc333_orion//hacc_37M.arborx" in binary mode...done
Read in 36902719 3D points
Data sanity check:
p[0] = ( 0.00466919 9.3683 40.6306 )
p[999999] = ( -0.270844 71.2819 71.0654 )
::[DBSCANTime] DIM: 3
>testsplit**
>datafile*/ccs/home/aprokop/csc333_orion//hacc_37M.arborx*
>rounds*1*
>eps*0.1*
>minpts*10*
>dim*3*
>roundsplit**
>serialalgo*parallel*
>ndalgo*nd*
>algo*exact*
>numprocs*112*
>assigngridtime*0.0718849*
>numgrids*881885*
>buildgetnbrkdt*0.04603*
>markcoretime*0.029516*
>numcore*167901*
>numpts*1000000*
clustercore bucketing
>clustercoretime*0.0125301*
>assignbordertime*0.003443*
>cleanuptime*0.0062058*
>totaltime*0.170774*
>roundsplit**
Verbalizing clusters ... 
>numpts*1000000*
>numcore*167901*
>numborder*56168*
>numnoise*775931*
>numclusterpts*224321*
>numcluster*4399*
>>>>>>>>>>>>>>>>
Total points: 1000000
Core points: 167901
Border points: 56168
Noise points: 775931
Total clustered points: 224321
Num clusters: 4399
clusterid-822949: 10 points
clusterid-12500: 41 points
clusterid-15243: 14 points
clusterid-879994: 12 points
clusterid-874856: 11 points
clusterid-870885: 15 points
clusterid-852694: 17 points
clusterid-848763: 107 points
clusterid-876013: 13 points
clusterid-878010: 556 points
clusterid-846328: 19 points
clusterid-844833: 292 points
clusterid-839365: 18 points
clusterid-835881: 16 points
clusterid-801898: 96 points
clusterid-838724: 942 points
clusterid-819292: 106 points
clusterid-870670: 58 points
clusterid-854089: 12 points
clusterid-863088: 13 points
 ... see output file for more details
>>>>>>>>>>>>>>>>
