filename          : /ccs/home/aprokop/csc333_orion//7D_VisualVar_10M.arborx [max_pts = -1]
minpts            : 10
eps               : 500.000000
samples           : 1000000
Reading in "/ccs/home/aprokop/csc333_orion//7D_VisualVar_10M.arborx" in binary mode...done
Read in 10000000 7D points
Data sanity check:
p[0] = ( 76275 13201 51959 92618 40856 41672 13625 )
p[999999] = ( 12899 45565 95945 25240 90783 79532 42875 )
::[DBSCANTime] DIM: 7
>testsplit**
>datafile*/ccs/home/aprokop/csc333_orion//7D_VisualVar_10M.arborx*
>rounds*1*
>eps*500*
>minpts*10*
>dim*7*
>roundsplit**
>serialalgo*parallel*
>ndalgo*nd*
>algo*exact*
>numprocs*112*
>assigngridtime*0.105712*
>numgrids*926992*
>buildgetnbrkdt*0.0407081*
>markcoretime*0.0723441*
>numcore*294430*
>numpts*1000000*
clustercore bucketing
>clustercoretime*0.0270579*
>assignbordertime*0.00399399*
>cleanuptime*0.007478*
>totaltime*0.25822*
>roundsplit**
Verbalizing clusters ... 
>numpts*1000000*
>numcore*294430*
>numborder*25456*
>numnoise*680114*
>numclusterpts*320031*
>numcluster*12580*
>>>>>>>>>>>>>>>>
Total points: 1000000
Core points: 294430
Border points: 25456
Noise points: 680114
Total clustered points: 320031
Num clusters: 12580
clusterid-202015: 10 points
clusterid-645586: 12 points
clusterid-675486: 14 points
clusterid-366365: 11 points
clusterid-579261: 10 points
clusterid-579497: 10 points
clusterid-862218: 10 points
clusterid-701777: 10 points
clusterid-728074: 12 points
clusterid-659656: 11 points
clusterid-641124: 11 points
clusterid-608710: 16 points
clusterid-646865: 10 points
clusterid-648791: 10 points
clusterid-677036: 10 points
clusterid-640796: 10 points
clusterid-615607: 26 points
clusterid-683705: 13 points
clusterid-697683: 12 points
clusterid-736339: 10 points
 ... see output file for more details
>>>>>>>>>>>>>>>>
