filename          : /ccs/home/aprokop/csc333_orion//3D_VisualSim_10M.arborx [max_pts = -1]
minpts            : 10
eps               : 100.000000
samples           : 1000000
Reading in "/ccs/home/aprokop/csc333_orion//3D_VisualSim_10M.arborx" in binary mode...done
Read in 10000000 3D points
Data sanity check:
p[0] = ( 14931 4079 47911 )
p[999999] = ( 90610 93811 753 )
::[DBSCANTime] DIM: 3
>testsplit**
>datafile*/ccs/home/aprokop/csc333_orion//3D_VisualSim_10M.arborx*
>rounds*1*
>eps*100*
>minpts*10*
>dim*3*
>roundsplit**
>serialalgo*parallel*
>ndalgo*nd*
>algo*exact*
>numprocs*112*
>assigngridtime*0.0418801*
>numgrids*682180*
>buildgetnbrkdt*0.0371368*
>markcoretime*0.061239*
>numcore*761282*
>numpts*1000000*
clustercore bucketing
>clustercoretime*0.0315831*
>assignbordertime*0.00599313*
>cleanuptime*0.00529981*
>totaltime*0.184153*
>roundsplit**
Verbalizing clusters ... 
>numpts*1000000*
>numcore*761282*
>numborder*197919*
>numnoise*40799*
>numclusterpts*962507*
>numcluster*2394*
>>>>>>>>>>>>>>>>
Total points: 1000000
Core points: 761282
Border points: 197919
Noise points: 40799
Total clustered points: 962507
Num clusters: 2394
clusterid-495349: 10 points
clusterid-500934: 41 points
clusterid-475971: 16 points
clusterid-469715: 155 points
clusterid-465360: 25 points
clusterid-479014: 87 points
clusterid-475836: 13 points
clusterid-494013: 147 points
clusterid-485157: 104 points
clusterid-498020: 17 points
clusterid-486507: 55 points
clusterid-486504: 151 points
clusterid-497885: 193 points
clusterid-499276: 29 points
clusterid-510994: 175 points
clusterid-513318: 29 points
clusterid-492079: 63 points
clusterid-481766: 32 points
clusterid-493518: 183 points
clusterid-486340: 21 points
 ... see output file for more details
>>>>>>>>>>>>>>>>
