filename          : /ccs/home/aprokop/csc333_orion//2D_VisualSim_10M.arborx [max_pts = -1]
minpts            : 10
eps               : 500.000000
samples           : 100000
Reading in "/ccs/home/aprokop/csc333_orion//2D_VisualSim_10M.arborx" in binary mode...done
Read in 10000000 2D points
Data sanity check:
p[0] = ( 14079 14865 )
p[99999] = ( 61698 60417 )
::[DBSCANTime] DIM: 2
>testsplit**
>datafile*/ccs/home/aprokop/csc333_orion//2D_VisualSim_10M.arborx*
>rounds*1*
>eps*500*
>minpts*10*
>dim*2*
>roundsplit**
>serialalgo*parallel*
>ndalgo*nd*
>algo*exact*
>numprocs*112*
>assigngridtime*0.00335479*
>numgrids*3582*
>buildgetnbrkdt*0.00100708*
>markcoretime*0.000732899*
>numcore*99989*
>numpts*100000*
clustercore bucketing
>clustercoretime*0.00307322*
>assignbordertime*0.000267982*
>cleanuptime*0.00028801*
>totaltime*0.00961399*
>roundsplit**
Verbalizing clusters ... 
>numpts*100000*
>numcore*99989*
>numborder*0*
>numnoise*11*
>numclusterpts*99989*
>numcluster*9*
>>>>>>>>>>>>>>>>
Total points: 100000
Core points: 99989
Border points: 0
Noise points: 11
Total clustered points: 99989
Num clusters: 9
clusterid-1796: 9400 points
clusterid-773: 2885 points
clusterid-1278: 1293 points
clusterid-3580: 18635 points
clusterid-1924: 2477 points
clusterid-1910: 1095 points
clusterid-1494: 23381 points
clusterid-2783: 29806 points
clusterid-1420: 11017 points
>>>>>>>>>>>>>>>>
