filename          : /ccs/home/aprokop/csc333_orion//3D_VisualSim_10M.arborx [max_pts = -1]
minpts            : 10
eps               : 3000.000000
samples           : 1000000
Reading in "/ccs/home/aprokop/csc333_orion//3D_VisualSim_10M.arborx" in binary mode...done
Read in 10000000 3D points
Data sanity check:
p[0] = ( 14931 4079 47911 )
p[999999] = ( 90610 93811 753 )
::[DBSCANTime] DIM: 3
>testsplit**
>datafile*/ccs/home/aprokop/csc333_orion//3D_VisualSim_10M.arborx*
>rounds*1*
>eps*3000*
>minpts*10*
>dim*3*
>roundsplit**
>serialalgo*parallel*
>ndalgo*nd*
>algo*exact*
>numprocs*112*
>assigngridtime*0.059706*
>numgrids*1200*
>buildgetnbrkdt*0.000972033*
>markcoretime*0.00215387*
>numcore*999909*
>numpts*1000000*
clustercore bucketing
>clustercoretime*0.0108671*
>assignbordertime*0.000490904*
>cleanuptime*0.000827074*
>totaltime*0.07603*
>roundsplit**
Verbalizing clusters ... 
>numpts*1000000*
>numcore*999909*
>numborder*0*
>numnoise*91*
>numclusterpts*999909*
>numcluster*11*
>>>>>>>>>>>>>>>>
Total points: 1000000
Core points: 999909
Border points: 0
Noise points: 91
Total clustered points: 999909
Num clusters: 11
clusterid-1146: 131307 points
clusterid-467: 116062 points
clusterid-749: 52190 points
clusterid-567: 51232 points
clusterid-329: 35423 points
clusterid-936: 29560 points
clusterid-1196: 26317 points
clusterid-942: 275776 points
clusterid-323: 66541 points
clusterid-1043: 56353 points
clusterid-296: 159148 points
>>>>>>>>>>>>>>>>
