filename          : /ccs/home/aprokop/csc333_orion//3D_VisualSim_10M.arborx [max_pts = -1]
minpts            : 10
eps               : 200.000000
samples           : 1000000
Reading in "/ccs/home/aprokop/csc333_orion//3D_VisualSim_10M.arborx" in binary mode...done
Read in 10000000 3D points
Data sanity check:
p[0] = ( 14931 4079 47911 )
p[999999] = ( 90610 93811 753 )
::[DBSCANTime] DIM: 3
>testsplit**
>datafile*/ccs/home/aprokop/csc333_orion//3D_VisualSim_10M.arborx*
>rounds*1*
>eps*200*
>minpts*10*
>dim*3*
>roundsplit**
>serialalgo*parallel*
>ndalgo*nd*
>algo*exact*
>numprocs*112*
>assigngridtime*0.0462451*
>numgrids*245992*
>buildgetnbrkdt*0.0113459*
>markcoretime*0.0212691*
>numcore*999798*
>numpts*1000000*
clustercore bucketing
>clustercoretime*0.024298*
>assignbordertime*0.00156403*
>cleanuptime*0.00277209*
>totaltime*0.108418*
>roundsplit**
Verbalizing clusters ... 
>numpts*1000000*
>numcore*999798*
>numborder*108*
>numnoise*94*
>numclusterpts*999906*
>numcluster*11*
>>>>>>>>>>>>>>>>
Total points: 1000000
Core points: 999798
Border points: 108
Noise points: 94
Total clustered points: 999906
Num clusters: 11
clusterid-198807: 29560 points
clusterid-93895: 116062 points
clusterid-110195: 51232 points
clusterid-158823: 52190 points
clusterid-64755: 35423 points
clusterid-245991: 26317 points
clusterid-200970: 275776 points
clusterid-64637: 66541 points
clusterid-239689: 131306 points
clusterid-223088: 56353 points
clusterid-61541: 159146 points
>>>>>>>>>>>>>>>>
