filename          : /ccs/home/aprokop/csc333_orion//3D_VisualVar_10M.arborx [max_pts = -1]
minpts            : 10
eps               : 100.000000
samples           : 1000000
Reading in "/ccs/home/aprokop/csc333_orion//3D_VisualVar_10M.arborx" in binary mode...done
Read in 10000000 3D points
Data sanity check:
p[0] = ( 44313 10806 49069 )
p[999999] = ( 71978 52402 78668 )
::[DBSCANTime] DIM: 3
>testsplit**
>datafile*/ccs/home/aprokop/csc333_orion//3D_VisualVar_10M.arborx*
>rounds*1*
>eps*100*
>minpts*10*
>dim*3*
>roundsplit**
>serialalgo*parallel*
>ndalgo*nd*
>algo*exact*
>numprocs*112*
>assigngridtime*0.0894759*
>numgrids*987940*
>buildgetnbrkdt*0.037344*
>markcoretime*0.027097*
>numcore*5791*
>numpts*1000000*
clustercore bucketing
>clustercoretime*0.012506*
>assignbordertime*0.00308919*
>cleanuptime*0.0063858*
>totaltime*0.176778*
>roundsplit**
Verbalizing clusters ... 
>numpts*1000000*
>numcore*5791*
>numborder*7672*
>numnoise*986537*
>numclusterpts*13692*
>numcluster*492*
>>>>>>>>>>>>>>>>
Total points: 1000000
Core points: 5791
Border points: 7672
Noise points: 986537
Total clustered points: 13692
Num clusters: 492
clusterid-482156: 10 points
clusterid-510588: 10 points
clusterid-516836: 10 points
clusterid-514534: 16 points
clusterid-502125: 10 points
clusterid-500831: 28 points
clusterid-459708: 14 points
clusterid-429556: 15 points
clusterid-420702: 15 points
clusterid-417950: 28 points
clusterid-467290: 11 points
clusterid-496100: 10 points
clusterid-496157: 24 points
clusterid-497744: 10 points
clusterid-498466: 20 points
clusterid-499182: 27 points
clusterid-500660: 15 points
clusterid-503872: 24 points
clusterid-495151: 14 points
clusterid-496871: 25 points
 ... see output file for more details
>>>>>>>>>>>>>>>>
