filename          : /ccs/home/aprokop/csc333_orion//5D_VisualSim_10M.arborx [max_pts = -1]
minpts            : 10
eps               : 3000.000000
samples           : 1000000
Reading in "/ccs/home/aprokop/csc333_orion//5D_VisualSim_10M.arborx" in binary mode...done
Read in 10000000 5D points
Data sanity check:
p[0] = ( 73479 67155 50366 49924 25125 )
p[999999] = ( 97861 21835 89748 33390 87996 )
::[DBSCANTime] DIM: 5
>testsplit**
>datafile*/ccs/home/aprokop/csc333_orion//5D_VisualSim_10M.arborx*
>rounds*1*
>eps*3000*
>minpts*10*
>dim*5*
>roundsplit**
>serialalgo*parallel*
>ndalgo*nd*
>algo*exact*
>numprocs*112*
>assigngridtime*0.0375459*
>numgrids*11917*
>buildgetnbrkdt*0.00221491*
>markcoretime*0.00696301*
>numcore*999906*
>numpts*1000000*
clustercore bucketing
>clustercoretime*0.0144641*
>assignbordertime*0.000598907*
>cleanuptime*0.00117016*
>totaltime*0.063864*
>roundsplit**
Verbalizing clusters ... 
>numpts*1000000*
>numcore*999906*
>numborder*0*
>numnoise*94*
>numclusterpts*999906*
>numcluster*12*
>>>>>>>>>>>>>>>>
Total points: 1000000
Core points: 999906
Border points: 0
Noise points: 94
Total clustered points: 999906
Num clusters: 12
clusterid-7755: 56427 points
clusterid-6769: 216842 points
clusterid-10925: 48724 points
clusterid-11429: 26447 points
clusterid-11894: 62764 points
clusterid-1585: 5470 points
clusterid-5095: 215156 points
clusterid-11899: 35939 points
clusterid-949: 77463 points
clusterid-7293: 86228 points
clusterid-11909: 148798 points
clusterid-8201: 19648 points
>>>>>>>>>>>>>>>>
