filename          : /ccs/home/aprokop/csc333_orion//7D_VisualVar_10M.arborx [max_pts = -1]
minpts            : 10
eps               : 100.000000
samples           : 1000000
Reading in "/ccs/home/aprokop/csc333_orion//7D_VisualVar_10M.arborx" in binary mode...done
Read in 10000000 7D points
Data sanity check:
p[0] = ( 76275 13201 51959 92618 40856 41672 13625 )
p[999999] = ( 12899 45565 95945 25240 90783 79532 42875 )
::[DBSCANTime] DIM: 7
>testsplit**
>datafile*/ccs/home/aprokop/csc333_orion//7D_VisualVar_10M.arborx*
>rounds*1*
>eps*100*
>minpts*10*
>dim*7*
>roundsplit**
>serialalgo*parallel*
>ndalgo*nd*
>algo*exact*
>numprocs*112*
>assigngridtime*0.0489151*
>numgrids*999900*
>buildgetnbrkdt*0.0452268*
>markcoretime*0.0315301*
>numcore*1252*
>numpts*1000000*
clustercore bucketing
>clustercoretime*0.0122828*
>assignbordertime*0.00292897*
>cleanuptime*0.00726008*
>totaltime*0.149152*
>roundsplit**
Verbalizing clusters ... 
>numpts*1000000*
>numcore*1252*
>numborder*11210*
>numnoise*987538*
>numclusterpts*12462*
>numcluster*992*
>>>>>>>>>>>>>>>>
Total points: 1000000
Core points: 1252
Border points: 11210
Noise points: 987538
Total clustered points: 12462
Num clusters: 992
clusterid-967264: 13 points
clusterid-954478: 11 points
clusterid-946256: 10 points
clusterid-958092: 12 points
clusterid-956249: 12 points
clusterid-949794: 12 points
clusterid-954459: 16 points
clusterid-939809: 10 points
clusterid-947769: 16 points
clusterid-939768: 13 points
clusterid-943919: 10 points
clusterid-947802: 10 points
clusterid-947838: 11 points
clusterid-935026: 10 points
clusterid-944754: 10 points
clusterid-936086: 10 points
clusterid-922921: 11 points
clusterid-927909: 10 points
clusterid-913320: 15 points
clusterid-908436: 13 points
 ... see output file for more details
>>>>>>>>>>>>>>>>
