ArborX version    : 1.4 (dev)
ArborX hash       : No hash available
Kokkos version    : 4.0.99
algorithm         : dbscan
eps               : 1.000000
cluster min size  : 1
implementation    : fdbscan
verify            : false
minpts            : 10
filename          : /datasets/ngsim.arborx [binary, max_pts = -1]
samples           : -1
verbose           : true
Reading in "/datasets/ngsim.arborx" in binary mode...done
Read in 11850526 2D points
Data sanity check:
p[0] = ( 6.4512e+06 1.87325e+06 )
p[11850525] = ( 6.04282e+06 2.13377e+06 )
CUDA occupancy: 80
-- construction     :      0.011
-- query+cluster    :      0.370
---- neigh          :      0.028
---- query          :      0.335
-- postprocess      :      0.016
total time          :      0.398

#clusters       : 1424
#cluster points : 11712956 [98.84%]
#noise   points : 137570 [1.16%]
