ArborX version    : 1.4 (dev)
ArborX hash       : No hash available
Kokkos version    : 4.0.99
algorithm         : dbscan
eps               : 1000.000000
cluster min size  : 1
implementation    : fdbscan
verify            : false
minpts            : 10
filename          : /datasets/2D_VisualSim_10M.arborx [binary, max_pts = -1]
samples           : -1
verbose           : true
Reading in "/datasets/2D_VisualSim_10M.arborx" in binary mode...done
Read in 10000000 2D points
Data sanity check:
p[0] = ( 13987 14855 )
p[9999999] = ( 77329 82875 )
CUDA occupancy: 80
-- construction     :      0.007
-- query+cluster    :     28.277
---- neigh          :      0.023
---- query          :     28.244
-- postprocess      :      0.022
total time          :     28.307

#clusters       : 9
#cluster points : 9999087 [99.99%]
#noise   points : 913 [0.01%]
