ArborX version    : 1.4 (dev)
ArborX hash       : No hash available
Kokkos version    : 4.0.99
algorithm         : dbscan
eps               : 1000.000000
cluster min size  : 1
implementation    : fdbscan-densebox
verify            : false
minpts            : 10
filename          : /datasets/2D_VisualVar_10M.arborx [binary, max_pts = -1]
samples           : -1
verbose           : true
Reading in "/datasets/2D_VisualVar_10M.arborx" in binary mode...done
Read in 10000000 2D points
Data sanity check:
p[0] = ( 71641 39020 )
p[9999999] = ( 53490 24092 )
h = 7.071068e+02, n = [142, 142]
#nonempty cells     :       5417
#dense cells        :       4504 [83.15%]
#dense cell points  :    9998538 [99.99%]
#mixed primitives   :       5966
-- dense cells      :      0.023
-- construction     :      0.000
-- query+cluster    :      0.040
---- neigh          :      0.005
---- query          :      0.025
-- postprocess      :      0.022
total time          :      0.086

#clusters       : 1
#cluster points : 9999271 [99.99%]
#noise   points : 729 [0.01%]
