ArborX version    : 1.4 (dev)
ArborX hash       : No hash available
Kokkos version    : 4.0.99
algorithm         : dbscan
eps               : 1000.000000
cluster min size  : 1
implementation    : fdbscan-densebox
verify            : false
minpts            : 10
filename          : /datasets/2D_VisualSim_10M.arborx [binary, max_pts = -1]
samples           : -1
verbose           : true
Reading in "/datasets/2D_VisualSim_10M.arborx" in binary mode...done
Read in 10000000 2D points
Data sanity check:
p[0] = ( 13987 14855 )
p[9999999] = ( 77329 82875 )
h = 7.071068e+02, n = [142, 142]
#nonempty cells     :       2150
#dense cells        :       1212 [56.37%]
#dense cell points  :    9998975 [99.99%]
#mixed primitives   :       2237
-- dense cells      :      0.041
-- construction     :      0.000
-- query+cluster    :      0.044
---- neigh          :      0.008
---- query          :      0.026
-- postprocess      :      0.021
total time          :      0.107

#clusters       : 9
#cluster points : 9999087 [99.99%]
#noise   points : 913 [0.01%]
