ArborX version    : 1.4 (dev)
ArborX hash       : No hash available
Kokkos version    : 4.0.99
algorithm         : dbscan
eps               : 1000.000000
cluster min size  : 1
implementation    : fdbscan
verify            : false
minpts            : 10
filename          : /datasets/3D_VisualSim_10M.arborx [binary, max_pts = -1]
samples           : -1
verbose           : true
Reading in "/datasets/3D_VisualSim_10M.arborx" in binary mode...done
Read in 10000000 3D points
Data sanity check:
p[0] = ( 14949 4115 47855 )
p[9999999] = ( 41460 22871 96044 )
CUDA occupancy: 80
-- construction     :      0.008
-- query+cluster    :      8.905
---- neigh          :      0.020
---- query          :      8.875
-- postprocess      :      0.022
total time          :      8.935

#clusters       : 11
#cluster points : 9999007 [99.99%]
#noise   points : 993 [0.01%]
