ArborX version    : 1.4 (dev)
ArborX hash       : No hash available
Kokkos version    : 4.0.99
algorithm         : dbscan
eps               : 1000.000000
cluster min size  : 1
implementation    : fdbscan-densebox
verify            : false
minpts            : 10
filename          : /datasets/5D_VisualSim_10M.arborx [binary, max_pts = -1]
samples           : -1
verbose           : true
Reading in "/datasets/5D_VisualSim_10M.arborx" in binary mode...done
Read in 10000000 5D points
Data sanity check:
p[0] = ( 73482 67130 50421 49964 25076 )
p[9999999] = ( 59807 24938 72327 40583 2828 )
h = 4.472136e+02, n = [224, 224, 224, 224, 224]
#nonempty cells     :     132226
#dense cells        :      89783 [67.90%]
#dense cell points  :    9847216 [98.47%]
#mixed primitives   :     242567
-- dense cells      :      0.013
-- construction     :      0.003
-- query+cluster    :      0.159
---- neigh          :      0.013
---- query          :      0.135
-- postprocess      :      0.021
total time          :      0.196

#clusters       : 12
#cluster points : 9999000 [99.99%]
#noise   points : 1000 [0.01%]
