ArborX version    : 1.4 (dev)
ArborX hash       : No hash available
Kokkos version    : 4.0.99
algorithm         : dbscan
eps               : 1000.000000
cluster min size  : 1
implementation    : fdbscan-densebox
verify            : false
minpts            : 10
filename          : /datasets/2D_VisualSim_10M.arborx [binary, max_pts = -1]
samples           : 8388608
verbose           : true
Reading in "/datasets/2D_VisualSim_10M.arborx" in binary mode...done
Read in 10000000 2D points
Data sanity check:
p[0] = ( 13987 14855 )
p[8388607] = ( 77329 82875 )
h = 7.071068e+02, n = [142, 142]
#nonempty cells     :       2011
#dense cells        :       1208 [60.07%]
#dense cell points  :    8387702 [99.99%]
#mixed primitives   :       2114
-- dense cells      :      0.036
-- construction     :      0.000
-- query+cluster    :      0.041
---- neigh          :      0.007
---- query          :      0.026
-- postprocess      :      0.017
total time          :      0.096

#clusters       : 9
#cluster points : 8387833 [99.99%]
#noise   points : 775 [0.01%]
