ArborX version    : 1.4 (dev)
ArborX hash       : No hash available
Kokkos version    : 4.0.99
algorithm         : dbscan
eps               : 1000.000000
cluster min size  : 1
implementation    : fdbscan
verify            : false
minpts            : 10
filename          : /datasets/3D_VisualVar_10M.arborx [binary, max_pts = -1]
samples           : 2097152
verbose           : true
Reading in "/datasets/3D_VisualVar_10M.arborx" in binary mode...done
Read in 10000000 3D points
Data sanity check:
p[0] = ( 44313 10806 49069 )
p[2097151] = ( 71978 52402 78668 )
CUDA occupancy: 80
-- construction     :      0.004
-- query+cluster    :      0.073
---- neigh          :      0.009
---- query          :      0.060
-- postprocess      :      0.011
total time          :      0.088

#clusters       : 3
#cluster points : 2096964 [99.99%]
#noise   points : 188 [0.01%]
