ArborX version    : 1.4 (dev)
ArborX hash       : No hash available
Kokkos version    : 4.0.99
algorithm         : dbscan
eps               : 1000.000000
cluster min size  : 1
implementation    : fdbscan
verify            : false
minpts            : 10
filename          : /datasets/5D_VisualVar_10M.arborx [binary, max_pts = -1]
samples           : 32768
verbose           : true
Reading in "/datasets/5D_VisualVar_10M.arborx" in binary mode...done
Read in 10000000 5D points
Data sanity check:
p[0] = ( 11030 86614 4421 79792 26001 )
p[32767] = ( 86963 45405 39830 11515 33320 )
CUDA occupancy: 80
-- construction     :      0.001
-- query+cluster    :      0.001
---- neigh          :      0.001
---- query          :      0.001
-- postprocess      :      0.002
total time          :      0.004

#clusters       : 134
#cluster points : 8440 [25.76%]
#noise   points : 24328 [74.24%]
