ArborX version    : 1.4 (dev)
ArborX hash       : No hash available
Kokkos version    : 4.0.99
algorithm         : dbscan
eps               : 1000.000000
cluster min size  : 1
implementation    : fdbscan
verify            : false
minpts            : 10
filename          : /datasets/5D_VisualVar_10M.arborx [binary, max_pts = -1]
samples           : 2097152
verbose           : true
Reading in "/datasets/5D_VisualVar_10M.arborx" in binary mode...done
Read in 10000000 5D points
Data sanity check:
p[0] = ( 11011 86614 4438 79761 25983 )
p[2097151] = ( 13367 57452 92018 45731 43925 )
CUDA occupancy: 80
-- construction     :      0.005
-- query+cluster    :      0.095
---- neigh          :      0.008
---- query          :      0.084
-- postprocess      :      0.008
total time          :      0.108

#clusters       : 23393
#cluster points : 2050679 [97.78%]
#noise   points : 46473 [2.22%]
