ArborX version    : 1.4 (dev)
ArborX hash       : No hash available
Kokkos version    : 4.0.99
algorithm         : dbscan
eps               : 1000.000000
cluster min size  : 1
implementation    : fdbscan
verify            : false
minpts            : 10
filename          : /datasets/3D_VisualVar_10M.arborx [binary, max_pts = -1]
samples           : 524288
verbose           : true
Reading in "/datasets/3D_VisualVar_10M.arborx" in binary mode...done
Read in 10000000 3D points
Data sanity check:
p[0] = ( 44304 10790 49140 )
p[524287] = ( 71978 52402 78668 )
CUDA occupancy: 80
-- construction     :      0.002
-- query+cluster    :      0.013
---- neigh          :      0.003
---- query          :      0.008
-- postprocess      :      0.004
total time          :      0.020

#clusters       : 659
#cluster points : 510486 [97.37%]
#noise   points : 13802 [2.63%]
