ArborX version    : 1.4 (dev)
ArborX hash       : No hash available
Kokkos version    : 4.0.99
algorithm         : dbscan
eps               : 1000.000000
cluster min size  : 1
implementation    : fdbscan
verify            : false
minpts            : 10
filename          : /datasets/7D_VisualSim_10M.arborx [binary, max_pts = -1]
samples           : 2097152
verbose           : true
Reading in "/datasets/7D_VisualSim_10M.arborx" in binary mode...done
Read in 10000000 7D points
Data sanity check:
p[0] = ( 90911 82560 67735 64071 96947 49339 63892 )
p[2097151] = ( 1563 77429 66495 85393 86570 76854 57774 )
CUDA occupancy: 80
-- construction     :      0.005
-- query+cluster    :      0.148
---- neigh          :      0.009
---- query          :      0.137
-- postprocess      :      0.009
total time          :      0.162

#clusters       : 12
#cluster points : 2096947 [99.99%]
#noise   points : 205 [0.01%]
