ArborX version    : 1.4 (dev)
ArborX hash       : No hash available
Kokkos version    : 4.0.99
algorithm         : dbscan
eps               : 1000.000000
cluster min size  : 1
implementation    : fdbscan-densebox
verify            : false
minpts            : 10
filename          : /datasets/3D_VisualSim_10M.arborx [binary, max_pts = -1]
samples           : 131072
verbose           : true
Reading in "/datasets/3D_VisualSim_10M.arborx" in binary mode...done
Read in 10000000 3D points
Data sanity check:
p[0] = ( 15002 4198 47866 )
p[131071] = ( 80686 37481 50850 )
h = 5.773503e+02, n = [170, 174, 174]
#nonempty cells     :       8365
#dense cells        :       4226 [50.52%]
#dense cell points  :     114954 [87.70%]
#mixed primitives   :      20344
-- dense cells      :      0.004
-- construction     :      0.001
-- query+cluster    :      0.004
---- neigh          :      0.001
---- query          :      0.003
-- postprocess      :      0.001
total time          :      0.009

#clusters       : 11
#cluster points : 131060 [99.99%]
#noise   points : 12 [0.01%]
