ArborX version    : 1.4 (dev)
ArborX hash       : No hash available
Kokkos version    : 4.0.99
algorithm         : dbscan
eps               : 1000.000000
cluster min size  : 1
implementation    : fdbscan-densebox
verify            : false
minpts            : 10
filename          : /datasets/7D_VisualVar_10M.arborx [binary, max_pts = -1]
samples           : 2097152
verbose           : true
Reading in "/datasets/7D_VisualVar_10M.arborx" in binary mode...done
Read in 10000000 7D points
Data sanity check:
p[0] = ( 76275 13201 51959 92618 40856 41672 13625 )
p[2097151] = ( 12899 45565 95945 25240 90783 79532 42875 )
h = 3.779645e+02, n = [265, 265, 265, 265, 265, 265, 265]
#nonempty cells     :    1563382
#dense cells        :      13459 [0.86%]
#dense cell points  :     215856 [10.29%]
#mixed primitives   :    1894755
-- dense cells      :      0.010
-- construction     :      0.005
-- query+cluster    :      0.059
---- neigh          :      0.010
---- query          :      0.046
-- postprocess      :      0.005
total time          :      0.080

#clusters       : 58675
#cluster points : 2096090 [99.95%]
#noise   points : 1062 [0.05%]
