ArborX version    : 1.4 (dev)
ArborX hash       : No hash available
Kokkos version    : 4.0.99
algorithm         : dbscan
eps               : 1000.000000
cluster min size  : 1
implementation    : fdbscan
verify            : false
minpts            : 10
filename          : /datasets/5D_VisualSim_10M.arborx [binary, max_pts = -1]
samples           : 524288
verbose           : true
Reading in "/datasets/5D_VisualSim_10M.arborx" in binary mode...done
Read in 10000000 5D points
Data sanity check:
p[0] = ( 73577 67150 50414 49956 25069 )
p[524287] = ( 97861 21835 89748 33390 87996 )
CUDA occupancy: 80
-- construction     :      0.002
-- query+cluster    :      0.021
---- neigh          :      0.002
---- query          :      0.017
-- postprocess      :      0.004
total time          :      0.027

#clusters       : 12
#cluster points : 524242 [99.99%]
#noise   points : 46 [0.01%]
