ArborX version    : 1.4 (dev)
ArborX hash       : No hash available
Kokkos version    : 4.0.99
algorithm         : dbscan
eps               : 1000.000000
cluster min size  : 1
implementation    : fdbscan-densebox
verify            : false
minpts            : 10
filename          : /datasets/7D_VisualSim_10M.arborx [binary, max_pts = -1]
samples           : 8388608
verbose           : true
Reading in "/datasets/7D_VisualSim_10M.arborx" in binary mode...done
Read in 10000000 7D points
Data sanity check:
p[0] = ( 90929 82594 67702 64058 97005 49299 63910 )
p[8388607] = ( 51534 30391 49613 81844 16331 55725 96117 )
h = 3.779645e+02, n = [265, 265, 265, 265, 265, 265, 265]
#nonempty cells     :     432191
#dense cells        :     194739 [45.06%]
#dense cell points  :    7600936 [90.61%]
#mixed primitives   :     982411
-- dense cells      :      0.011
-- construction     :      0.003
-- query+cluster    :      0.323
---- neigh          :      0.013
---- query          :      0.302
-- postprocess      :      0.017
total time          :      0.355

#clusters       : 12
#cluster points : 8387765 [99.99%]
#noise   points : 843 [0.01%]
