ArborX version    : 1.4 (dev)
ArborX hash       : No hash available
Kokkos version    : 4.0.99
algorithm         : dbscan
eps               : 1000.000000
cluster min size  : 1
implementation    : fdbscan-densebox
verify            : false
minpts            : 10
filename          : /datasets/2D_VisualSim_10M.arborx [binary, max_pts = -1]
samples           : 2097152
verbose           : true
Reading in "/datasets/2D_VisualSim_10M.arborx" in binary mode...done
Read in 10000000 2D points
Data sanity check:
p[0] = ( 13898 14829 )
p[2097151] = ( 79552 21606 )
h = 7.071068e+02, n = [141, 142]
#nonempty cells     :       1414
#dense cells        :       1166 [82.46%]
#dense cell points  :    2096729 [99.98%]
#mixed primitives   :       1589
-- dense cells      :      0.012
-- construction     :      0.000
-- query+cluster    :      0.011
---- neigh          :      0.002
---- query          :      0.007
-- postprocess      :      0.005
total time          :      0.029

#clusters       : 9
#cluster points : 2096959 [99.99%]
#noise   points : 193 [0.01%]
