ArborX version    : 1.4 (dev)
ArborX hash       : No hash available
Kokkos version    : 4.0.99
algorithm         : dbscan
eps               : 1000.000000
cluster min size  : 1
implementation    : fdbscan-densebox
verify            : false
minpts            : 10
filename          : /datasets/3D_VisualVar_10M.arborx [binary, max_pts = -1]
samples           : 2097152
verbose           : true
Reading in "/datasets/3D_VisualVar_10M.arborx" in binary mode...done
Read in 10000000 3D points
Data sanity check:
p[0] = ( 44313 10806 49069 )
p[2097151] = ( 71978 52402 78668 )
h = 5.773503e+02, n = [174, 174, 174]
#nonempty cells     :     465175
#dense cells        :      37076 [7.97%]
#dense cell points  :     814621 [38.84%]
#mixed primitives   :    1319607
-- dense cells      :      0.008
-- construction     :      0.003
-- query+cluster    :      0.040
---- neigh          :      0.006
---- query          :      0.030
-- postprocess      :      0.008
total time          :      0.059

#clusters       : 3
#cluster points : 2096964 [99.99%]
#noise   points : 188 [0.01%]
