ArborX version    : 1.4 (dev)
ArborX hash       : No hash available
Kokkos version    : 4.0.99
algorithm         : dbscan
eps               : 1000.000000
cluster min size  : 1
implementation    : fdbscan-densebox
verify            : false
minpts            : 10
filename          : /datasets/2D_VisualVar_10M.arborx [binary, max_pts = -1]
samples           : 131072
verbose           : true
Reading in "/datasets/2D_VisualVar_10M.arborx" in binary mode...done
Read in 10000000 2D points
Data sanity check:
p[0] = ( 71712 39034 )
p[131071] = ( 43493 90444 )
h = 7.071068e+02, n = [139, 139]
#nonempty cells     :       4111
#dense cells        :       2595 [63.12%]
#dense cell points  :     124541 [95.02%]
#mixed primitives   :       9126
-- dense cells      :      0.004
-- construction     :      0.000
-- query+cluster    :      0.003
---- neigh          :      0.001
---- query          :      0.001
-- postprocess      :      0.001
total time          :      0.008

#clusters       : 3
#cluster points : 131055 [99.99%]
#noise   points : 17 [0.01%]
