ArborX version    : 1.4 (dev)
ArborX hash       : No hash available
Kokkos version    : 4.0.99
algorithm         : dbscan
eps               : 1000.000000
cluster min size  : 1
implementation    : fdbscan-densebox
verify            : false
minpts            : 10
filename          : /datasets/5D_VisualSim_10M.arborx [binary, max_pts = -1]
samples           : 8192
verbose           : true
Reading in "/datasets/5D_VisualSim_10M.arborx" in binary mode...done
Read in 10000000 5D points
Data sanity check:
p[0] = ( 73263 67327 49518 50609 25083 )
p[8191] = ( 58702 45173 69477 74158 6929 )
h = 4.472136e+02, n = [205, 175, 218, 224, 224]
#nonempty cells     :       7434
#dense cells        :          0 [0.00%]
#dense cell points  :          0 [0.00%]
#mixed primitives   :       8192
-- dense cells      :      0.003
-- construction     :      0.001
-- query+cluster    :      0.001
---- neigh          :      0.000
---- query          :      0.001
-- postprocess      :      0.000
total time          :      0.005

#clusters       : 135
#cluster points : 2035 [24.84%]
#noise   points : 6157 [75.16%]
