ArborX version    : 1.4 (dev)
ArborX hash       : No hash available
Kokkos version    : 4.0.99
algorithm         : dbscan
eps               : 1000.000000
cluster min size  : 1
implementation    : fdbscan-densebox
verify            : false
minpts            : 10
filename          : /datasets/3D_VisualSim_10M.arborx [binary, max_pts = -1]
samples           : 32768
verbose           : true
Reading in "/datasets/3D_VisualSim_10M.arborx" in binary mode...done
Read in 10000000 3D points
Data sanity check:
p[0] = ( 15002 4198 47866 )
p[32767] = ( 80686 37481 50850 )
h = 5.773503e+02, n = [170, 174, 174]
#nonempty cells     :       6604
#dense cells        :        921 [13.95%]
#dense cell points  :      13263 [40.48%]
#mixed primitives   :      20426
-- dense cells      :      0.003
-- construction     :      0.001
-- query+cluster    :      0.003
---- neigh          :      0.001
---- query          :      0.002
-- postprocess      :      0.000
total time          :      0.008

#clusters       : 11
#cluster points : 32763 [99.98%]
#noise   points : 5 [0.02%]
