ArborX version    : 1.4 (dev)
ArborX hash       : No hash available
Kokkos version    : 4.0.99
algorithm         : dbscan
eps               : 1000.000000
cluster min size  : 1
implementation    : fdbscan-densebox
verify            : false
minpts            : 10
filename          : /datasets/2D_VisualVar_10M.arborx [binary, max_pts = -1]
samples           : 32768
verbose           : true
Reading in "/datasets/2D_VisualVar_10M.arborx" in binary mode...done
Read in 10000000 2D points
Data sanity check:
p[0] = ( 71712 39034 )
p[32767] = ( 43493 90444 )
h = 7.071068e+02, n = [126, 139]
#nonempty cells     :       3556
#dense cells        :       1141 [32.09%]
#dense cell points  :      24194 [73.83%]
#mixed primitives   :       9715
-- dense cells      :      0.003
-- construction     :      0.000
-- query+cluster    :      0.002
---- neigh          :      0.001
---- query          :      0.001
-- postprocess      :      0.001
total time          :      0.006

#clusters       : 24
#cluster points : 32602 [99.49%]
#noise   points : 166 [0.51%]
