ArborX version    : 1.4 (dev)
ArborX hash       : No hash available
Kokkos version    : 4.0.99
algorithm         : dbscan
eps               : 1000.000000
cluster min size  : 1
implementation    : fdbscan-densebox
verify            : false
minpts            : 10
filename          : /datasets/2D_VisualSim_10M.arborx [binary, max_pts = -1]
samples           : 8192
verbose           : true
Reading in "/datasets/2D_VisualSim_10M.arborx" in binary mode...done
Read in 10000000 2D points
Data sanity check:
p[0] = ( 13118 14549 )
p[8191] = ( 61698 60417 )
h = 7.071068e+02, n = [127, 135]
#nonempty cells     :        969
#dense cells        :        296 [30.55%]
#dense cell points  :       5344 [65.23%]
#mixed primitives   :       3144
-- dense cells      :      0.003
-- construction     :      0.000
-- query+cluster    :      0.001
---- neigh          :      0.000
---- query          :      0.000
-- postprocess      :      0.000
total time          :      0.004

#clusters       : 12
#cluster points : 8190 [99.98%]
#noise   points : 2 [0.02%]
