ArborX version    : 1.4 (dev)
ArborX hash       : No hash available
Kokkos version    : 4.0.99
algorithm         : dbscan
eps               : 1000.000000
cluster min size  : 1
implementation    : fdbscan
verify            : false
minpts            : 10
filename          : /datasets/2D_VisualVar_10M.arborx [binary, max_pts = -1]
samples           : 131072
verbose           : true
Reading in "/datasets/2D_VisualVar_10M.arborx" in binary mode...done
Read in 10000000 2D points
Data sanity check:
p[0] = ( 71712 39034 )
p[131071] = ( 43493 90444 )
CUDA occupancy: 80
-- construction     :      0.001
-- query+cluster    :      0.009
---- neigh          :      0.001
---- query          :      0.008
-- postprocess      :      0.003
total time          :      0.013

#clusters       : 3
#cluster points : 131055 [99.99%]
#noise   points : 17 [0.01%]
