filename          : /datasets/ngsim.arborx [max_pts = -1]
minpts            : 10
eps               : 1.000000
samples           : 32768
Reading in "/datasets/ngsim.arborx" in binary mode...done
Read in 11850526 2D points
#samples = 32768
Data sanity check:
p[0] = ( 6.45189e+06 1.87263e+06 )
p[32767] = ( 6.04281e+06 2.13359e+06 )
Total edges are 62428
numPoints: 32768
Init Memory 419.000000, Memory consumed 421.000000
------PERFORMANCE REPORT------
eps	minpts	pts	cluster		n_threads	n_blocks	preproc.	proc.	kernel	total	memory
1	10	32768	5		512		65		722.778		16.69	0 	739.472	2
-------------------------------------------

32723 nodes with ID: 0
15 nodes with ID: 1
10 nodes with ID: 2
10 nodes with ID: 3
10 nodes with ID: 4
0 nodes with ID: 5
0 nodes with ID: 6
0 nodes with ID: 7
0 nodes with ID: 8
0 nodes with ID: 9
0 nodes with ID: 10
0 nodes with ID: 11
0 nodes with ID: 12
0 nodes with ID: 13
0 nodes with ID: 14
0 nodes with ID: 15
0 nodes with ID: 16
0 nodes with ID: 17
0 nodes with ID: 18
0 nodes with ID: 19
0 nodes with ID: 20
0 nodes with ID: 21
0 nodes with ID: 22
0 nodes with ID: 23
0 nodes with ID: 24
0 nodes with ID: 25
