ArborX version    : 1.4 (dev)
ArborX hash       : No hash available
Kokkos version    : 4.0.99
algorithm         : dbscan
eps               : 1000.000000
cluster min size  : 1
implementation    : fdbscan
verify            : false
minpts            : 10
filename          : /datasets/7D_VisualSim_10M.arborx [binary, max_pts = -1]
samples           : 131072
verbose           : true
Reading in "/datasets/7D_VisualSim_10M.arborx" in binary mode...done
Read in 10000000 7D points
Data sanity check:
p[0] = ( 90891 82598 67712 64036 97025 49319 63832 )
p[131071] = ( 99892 82874 80281 71250 3828 1926 61947 )
CUDA occupancy: 80
-- construction     :      0.002
-- query+cluster    :      0.003
---- neigh          :      0.001
---- query          :      0.001
-- postprocess      :      0.003
total time          :      0.008

#clusters       : 74
#cluster points : 131045 [99.98%]
#noise   points : 27 [0.02%]
