ArborX version    : 1.4 (dev)
ArborX hash       : No hash available
Kokkos version    : 4.0.99
algorithm         : dbscan
eps               : 0.005000
cluster min size  : 1
implementation    : fdbscan
verify            : false
minpts            : 10
filename          : /datasets/PortoTaxi.arborx [binary, max_pts = -1]
samples           : 8192
verbose           : true
Reading in "/datasets/PortoTaxi.arborx" in binary mode...done
Read in 81712629 2D points
Data sanity check:
p[0] = ( -8.66871 41.2386 )
p[8191] = ( -8.59619 41.1463 )
CUDA occupancy: 80
-- construction     :      0.001
-- query+cluster    :      0.002
---- neigh          :      0.001
---- query          :      0.002
-- postprocess      :      0.002
total time          :      0.005

#clusters       : 4
#cluster points : 7674 [93.68%]
#noise   points : 518 [6.32%]
