ArborX version    : 1.4 (dev)
ArborX hash       : No hash available
Kokkos version    : 4.0.99
algorithm         : dbscan
eps               : 1000.000000
cluster min size  : 1
implementation    : fdbscan
verify            : false
minpts            : 10
filename          : /datasets/2D_VisualSim_10M.arborx [binary, max_pts = -1]
samples           : 524288
verbose           : true
Reading in "/datasets/2D_VisualSim_10M.arborx" in binary mode...done
Read in 10000000 2D points
Data sanity check:
p[0] = ( 13956 14804 )
p[524287] = ( 79552 21606 )
CUDA occupancy: 80
-- construction     :      0.001
-- query+cluster    :      0.102
---- neigh          :      0.002
---- query          :      0.099
-- postprocess      :      0.003
total time          :      0.107

#clusters       : 9
#cluster points : 524243 [99.99%]
#noise   points : 45 [0.01%]
