ArborX version    : 1.4 (dev)
ArborX hash       : No hash available
Kokkos version    : 4.0.99
algorithm         : dbscan
eps               : 1000.000000
cluster min size  : 1
implementation    : fdbscan
verify            : false
minpts            : 10
filename          : /datasets/2D_VisualSim_10M.arborx [binary, max_pts = -1]
samples           : 8388608
verbose           : true
Reading in "/datasets/2D_VisualSim_10M.arborx" in binary mode...done
Read in 10000000 2D points
Data sanity check:
p[0] = ( 13987 14855 )
p[8388607] = ( 77329 82875 )
CUDA occupancy: 80
-- construction     :      0.006
-- query+cluster    :     20.057
---- neigh          :      0.020
---- query          :     20.028
-- postprocess      :      0.020
total time          :     20.083

#clusters       : 9
#cluster points : 8387833 [99.99%]
#noise   points : 775 [0.01%]
