ArborX version    : 1.4 (dev)
ArborX hash       : No hash available
Kokkos version    : 4.0.99
algorithm         : dbscan
eps               : 1000.000000
cluster min size  : 1
implementation    : fdbscan-densebox
verify            : false
minpts            : 10
filename          : /datasets/3D_VisualSim_10M.arborx [binary, max_pts = -1]
samples           : 2097152
verbose           : true
Reading in "/datasets/3D_VisualSim_10M.arborx" in binary mode...done
Read in 10000000 3D points
Data sanity check:
p[0] = ( 14931 4079 47911 )
p[2097151] = ( 90610 93811 753 )
h = 5.773503e+02, n = [171, 174, 174]
#nonempty cells     :      10291
#dense cells        :       8484 [82.44%]
#dense cell points  :    2090726 [99.69%]
#mixed primitives   :      14910
-- dense cells      :      0.007
-- construction     :      0.000
-- query+cluster    :      0.013
---- neigh          :      0.003
---- query          :      0.007
-- postprocess      :      0.005
total time          :      0.025

#clusters       : 11
#cluster points : 2096949 [99.99%]
#noise   points : 203 [0.01%]
