ArborX version    : 1.4 (dev)
ArborX hash       : No hash available
Kokkos version    : 4.0.99
algorithm         : dbscan
eps               : 1000.000000
cluster min size  : 1
implementation    : fdbscan-densebox
verify            : false
minpts            : 10
filename          : /datasets/2D_VisualVar_10M.arborx [binary, max_pts = -1]
samples           : 2097152
verbose           : true
Reading in "/datasets/2D_VisualVar_10M.arborx" in binary mode...done
Read in 10000000 2D points
Data sanity check:
p[0] = ( 71629 39088 )
p[2097151] = ( 80990 37813 )
h = 7.071068e+02, n = [141, 142]
#nonempty cells     :       4722
#dense cells        :       4201 [88.97%]
#dense cell points  :    2095518 [99.92%]
#mixed primitives   :       5835
-- dense cells      :      0.009
-- construction     :      0.000
-- query+cluster    :      0.010
---- neigh          :      0.002
---- query          :      0.005
-- postprocess      :      0.005
total time          :      0.025

#clusters       : 1
#cluster points : 2096999 [99.99%]
#noise   points : 153 [0.01%]
