ArborX version    : 1.4 (dev)
ArborX hash       : No hash available
Kokkos version    : 4.0.99
algorithm         : dbscan
eps               : 1.000000
cluster min size  : 1
implementation    : fdbscan
verify            : false
minpts            : 10
filename          : /datasets/ngsim.arborx [binary, max_pts = -1]
samples           : 131072
verbose           : true
Reading in "/datasets/ngsim.arborx" in binary mode...done
Read in 11850526 2D points
Data sanity check:
p[0] = ( 6.45249e+06 1.87208e+06 )
p[131071] = ( 6.0428e+06 2.13355e+06 )
CUDA occupancy: 80
-- construction     :      0.001
-- query+cluster    :      0.002
---- neigh          :      0.001
---- query          :      0.000
-- postprocess      :      0.002
total time          :      0.005

#clusters       : 1440
#cluster points : 21962 [16.76%]
#noise   points : 109110 [83.24%]
