ArborX version    : 1.4 (dev)
ArborX hash       : No hash available
Kokkos version    : 4.0.99
algorithm         : dbscan
eps               : 1000.000000
cluster min size  : 1
implementation    : fdbscan
verify            : false
minpts            : 10
filename          : /datasets/3D_VisualSim_10M.arborx [binary, max_pts = -1]
samples           : 8388608
verbose           : true
Reading in "/datasets/3D_VisualSim_10M.arborx" in binary mode...done
Read in 10000000 3D points
Data sanity check:
p[0] = ( 14949 4115 47855 )
p[8388607] = ( 41460 22871 96044 )
CUDA occupancy: 80
-- construction     :      0.008
-- query+cluster    :      6.335
---- neigh          :      0.022
---- query          :      6.304
-- postprocess      :      0.020
total time          :      6.363

#clusters       : 11
#cluster points : 8387770 [99.99%]
#noise   points : 838 [0.01%]
