ArborX version    : 1.4 (dev)
ArborX hash       : No hash available
Kokkos version    : 4.0.99
algorithm         : dbscan
eps               : 0.005000
cluster min size  : 1
implementation    : fdbscan
verify            : false
minpts            : 10
filename          : /datasets/PortoTaxi.arborx [binary, max_pts = -1]
samples           : 524288
verbose           : true
Reading in "/datasets/PortoTaxi.arborx" in binary mode...done
Read in 81712629 2D points
Data sanity check:
p[0] = ( -8.64594 41.1484 )
p[524287] = ( -8.62089 41.1499 )
CUDA occupancy: 80
-- construction     :      0.002
-- query+cluster    :      0.391
---- neigh          :      0.002
---- query          :      0.389
-- postprocess      :      0.004
total time          :      0.397

#clusters       : 52
#cluster points : 521401 [99.45%]
#noise   points : 2887 [0.55%]
