ArborX version    : 1.4 (dev)
ArborX hash       : No hash available
Kokkos version    : 4.0.99
algorithm         : dbscan
eps               : 1000.000000
cluster min size  : 1
implementation    : fdbscan
verify            : false
minpts            : 10
filename          : /datasets/5D_VisualSim_10M.arborx [binary, max_pts = -1]
samples           : 8388608
verbose           : true
Reading in "/datasets/5D_VisualSim_10M.arborx" in binary mode...done
Read in 10000000 5D points
Data sanity check:
p[0] = ( 73482 67130 50421 49964 25076 )
p[8388607] = ( 59807 24938 72327 40583 2828 )
CUDA occupancy: 80
-- construction     :      0.009
-- query+cluster    :      2.089
---- neigh          :      0.018
---- query          :      2.062
-- postprocess      :      0.020
total time          :      2.119

#clusters       : 12
#cluster points : 8387765 [99.99%]
#noise   points : 843 [0.01%]
