ArborX version    : 1.4 (dev)
ArborX hash       : No hash available
Kokkos version    : 4.0.99
algorithm         : dbscan
eps               : 2.000000
cluster min size  : 1
implementation    : fdbscan-densebox
verify            : false
minpts            : 10
filename          : /datasets/7D_2.05M_household.arborx [binary, max_pts = -1]
samples           : 8192
verbose           : true
Reading in "/datasets/7D_2.05M_household.arborx" in binary mode...done
Read in 2049280 7D points
Data sanity check:
p[0] = ( 3.26 0.216 235 14 0 2 17 )
p[8191] = ( 2.062 0.09 236.45 8.6 0 0 0 )
h = 7.559289e-01, n = [12, 2, 34, 48, 106, 98, 42]
#nonempty cells     :       2676
#dense cells        :        156 [5.83%]
#dense cell points  :       4015 [49.01%]
#mixed primitives   :       4333
-- dense cells      :      0.003
-- construction     :      0.000
-- query+cluster    :      0.005
---- neigh          :      0.001
---- query          :      0.004
-- postprocess      :      0.000
total time          :      0.008

#clusters       : 9
#cluster points : 7629 [93.13%]
#noise   points : 563 [6.87%]
