ArborX version    : 1.4 (dev)
ArborX hash       : No hash available
Kokkos version    : 4.0.99
algorithm         : dbscan
eps               : 2.000000
cluster min size  : 1
implementation    : fdbscan-densebox
verify            : false
minpts            : 10
filename          : /datasets/7D_2.05M_household.arborx [binary, max_pts = -1]
samples           : 131072
verbose           : true
Reading in "/datasets/7D_2.05M_household.arborx" in binary mode...done
Read in 2049280 7D points
Data sanity check:
p[0] = ( 5.374 0.498 233.29 23 0 2 17 )
p[131071] = ( 0.948 0 238.16 4 0 1 0 )
h = 7.559289e-01, n = [15, 2, 40, 64, 116, 106, 42]
#nonempty cells     :      16770
#dense cells        :       1447 [8.63%]
#dense cell points  :     104467 [79.70%]
#mixed primitives   :      28052
-- dense cells      :      0.004
-- construction     :      0.001
-- query+cluster    :      0.028
---- neigh          :      0.004
---- query          :      0.024
-- postprocess      :      0.001
total time          :      0.033

#clusters       : 24
#cluster points : 128626 [98.13%]
#noise   points : 2446 [1.87%]
