ArborX version    : 1.4 (dev)
ArborX hash       : No hash available
Kokkos version    : 4.0.99
algorithm         : dbscan
eps               : 0.005000
cluster min size  : 1
implementation    : fdbscan-densebox
verify            : false
minpts            : 10
filename          : /datasets/PortoTaxi.arborx [binary, max_pts = -1]
samples           : 8388608
verbose           : true
Reading in "/datasets/PortoTaxi.arborx" in binary mode...done
Read in 81712629 2D points
Data sanity check:
p[0] = ( -8.62033 41.1425 )
p[8388607] = ( -8.62089 41.1499 )
h = 3.535534e-03, n = [535, 566]
#nonempty cells     :      14336
#dense cells        :       4725 [32.96%]
#dense cell points  :    8362476 [99.69%]
#mixed primitives   :      30857
-- dense cells      :      0.081
-- construction     :      0.001
-- query+cluster    :      0.028
---- neigh          :      0.008
---- query          :      0.011
-- postprocess      :      0.018
total time          :      0.128

#clusters       : 184
#cluster points : 8382978 [99.93%]
#noise   points : 5630 [0.07%]
