ArborX version    : 1.4 (dev)
ArborX hash       : No hash available
Kokkos version    : 4.0.99
algorithm         : dbscan
eps               : 1000.000000
cluster min size  : 1
implementation    : fdbscan
verify            : false
minpts            : 10
filename          : /datasets/2D_VisualVar_10M.arborx [binary, max_pts = -1]
samples           : 524288
verbose           : true
Reading in "/datasets/2D_VisualVar_10M.arborx" in binary mode...done
Read in 10000000 2D points
Data sanity check:
p[0] = ( 71581 39059 )
p[524287] = ( 80990 37813 )
CUDA occupancy: 80
-- construction     :      0.001
-- query+cluster    :      0.036
---- neigh          :      0.002
---- query          :      0.033
-- postprocess      :      0.004
total time          :      0.042

#clusters       : 1
#cluster points : 524252 [99.99%]
#noise   points : 36 [0.01%]
