ArborX version    : 1.4 (dev)
ArborX hash       : No hash available
Kokkos version    : 4.0.99
algorithm         : dbscan
eps               : 1000.000000
cluster min size  : 1
implementation    : fdbscan-densebox
verify            : false
minpts            : 10
filename          : /datasets/3D_VisualVar_10M.arborx [binary, max_pts = -1]
samples           : 8192
verbose           : true
Reading in "/datasets/3D_VisualVar_10M.arborx" in binary mode...done
Read in 10000000 3D points
Data sanity check:
p[0] = ( 43543 11081 49674 )
p[8191] = ( 96316 57616 1626 )
h = 5.773503e+02, n = [173, 173, 173]
#nonempty cells     :       7858
#dense cells        :          0 [0.00%]
#dense cell points  :          0 [0.00%]
#mixed primitives   :       8192
-- dense cells      :      0.003
-- construction     :      0.001
-- query+cluster    :      0.001
---- neigh          :      0.000
---- query          :      0.001
-- postprocess      :      0.000
total time          :      0.005

#clusters       : 23
#cluster points : 482 [5.88%]
#noise   points : 7710 [94.12%]
