ArborX version    : 1.4 (dev)
ArborX hash       : No hash available
Kokkos version    : 4.0.99
algorithm         : dbscan
eps               : 1000.000000
cluster min size  : 1
implementation    : fdbscan-densebox
verify            : false
minpts            : 10
filename          : /datasets/5D_VisualVar_10M.arborx [binary, max_pts = -1]
samples           : 2097152
verbose           : true
Reading in "/datasets/5D_VisualVar_10M.arborx" in binary mode...done
Read in 10000000 5D points
Data sanity check:
p[0] = ( 11011 86614 4438 79761 25983 )
p[2097151] = ( 13367 57452 92018 45731 43925 )
h = 4.472136e+02, n = [224, 224, 224, 224, 224]
#nonempty cells     :    1075237
#dense cells        :      25489 [2.37%]
#dense cell points  :     621944 [29.66%]
#mixed primitives   :    1500697
-- dense cells      :      0.008
-- construction     :      0.003
-- query+cluster    :      0.042
---- neigh          :      0.007
---- query          :      0.033
-- postprocess      :      0.006
total time          :      0.058

#clusters       : 23393
#cluster points : 2050679 [97.78%]
#noise   points : 46473 [2.22%]
