ArborX version    : 1.4 (dev)
ArborX hash       : No hash available
Kokkos version    : 4.0.99
algorithm         : dbscan
eps               : 1000.000000
cluster min size  : 1
implementation    : fdbscan-densebox
verify            : false
minpts            : 10
filename          : /datasets/7D_VisualVar_10M.arborx [binary, max_pts = -1]
samples           : 524288
verbose           : true
Reading in "/datasets/7D_VisualVar_10M.arborx" in binary mode...done
Read in 10000000 7D points
Data sanity check:
p[0] = ( 76329 13281 51981 92653 40735 41672 13650 )
p[524287] = ( 12899 45565 95945 25240 90783 79532 42875 )
h = 3.779645e+02, n = [265, 265, 265, 265, 265, 265, 265]
#nonempty cells     :     448372
#dense cells        :        466 [0.10%]
#dense cell points  :       5518 [1.05%]
#mixed primitives   :     519236
-- dense cells      :      0.005
-- construction     :      0.002
-- query+cluster    :      0.014
---- neigh          :      0.003
---- query          :      0.010
-- postprocess      :      0.003
total time          :      0.025

#clusters       : 3894
#cluster points : 218956 [41.76%]
#noise   points : 305332 [58.24%]
