ArborX version    : 1.4 (dev)
ArborX hash       : No hash available
Kokkos version    : 4.0.99
algorithm         : dbscan
eps               : 0.005000
cluster min size  : 1
implementation    : fdbscan-densebox
verify            : false
minpts            : 10
filename          : /datasets/PortoTaxi.arborx [binary, max_pts = -1]
samples           : 2097152
verbose           : true
Reading in "/datasets/PortoTaxi.arborx" in binary mode...done
Read in 81712629 2D points
Data sanity check:
p[0] = ( -8.64984 41.1543 )
p[2097151] = ( -8.62089 41.1499 )
h = 3.535534e-03, n = [530, 564]
#nonempty cells     :       9156
#dense cells        :       2598 [28.37%]
#dense cell points  :    2080976 [99.23%]
#mixed primitives   :      18774
-- dense cells      :      0.031
-- construction     :      0.000
-- query+cluster    :      0.015
---- neigh          :      0.004
---- query          :      0.007
-- postprocess      :      0.005
total time          :      0.051

#clusters       : 143
#cluster points : 2092555 [99.78%]
#noise   points : 4597 [0.22%]
