ArborX version    : 1.4 (dev)
ArborX hash       : No hash available
Kokkos version    : 4.0.99
algorithm         : dbscan
eps               : 0.042000
cluster min size  : 1
implementation    : fdbscan
verify            : false
minpts            : 10
filename          : /datasets/hacc_37M.arborx [binary, max_pts = -1]
samples           : 8388608
verbose           : true
Reading in "/datasets/hacc_37M.arborx" in binary mode...done
Read in 36902719 3D points
Data sanity check:
p[0] = ( 0.00466919 9.3683 40.6306 )
p[8388607] = ( -0.297852 71.5513 71.4875 )
CUDA occupancy: 80
-- construction     :      0.009
-- query+cluster    :      0.036
---- neigh          :      0.017
---- query          :      0.017
-- postprocess      :      0.007
total time          :      0.052

#clusters       : 26022
#cluster points : 1857471 [22.14%]
#noise   points : 6531137 [77.86%]
