ArborX version    : 1.4 (dev)
ArborX hash       : No hash available
Kokkos version    : 4.0.99
algorithm         : dbscan
eps               : 0.005000
cluster min size  : 1
implementation    : fdbscan-densebox
verify            : false
minpts            : 10
filename          : /datasets/PortoTaxi.arborx [binary, max_pts = -1]
samples           : 32768
verbose           : true
Reading in "/datasets/PortoTaxi.arborx" in binary mode...done
Read in 81712629 2D points
Data sanity check:
p[0] = ( -8.60626 41.1638 )
p[32767] = ( -8.62769 41.1628 )
h = 3.535534e-03, n = [448, 547]
#nonempty cells     :       1790
#dense cells        :        460 [25.70%]
#dense cell points  :      29909 [91.28%]
#mixed primitives   :       3319
-- dense cells      :      0.003
-- construction     :      0.000
-- query+cluster    :      0.002
---- neigh          :      0.001
---- query          :      0.001
-- postprocess      :      0.001
total time          :      0.007

#clusters       : 8
#cluster points : 31861 [97.23%]
#noise   points : 907 [2.77%]
