filename          : /datasets/PortoTaxi.arborx [max_pts = -1]
minpts            : 10
eps               : 0.005000
samples           : 32768
Reading in "/datasets/PortoTaxi.arborx" in binary mode...done
Read in 81712629 2D points
#samples = 32768
Data sanity check:
p[0] = ( -8.60626 41.1638 )
p[32767] = ( -8.62769 41.1628 )
Total edges are 26226984
numPoints: 32768
Init Memory 419.000000, Memory consumed 523.000000
------PERFORMANCE REPORT------
eps	minpts	pts	cluster		n_threads	n_blocks	preproc.	proc.	kernel	total	memory
0.005	10	32768	9		512		65		1236.66		36.463	0 	1273.12	104
-------------------------------------------

907 nodes with ID: 0
31694 nodes with ID: 1
44 nodes with ID: 2
43 nodes with ID: 3
18 nodes with ID: 4
15 nodes with ID: 5
25 nodes with ID: 6
10 nodes with ID: 7
12 nodes with ID: 8
0 nodes with ID: 9
0 nodes with ID: 10
0 nodes with ID: 11
0 nodes with ID: 12
0 nodes with ID: 13
0 nodes with ID: 14
0 nodes with ID: 15
0 nodes with ID: 16
0 nodes with ID: 17
0 nodes with ID: 18
0 nodes with ID: 19
0 nodes with ID: 20
0 nodes with ID: 21
0 nodes with ID: 22
0 nodes with ID: 23
0 nodes with ID: 24
0 nodes with ID: 25
