ArborX version    : 1.4 (dev)
ArborX hash       : No hash available
Kokkos version    : 4.0.99
algorithm         : dbscan
eps               : 1000.000000
cluster min size  : 1
implementation    : fdbscan
verify            : false
minpts            : 10
filename          : /datasets/7D_VisualSim_10M.arborx [binary, max_pts = -1]
samples           : 524288
verbose           : true
Reading in "/datasets/7D_VisualSim_10M.arborx" in binary mode...done
Read in 10000000 7D points
Data sanity check:
p[0] = ( 90966 82609 67694 64037 97030 49350 63854 )
p[524287] = ( 1563 77429 66495 85393 86570 76854 57774 )
CUDA occupancy: 80
-- construction     :      0.002
-- query+cluster    :      0.016
---- neigh          :      0.003
---- query          :      0.011
-- postprocess      :      0.005
total time          :      0.023

#clusters       : 12
#cluster points : 524242 [99.99%]
#noise   points : 46 [0.01%]
