filename          : /datasets/2D_VisualSim_10M.arborx [max_pts = -1]
minpts            : 10
eps               : 1000.000000
samples           : 131072
Reading in "/datasets/2D_VisualSim_10M.arborx" in binary mode...done
Read in 10000000 2D points
#samples = 131072
Data sanity check:
p[0] = ( 14079 14865 )
p[131071] = ( 61698 60417 )
Total edges are 151962416
numPoints: 131072
Init Memory 419.000000, Memory consumed 1003.000000
------PERFORMANCE REPORT------
eps	minpts	pts	cluster		n_threads	n_blocks	preproc.	proc.	kernel	total	memory
1000	10	131072	10		512		257		717.011		225.714	0 	942.728	584
-------------------------------------------

11 nodes with ID: 0
14463 nodes with ID: 1
39062 nodes with ID: 2
30683 nodes with ID: 3
3261 nodes with ID: 4
24408 nodes with ID: 5
1713 nodes with ID: 6
3745 nodes with ID: 7
1429 nodes with ID: 8
12297 nodes with ID: 9
0 nodes with ID: 10
0 nodes with ID: 11
0 nodes with ID: 12
0 nodes with ID: 13
0 nodes with ID: 14
0 nodes with ID: 15
0 nodes with ID: 16
0 nodes with ID: 17
0 nodes with ID: 18
0 nodes with ID: 19
0 nodes with ID: 20
0 nodes with ID: 21
0 nodes with ID: 22
0 nodes with ID: 23
0 nodes with ID: 24
0 nodes with ID: 25
