ArborX version    : 1.4 (dev)
ArborX hash       : No hash available
Kokkos version    : 4.0.99
algorithm         : dbscan
eps               : 1000.000000
cluster min size  : 1
implementation    : fdbscan-densebox
verify            : false
minpts            : 10
filename          : /datasets/3D_VisualSim_10M.arborx [binary, max_pts = -1]
samples           : 8192
verbose           : true
Reading in "/datasets/3D_VisualSim_10M.arborx" in binary mode...done
Read in 10000000 3D points
Data sanity check:
p[0] = ( 15151 3756 49099 )
p[8191] = ( 80686 37481 50850 )
h = 5.773503e+02, n = [170, 174, 174]
#nonempty cells     :       4002
#dense cells        :         11 [0.27%]
#dense cell points  :        118 [1.44%]
#mixed primitives   :       8085
-- dense cells      :      0.003
-- construction     :      0.001
-- query+cluster    :      0.002
---- neigh          :      0.000
---- query          :      0.001
-- postprocess      :      0.000
total time          :      0.005

#clusters       : 57
#cluster points : 7988 [97.51%]
#noise   points : 204 [2.49%]
