ArborX version    : 1.4 (dev)
ArborX hash       : No hash available
Kokkos version    : 4.0.99
algorithm         : dbscan
eps               : 1000.000000
cluster min size  : 1
implementation    : fdbscan
verify            : false
minpts            : 10
filename          : /datasets/2D_VisualVar_10M.arborx [binary, max_pts = -1]
samples           : 8388608
verbose           : true
Reading in "/datasets/2D_VisualVar_10M.arborx" in binary mode...done
Read in 10000000 2D points
Data sanity check:
p[0] = ( 71641 39020 )
p[8388607] = ( 53490 24092 )
CUDA occupancy: 80
-- construction     :      0.006
-- query+cluster    :      7.764
---- neigh          :      0.021
---- query          :      7.734
-- postprocess      :      0.021
total time          :      7.792

#clusters       : 1
#cluster points : 8387986 [99.99%]
#noise   points : 622 [0.01%]
