ArborX version    : 1.4 (dev)
ArborX hash       : No hash available
Kokkos version    : 4.0.99
algorithm         : dbscan
eps               : 1000.000000
cluster min size  : 1
implementation    : fdbscan
verify            : false
minpts            : 10
filename          : /datasets/7D_VisualSim_10M.arborx [binary, max_pts = -1]
samples           : 8192
verbose           : true
Reading in "/datasets/7D_VisualSim_10M.arborx" in binary mode...done
Read in 10000000 7D points
Data sanity check:
p[0] = ( 90895 84218 65643 65106 97039 51180 64199 )
p[8191] = ( 99892 82874 80281 71250 3828 1926 61947 )
CUDA occupancy: 80
-- construction     :      0.001
-- query+cluster    :      0.000
---- neigh          :      0.000
---- query          :      0.000
-- postprocess      :      0.002
total time          :      0.003

#clusters       : 5
#cluster points : 50 [0.61%]
#noise   points : 8142 [99.39%]
