filename          : /datasets/PortoTaxi.arborx [max_pts = -1]
minpts            : 10
eps               : 0.005000
samples           : 8192
Reading in "/datasets/PortoTaxi.arborx" in binary mode...done
Read in 81712629 2D points
#samples = 8192
Data sanity check:
p[0] = ( -8.66871 41.2386 )
p[8191] = ( -8.59619 41.1463 )
Total edges are 1666616
numPoints: 8192
Init Memory 419.000000, Memory consumed 429.000000
------PERFORMANCE REPORT------
eps	minpts	pts	cluster		n_threads	n_blocks	preproc.	proc.	kernel	total	memory
0.005	10	8192	5		512		17		1243.09		9.119	0 	1252.21	10
-------------------------------------------

518 nodes with ID: 0
150 nodes with ID: 1
7470 nodes with ID: 2
36 nodes with ID: 3
18 nodes with ID: 4
0 nodes with ID: 5
0 nodes with ID: 6
0 nodes with ID: 7
0 nodes with ID: 8
0 nodes with ID: 9
0 nodes with ID: 10
0 nodes with ID: 11
0 nodes with ID: 12
0 nodes with ID: 13
0 nodes with ID: 14
0 nodes with ID: 15
0 nodes with ID: 16
0 nodes with ID: 17
0 nodes with ID: 18
0 nodes with ID: 19
0 nodes with ID: 20
0 nodes with ID: 21
0 nodes with ID: 22
0 nodes with ID: 23
0 nodes with ID: 24
0 nodes with ID: 25
