ArborX version    : 1.4 (dev)
ArborX hash       : No hash available
Kokkos version    : 4.0.99
algorithm         : dbscan
eps               : 1000.000000
cluster min size  : 1
implementation    : fdbscan-densebox
verify            : false
minpts            : 10
filename          : /datasets/2D_VisualSim_10M.arborx [binary, max_pts = -1]
samples           : 524288
verbose           : true
Reading in "/datasets/2D_VisualSim_10M.arborx" in binary mode...done
Read in 10000000 2D points
Data sanity check:
p[0] = ( 13956 14804 )
p[524287] = ( 79552 21606 )
h = 7.071068e+02, n = [140, 135]
#nonempty cells     :       1238
#dense cells        :       1100 [88.85%]
#dense cell points  :     523899 [99.93%]
#mixed primitives   :       1489
-- dense cells      :      0.005
-- construction     :      0.000
-- query+cluster    :      0.004
---- neigh          :      0.001
---- query          :      0.002
-- postprocess      :      0.001
total time          :      0.012

#clusters       : 9
#cluster points : 524243 [99.99%]
#noise   points : 45 [0.01%]
