ArborX version    : 1.4 (dev)
ArborX hash       : No hash available
Kokkos version    : 4.0.99
algorithm         : dbscan
eps               : 2.000000
cluster min size  : 1
implementation    : fdbscan
verify            : false
minpts            : 10
filename          : /datasets/7D_2.05M_household.arborx [binary, max_pts = -1]
samples           : 524288
verbose           : true
Reading in "/datasets/7D_2.05M_household.arborx" in binary mode...done
Read in 2049280 7D points
Data sanity check:
p[0] = ( 5.374 0.498 233.29 23 0 2 17 )
p[524287] = ( 0.932 0 239.55 3.8 0 0 0 )
CUDA occupancy: 80
-- construction     :      0.002
-- query+cluster    :      2.618
---- neigh          :      0.005
---- query          :      2.611
-- postprocess      :      0.004
total time          :      2.624

#clusters       : 33
#cluster points : 520186 [99.22%]
#noise   points : 4102 [0.78%]
