ArborX version    : 1.4 (dev)
ArborX hash       : No hash available
Kokkos version    : 4.0.99
algorithm         : dbscan
eps               : 1000.000000
cluster min size  : 1
implementation    : fdbscan-densebox
verify            : false
minpts            : 10
filename          : /datasets/5D_VisualSim_10M.arborx [binary, max_pts = -1]
samples           : 131072
verbose           : true
Reading in "/datasets/5D_VisualSim_10M.arborx" in binary mode...done
Read in 10000000 5D points
Data sanity check:
p[0] = ( 73505 67122 50380 49911 25132 )
p[131071] = ( 58702 45173 69477 74158 6929 )
h = 4.472136e+02, n = [222, 198, 218, 224, 224]
#nonempty cells     :      53566
#dense cells        :        709 [1.32%]
#dense cell points  :       8358 [6.38%]
#mixed primitives   :     123423
-- dense cells      :      0.004
-- construction     :      0.001
-- query+cluster    :      0.006
---- neigh          :      0.001
---- query          :      0.005
-- postprocess      :      0.001
total time          :      0.013

#clusters       : 12
#cluster points : 131060 [99.99%]
#noise   points : 12 [0.01%]
