ArborX version    : 1.4 (dev)
ArborX hash       : No hash available
Kokkos version    : 4.0.99
algorithm         : dbscan
eps               : 1000.000000
cluster min size  : 1
implementation    : fdbscan-densebox
verify            : false
minpts            : 10
filename          : /datasets/5D_VisualSim_10M.arborx [binary, max_pts = -1]
samples           : 8388608
verbose           : true
Reading in "/datasets/5D_VisualSim_10M.arborx" in binary mode...done
Read in 10000000 5D points
Data sanity check:
p[0] = ( 73482 67130 50421 49964 25076 )
p[8388607] = ( 59807 24938 72327 40583 2828 )
h = 4.472136e+02, n = [224, 224, 224, 224, 224]
#nonempty cells     :     130019
#dense cells        :      86036 [66.17%]
#dense cell points  :    8229740 [98.11%]
#mixed primitives   :     244904
-- dense cells      :      0.011
-- construction     :      0.002
-- query+cluster    :      0.133
---- neigh          :      0.010
---- query          :      0.115
-- postprocess      :      0.018
total time          :      0.165

#clusters       : 12
#cluster points : 8387765 [99.99%]
#noise   points : 843 [0.01%]
