ArborX version    : 1.4 (dev)
ArborX hash       : No hash available
Kokkos version    : 4.0.99
algorithm         : dbscan
eps               : 1000.000000
cluster min size  : 1
implementation    : fdbscan
verify            : false
minpts            : 10
filename          : /datasets/7D_VisualSim_10M.arborx [binary, max_pts = -1]
samples           : 32768
verbose           : true
Reading in "/datasets/7D_VisualSim_10M.arborx" in binary mode...done
Read in 10000000 7D points
Data sanity check:
p[0] = ( 90891 82598 67712 64036 97025 49319 63832 )
p[32767] = ( 99892 82874 80281 71250 3828 1926 61947 )
CUDA occupancy: 80
-- construction     :      0.001
-- query+cluster    :      0.001
---- neigh          :      0.001
---- query          :      0.000
-- postprocess      :      0.002
total time          :      0.004

#clusters       : 1098
#cluster points : 20982 [64.03%]
#noise   points : 11786 [35.97%]
