ArborX version    : 1.4 (dev)
ArborX hash       : No hash available
Kokkos version    : 4.0.99
algorithm         : dbscan
eps               : 1.000000
cluster min size  : 1
implementation    : fdbscan
verify            : false
minpts            : 10
filename          : /datasets/ngsim.arborx [binary, max_pts = -1]
samples           : 2097152
verbose           : true
Reading in "/datasets/ngsim.arborx" in binary mode...done
Read in 11850526 2D points
Data sanity check:
p[0] = ( 6.4512e+06 1.87325e+06 )
p[2097151] = ( 6.0428e+06 2.13355e+06 )
CUDA occupancy: 80
-- construction     :      0.004
-- query+cluster    :      0.023
---- neigh          :      0.007
---- query          :      0.013
-- postprocess      :      0.007
total time          :      0.034

#clusters       : 2585
#cluster points : 1959281 [93.43%]
#noise   points : 137871 [6.57%]
