ArborX version    : 1.4 (dev)
ArborX hash       : No hash available
Kokkos version    : 4.0.99
algorithm         : dbscan
eps               : 1000.000000
cluster min size  : 1
implementation    : fdbscan
verify            : false
minpts            : 10
filename          : /datasets/7D_VisualVar_10M.arborx [binary, max_pts = -1]
samples           : 524288
verbose           : true
Reading in "/datasets/7D_VisualVar_10M.arborx" in binary mode...done
Read in 10000000 7D points
Data sanity check:
p[0] = ( 76329 13281 51981 92653 40735 41672 13650 )
p[524287] = ( 12899 45565 95945 25240 90783 79532 42875 )
CUDA occupancy: 80
-- construction     :      0.002
-- query+cluster    :      0.010
---- neigh          :      0.003
---- query          :      0.006
-- postprocess      :      0.005
total time          :      0.018

#clusters       : 3894
#cluster points : 218956 [41.76%]
#noise   points : 305332 [58.24%]
