filename          : /datasets/ngsim.arborx [max_pts = -1]
minpts            : 10
eps               : 1.000000
samples           : 131072
Reading in "/datasets/ngsim.arborx" in binary mode...done
Read in 11850526 2D points
#samples = 131072
Data sanity check:
p[0] = ( 6.45249e+06 1.87208e+06 )
p[131071] = ( 6.0428e+06 2.13355e+06 )
Total edges are 614298
numPoints: 131072
Init Memory 419.000000, Memory consumed 427.000000
------PERFORMANCE REPORT------
eps	minpts	pts	cluster		n_threads	n_blocks	preproc.	proc.	kernel	total	memory
1	10	131072	1441		512		257		721.133		1166.87	0 	1888	8
-------------------------------------------

109110 nodes with ID: 0
16 nodes with ID: 1
10 nodes with ID: 2
32 nodes with ID: 3
20 nodes with ID: 4
20 nodes with ID: 5
41 nodes with ID: 6
19 nodes with ID: 7
14 nodes with ID: 8
21 nodes with ID: 9
12 nodes with ID: 10
70 nodes with ID: 11
27 nodes with ID: 12
10 nodes with ID: 13
57 nodes with ID: 14
37 nodes with ID: 15
11 nodes with ID: 16
12 nodes with ID: 17
12 nodes with ID: 18
16 nodes with ID: 19
10 nodes with ID: 20
15 nodes with ID: 21
55 nodes with ID: 22
12 nodes with ID: 23
25 nodes with ID: 24
12 nodes with ID: 25
