ArborX version    : 1.4 (dev)
ArborX hash       : No hash available
Kokkos version    : 4.0.99
algorithm         : dbscan
eps               : 0.042000
cluster min size  : 1
implementation    : fdbscan
verify            : false
minpts            : 10
filename          : /datasets/hacc_37M.arborx [binary, max_pts = -1]
samples           : 2097152
verbose           : true
Reading in "/datasets/hacc_37M.arborx" in binary mode...done
Read in 36902719 3D points
Data sanity check:
p[0] = ( 0.00466919 9.3683 40.6306 )
p[2097151] = ( -0.916626 71.5246 71.1799 )
CUDA occupancy: 80
-- construction     :      0.004
-- query+cluster    :      0.009
---- neigh          :      0.005
---- query          :      0.003
-- postprocess      :      0.005
total time          :      0.019

#clusters       : 4956
#cluster points : 223114 [10.64%]
#noise   points : 1874038 [89.36%]
