ArborX version    : 1.4 (dev)
ArborX hash       : No hash available
Kokkos version    : 4.0.99
algorithm         : dbscan
eps               : 2.000000
cluster min size  : 1
implementation    : fdbscan
verify            : false
minpts            : 10
filename          : /datasets/7D_2.05M_household.arborx [binary, max_pts = -1]
samples           : 2097152
verbose           : true
Reading in "/datasets/7D_2.05M_household.arborx" in binary mode...done
Read in 2049280 7D points
Data sanity check:
p[0] = ( 4.216 0.418 234.84 18.4 0 1 17 )
p[2049279] = ( 0.932 0 239.55 3.8 0 0 0 )
CUDA occupancy: 80
-- construction     :      0.004
-- query+cluster    :     29.611
---- neigh          :      0.014
---- query          :     29.593
-- postprocess      :      0.008
total time          :     29.623

#clusters       : 46
#cluster points : 2042419 [99.67%]
#noise   points : 6861 [0.33%]
