ArborX version    : 1.4 (dev)
ArborX hash       : No hash available
Kokkos version    : 4.0.99
algorithm         : dbscan
eps               : 1000.000000
cluster min size  : 1
implementation    : fdbscan-densebox
verify            : false
minpts            : 10
filename          : /datasets/2D_VisualVar_10M.arborx [binary, max_pts = -1]
samples           : 524288
verbose           : true
Reading in "/datasets/2D_VisualVar_10M.arborx" in binary mode...done
Read in 10000000 2D points
Data sanity check:
p[0] = ( 71581 39059 )
p[524287] = ( 80990 37813 )
h = 7.071068e+02, n = [139, 139]
#nonempty cells     :       4416
#dense cells        :       3711 [84.04%]
#dense cell points  :     521450 [99.46%]
#mixed primitives   :       6549
-- dense cells      :      0.005
-- construction     :      0.000
-- query+cluster    :      0.004
---- neigh          :      0.001
---- query          :      0.002
-- postprocess      :      0.002
total time          :      0.013

#clusters       : 1
#cluster points : 524252 [99.99%]
#noise   points : 36 [0.01%]
