ArborX version    : 1.4 (dev)
ArborX hash       : No hash available
Kokkos version    : 4.0.99
algorithm         : dbscan
eps               : 1000.000000
cluster min size  : 1
implementation    : fdbscan
verify            : false
minpts            : 10
filename          : /datasets/3D_VisualVar_10M.arborx [binary, max_pts = -1]
samples           : 8388608
verbose           : true
Reading in "/datasets/3D_VisualVar_10M.arborx" in binary mode...done
Read in 10000000 3D points
Data sanity check:
p[0] = ( 44263 10849 49131 )
p[8388607] = ( 73604 71356 26448 )
CUDA occupancy: 80
-- construction     :      0.008
-- query+cluster    :      0.497
---- neigh          :      0.029
---- query          :      0.459
-- postprocess      :      0.020
total time          :      0.526

#clusters       : 3
#cluster points : 8387942 [99.99%]
#noise   points : 666 [0.01%]
