ArborX version    : 1.4 (dev)
ArborX hash       : No hash available
Kokkos version    : 4.0.99
algorithm         : dbscan
eps               : 1000.000000
cluster min size  : 1
implementation    : fdbscan-densebox
verify            : false
minpts            : 10
filename          : /datasets/2D_VisualSim_10M.arborx [binary, max_pts = -1]
samples           : 32768
verbose           : true
Reading in "/datasets/2D_VisualSim_10M.arborx" in binary mode...done
Read in 10000000 2D points
Data sanity check:
p[0] = ( 14079 14865 )
p[32767] = ( 61698 60417 )
h = 7.071068e+02, n = [138, 135]
#nonempty cells     :       1089
#dense cells        :        772 [70.89%]
#dense cell points  :      31442 [95.95%]
#mixed primitives   :       2098
-- dense cells      :      0.003
-- construction     :      0.000
-- query+cluster    :      0.001
---- neigh          :      0.001
---- query          :      0.001
-- postprocess      :      0.001
total time          :      0.006

#clusters       : 9
#cluster points : 32764 [99.99%]
#noise   points : 4 [0.01%]
