ArborX version    : 1.4 (dev)
ArborX hash       : No hash available
Kokkos version    : 4.0.99
algorithm         : dbscan
eps               : 1.000000
cluster min size  : 1
implementation    : fdbscan
verify            : false
minpts            : 10
filename          : /datasets/ngsim.arborx [binary, max_pts = -1]
samples           : 8388608
verbose           : true
Reading in "/datasets/ngsim.arborx" in binary mode...done
Read in 11850526 2D points
Data sanity check:
p[0] = ( 6.4512e+06 1.87325e+06 )
p[8388607] = ( 6.04277e+06 2.13362e+06 )
CUDA occupancy: 80
-- construction     :      0.008
-- query+cluster    :      0.212
---- neigh          :      0.022
---- query          :      0.185
-- postprocess      :      0.013
total time          :      0.234

#clusters       : 1114
#cluster points : 8246606 [98.31%]
#noise   points : 142002 [1.69%]
