ArborX version    : 1.4 (dev)
ArborX hash       : No hash available
Kokkos version    : 4.0.99
algorithm         : dbscan
eps               : 0.042000
cluster min size  : 1
implementation    : fdbscan-densebox
verify            : false
minpts            : 10
filename          : /datasets/hacc_37M.arborx [binary, max_pts = -1]
samples           : 131072
verbose           : true
Reading in "/datasets/hacc_37M.arborx" in binary mode...done
Read in 36902719 3D points
Data sanity check:
p[0] = ( 0.946488 21.8635 28.2964 )
p[131071] = ( -0.0996399 71.3167 64.6333 )
h = 2.424871e-02, n = [3300, 3300, 3300]
#nonempty cells     :     130378
#dense cells        :          0 [0.00%]
#dense cell points  :          0 [0.00%]
#mixed primitives   :     131072
-- dense cells      :      0.003
-- construction     :      0.001
-- query+cluster    :      0.002
---- neigh          :      0.001
---- query          :      0.001
-- postprocess      :      0.001
total time          :      0.007

#clusters       : 28
#cluster points : 463 [0.35%]
#noise   points : 130609 [99.65%]
