ArborX version    : 1.4 (dev)
ArborX hash       : No hash available
Kokkos version    : 4.0.99
algorithm         : dbscan
eps               : 0.042000
cluster min size  : 1
implementation    : fdbscan-densebox
verify            : false
minpts            : 10
filename          : /datasets/hacc_37M.arborx [binary, max_pts = -1]
samples           : 524288
verbose           : true
Reading in "/datasets/hacc_37M.arborx" in binary mode...done
Read in 36902719 3D points
Data sanity check:
p[0] = ( 0.00466919 9.3683 40.6306 )
p[524287] = ( -0.0996399 71.3167 64.6333 )
h = 2.424871e-02, n = [3300, 3300, 3300]
#nonempty cells     :     515145
#dense cells        :          1 [0.00%]
#dense cell points  :         12 [0.00%]
#mixed primitives   :     524277
-- dense cells      :      0.005
-- construction     :      0.002
-- query+cluster    :      0.005
---- neigh          :      0.002
---- query          :      0.002
-- postprocess      :      0.002
total time          :      0.015

#clusters       : 580
#cluster points : 16653 [3.18%]
#noise   points : 507635 [96.82%]
