ArborX version    : 1.4 (dev)
ArborX hash       : No hash available
Kokkos version    : 4.0.99
algorithm         : dbscan
eps               : 2.000000
cluster min size  : 1
implementation    : fdbscan
verify            : false
minpts            : 10
filename          : /datasets/7D_2.05M_household.arborx [binary, max_pts = -1]
samples           : 8192
verbose           : true
Reading in "/datasets/7D_2.05M_household.arborx" in binary mode...done
Read in 2049280 7D points
Data sanity check:
p[0] = ( 3.26 0.216 235 14 0 2 17 )
p[8191] = ( 2.062 0.09 236.45 8.6 0 0 0 )
CUDA occupancy: 80
-- construction     :      0.001
-- query+cluster    :      0.011
---- neigh          :      0.001
---- query          :      0.010
-- postprocess      :      0.002
total time          :      0.014

#clusters       : 9
#cluster points : 7629 [93.13%]
#noise   points : 563 [6.87%]
