ArborX version    : 1.4 (dev)
ArborX hash       : No hash available
Kokkos version    : 4.0.99
algorithm         : dbscan
eps               : 1000.000000
cluster min size  : 1
implementation    : fdbscan-densebox
verify            : false
minpts            : 10
filename          : /datasets/7D_VisualSim_10M.arborx [binary, max_pts = -1]
samples           : 131072
verbose           : true
Reading in "/datasets/7D_VisualSim_10M.arborx" in binary mode...done
Read in 10000000 7D points
Data sanity check:
p[0] = ( 90891 82598 67712 64036 97025 49319 63832 )
p[131071] = ( 99892 82874 80281 71250 3828 1926 61947 )
h = 3.779645e+02, n = [265, 236, 232, 246, 265, 265, 265]
#nonempty cells     :      91588
#dense cells        :          3 [0.00%]
#dense cell points  :         30 [0.02%]
#mixed primitives   :     131045
-- dense cells      :      0.003
-- construction     :      0.001
-- query+cluster    :      0.004
---- neigh          :      0.001
---- query          :      0.003
-- postprocess      :      0.001
total time          :      0.010

#clusters       : 74
#cluster points : 131045 [99.98%]
#noise   points : 27 [0.02%]
