ArborX version    : 1.4 (dev)
ArborX hash       : No hash available
Kokkos version    : 4.0.99
algorithm         : dbscan
eps               : 1000.000000
cluster min size  : 1
implementation    : fdbscan-densebox
verify            : false
minpts            : 10
filename          : /datasets/5D_VisualSim_10M.arborx [binary, max_pts = -1]
samples           : 524288
verbose           : true
Reading in "/datasets/5D_VisualSim_10M.arborx" in binary mode...done
Read in 10000000 5D points
Data sanity check:
p[0] = ( 73577 67150 50414 49956 25069 )
p[524287] = ( 97861 21835 89748 33390 87996 )
h = 4.472136e+02, n = [223, 219, 223, 224, 224]
#nonempty cells     :      84660
#dense cells        :      17578 [20.76%]
#dense cell points  :     299458 [57.12%]
#mixed primitives   :     242408
-- dense cells      :      0.005
-- construction     :      0.001
-- query+cluster    :      0.022
---- neigh          :      0.002
---- query          :      0.019
-- postprocess      :      0.002
total time          :      0.031

#clusters       : 12
#cluster points : 524242 [99.99%]
#noise   points : 46 [0.01%]
