ArborX version    : 1.4 (dev)
ArborX hash       : No hash available
Kokkos version    : 4.0.99
algorithm         : dbscan
eps               : 1000.000000
cluster min size  : 1
implementation    : fdbscan-densebox
verify            : false
minpts            : 10
filename          : /datasets/7D_VisualSim_10M.arborx [binary, max_pts = -1]
samples           : 2097152
verbose           : true
Reading in "/datasets/7D_VisualSim_10M.arborx" in binary mode...done
Read in 10000000 7D points
Data sanity check:
p[0] = ( 90911 82560 67735 64071 96947 49339 63892 )
p[2097151] = ( 1563 77429 66495 85393 86570 76854 57774 )
h = 3.779645e+02, n = [265, 264, 258, 263, 265, 265, 265]
#nonempty cells     :     319692
#dense cells        :      75024 [23.47%]
#dense cell points  :    1325779 [63.22%]
#mixed primitives   :     846397
-- dense cells      :      0.007
-- construction     :      0.002
-- query+cluster    :      0.100
---- neigh          :      0.006
---- query          :      0.091
-- postprocess      :      0.006
total time          :      0.116

#clusters       : 12
#cluster points : 2096947 [99.99%]
#noise   points : 205 [0.01%]
