ArborX version    : 1.4 (dev)
ArborX hash       : No hash available
Kokkos version    : 4.0.99
algorithm         : dbscan
eps               : 3000.000000
cluster min size  : 1
implementation    : fdbscan-densebox
verify            : false
minpts            : 10
filename          : /datasets/7D_VisualVar_10M.arborx [binary, max_pts = -1]
samples           : 1000000
verbose           : true
Reading in "/datasets/7D_VisualVar_10M.arborx" in binary mode...done
Read in 10000000 7D points
Data sanity check:
p[0] = ( 76275 13201 51959 92618 40856 41672 13625 )
p[999999] = ( 12899 45565 95945 25240 90783 79532 42875 )
h = 1.133893e+03, n = [89, 89, 89, 89, 89, 89, 89]
#nonempty cells     :     400513
#dense cells        :      11896 [2.97%]
#dense cell points  :     254655 [25.47%]
#mixed primitives   :     757241
-- dense cells      :      0.005
-- construction     :      0.002
-- query+cluster    :      0.039
---- neigh          :      0.007
---- query          :      0.030
-- postprocess      :      0.004
total time          :      0.051

#clusters       : 7
#cluster points : 999906 [99.99%]
#noise   points : 94 [0.01%]
