ArborX version    : 1.4 (dev)
ArborX hash       : No hash available
Kokkos version    : 4.0.99
algorithm         : dbscan
eps               : 0.006000
cluster min size  : 1
implementation    : fdbscan-densebox
verify            : false
minpts            : 10
filename          : /datasets/PortoTaxi.arborx [binary, max_pts = -1]
samples           : 100000
verbose           : true
Reading in "/datasets/PortoTaxi.arborx" in binary mode...done
Read in 81712629 2D points
Data sanity check:
p[0] = ( -8.64213 41.1712 )
p[99999] = ( -8.60932 41.1812 )
h = 4.242641e-03, n = [404, 465]
#nonempty cells     :       2408
#dense cells        :        597 [24.79%]
#dense cell points  :      95985 [95.99%]
#mixed primitives   :       4612
-- dense cells      :      0.005
-- construction     :      0.000
-- query+cluster    :      0.003
---- neigh          :      0.001
---- query          :      0.002
-- postprocess      :      0.001
total time          :      0.009

#clusters       : 17
#cluster points : 98740 [98.74%]
#noise   points : 1260 [1.26%]
