ArborX version    : 1.4 (dev)
ArborX hash       : No hash available
Kokkos version    : 4.0.99
algorithm         : dbscan
eps               : 1000.000000
cluster min size  : 1
implementation    : fdbscan-densebox
verify            : false
minpts            : 10
filename          : /datasets/2D_VisualVar_10M.arborx [binary, max_pts = -1]
samples           : 100000
verbose           : true
Reading in "/datasets/2D_VisualVar_10M.arborx" in binary mode...done
Read in 10000000 2D points
Data sanity check:
p[0] = ( 71712 39034 )
p[99999] = ( 43493 90444 )
h = 7.071068e+02, n = [139, 139]
#nonempty cells     :       4023
#dense cells        :       2306 [57.32%]
#dense cell points  :      92746 [92.75%]
#mixed primitives   :       9560
-- dense cells      :      0.004
-- construction     :      0.000
-- query+cluster    :      0.002
---- neigh          :      0.001
---- query          :      0.001
-- postprocess      :      0.001
total time          :      0.007

#clusters       : 2
#cluster points : 99955 [99.96%]
#noise   points : 45 [0.05%]
