ArborX version    : 1.4 (dev)
ArborX hash       : No hash available
Kokkos version    : 4.0.99
algorithm         : dbscan
eps               : 200.000000
cluster min size  : 1
implementation    : fdbscan-densebox
verify            : false
minpts            : 10
filename          : /datasets/3D_VisualVar_10M.arborx [binary, max_pts = -1]
samples           : 1000000
verbose           : true
Reading in "/datasets/3D_VisualVar_10M.arborx" in binary mode...done
Read in 10000000 3D points
Data sanity check:
p[0] = ( 44313 10806 49069 )
p[999999] = ( 71978 52402 78668 )
h = 1.154701e+02, n = [866, 866, 866]
#nonempty cells     :     936175
#dense cells        :         67 [0.01%]
#dense cell points  :        804 [0.08%]
#mixed primitives   :     999263
-- dense cells      :      0.006
-- construction     :      0.003
-- query+cluster    :      0.007
---- neigh          :      0.003
---- query          :      0.003
-- postprocess      :      0.003
total time          :      0.020

#clusters       : 1032
#cluster points : 158503 [15.85%]
#noise   points : 841497 [84.15%]
