filename          : /datasets/2D_VisualVar_10M.arborx [max_pts = -1]
minpts            : 10
eps               : 500.000000
samples           : 100000
Reading in "/datasets/2D_VisualVar_10M.arborx" in binary mode...done
Read in 10000000 2D points
#samples = 100000
Data sanity check:
p[0] = ( 71712 39034 )
p[99999] = ( 43493 90444 )
Total edges are 10152782
numPoints: 100000
Init Memory 419.000000, Memory consumed 461.000000
------PERFORMANCE REPORT------
eps	minpts	pts	cluster		n_threads	n_blocks	preproc.	proc.	kernel	total	memory
500	10	100000	61		512		196		695.894		122.58	0 	818.477	42
-------------------------------------------

895 nodes with ID: 0
31504 nodes with ID: 1
62945 nodes with ID: 2
10 nodes with ID: 3
10 nodes with ID: 4
55 nodes with ID: 5
145 nodes with ID: 6
9 nodes with ID: 7
80 nodes with ID: 8
16 nodes with ID: 9
63 nodes with ID: 10
77 nodes with ID: 11
14 nodes with ID: 12
40 nodes with ID: 13
28 nodes with ID: 14
95 nodes with ID: 15
30 nodes with ID: 16
21 nodes with ID: 17
122 nodes with ID: 18
55 nodes with ID: 19
60 nodes with ID: 20
192 nodes with ID: 21
62 nodes with ID: 22
15 nodes with ID: 23
70 nodes with ID: 24
21 nodes with ID: 25
