ArborX version    : 1.4 (dev)
ArborX hash       : No hash available
Kokkos version    : 4.0.99
algorithm         : dbscan
eps               : 200.000000
cluster min size  : 1
implementation    : fdbscan-densebox
verify            : false
minpts            : 10
filename          : /datasets/2D_VisualVar_10M.arborx [binary, max_pts = -1]
samples           : 100000
verbose           : true
Reading in "/datasets/2D_VisualVar_10M.arborx" in binary mode...done
Read in 10000000 2D points
Data sanity check:
p[0] = ( 71712 39034 )
p[99999] = ( 43493 90444 )
h = 1.414214e+02, n = [695, 695]
#nonempty cells     :      43111
#dense cells        :        496 [1.15%]
#dense cell points  :       6069 [6.07%]
#mixed primitives   :      94427
-- dense cells      :      0.004
-- construction     :      0.001
-- query+cluster    :      0.002
---- neigh          :      0.001
---- query          :      0.001
-- postprocess      :      0.000
total time          :      0.008

#clusters       : 418
#cluster points : 80115 [80.11%]
#noise   points : 19885 [19.89%]
