ArborX version    : 1.4 (dev)
ArborX hash       : No hash available
Kokkos version    : 4.0.99
algorithm         : dbscan
eps               : 100.000000
cluster min size  : 1
implementation    : fdbscan-densebox
verify            : false
minpts            : 10
filename          : /datasets/2D_VisualSim_10M.arborx [binary, max_pts = -1]
samples           : 100000
verbose           : true
Reading in "/datasets/2D_VisualSim_10M.arborx" in binary mode...done
Read in 10000000 2D points
Data sanity check:
p[0] = ( 14079 14865 )
p[99999] = ( 61698 60417 )
h = 7.071068e+01, n = [1392, 1341]
#nonempty cells     :      42438
#dense cells        :        312 [0.74%]
#dense cell points  :       3558 [3.56%]
#mixed primitives   :      96754
-- dense cells      :      0.003
-- construction     :      0.001
-- query+cluster    :      0.001
---- neigh          :      0.000
---- query          :      0.001
-- postprocess      :      0.000
total time          :      0.006

#clusters       : 539
#cluster points : 86750 [86.75%]
#noise   points : 13250 [13.25%]
