ArborX version    : 1.4 (dev)
ArborX hash       : No hash available
Kokkos version    : 4.0.99
algorithm         : dbscan
eps               : 1000.000000
cluster min size  : 1
implementation    : fdbscan
verify            : false
minpts            : 10
filename          : /datasets/5D_VisualVar_10M.arborx [binary, max_pts = -1]
samples           : 1000000
verbose           : true
Reading in "/datasets/5D_VisualVar_10M.arborx" in binary mode...done
Read in 10000000 5D points
Data sanity check:
p[0] = ( 11011 86614 4438 79761 25983 )
p[999999] = ( 13367 57452 92018 45731 43925 )
CUDA occupancy: 80
-- construction     :      0.003
-- query+cluster    :      0.031
---- neigh          :      0.004
---- query          :      0.025
-- postprocess      :      0.005
total time          :      0.039

#clusters       : 11490
#cluster points : 786895 [78.69%]
#noise   points : 213105 [21.31%]
