ArborX version    : 1.4 (dev)
ArborX hash       : No hash available
Kokkos version    : 4.0.99
algorithm         : dbscan
eps               : 0.500000
cluster min size  : 1
implementation    : fdbscan-densebox
verify            : false
minpts            : 10
filename          : /datasets/7D_2.05M_household.arborx [binary, max_pts = -1]
samples           : 1000000
verbose           : true
Reading in "/datasets/7D_2.05M_household.arborx" in binary mode...done
Read in 2049280 7D points
Data sanity check:
p[0] = ( 5.36 0.436 233.63 23 0 1 16 )
p[999999] = ( 0.932 0 239.55 3.8 0 0 0 )
h = 1.889822e-01, n = [59, 7, 164, 256, 466, 424, 165]
#nonempty cells     :     207694
#dense cells        :      13466 [6.48%]
#dense cell points  :     681381 [68.14%]
#mixed primitives   :     332085
-- dense cells      :      0.005
-- construction     :      0.001
-- query+cluster    :      0.093
---- neigh          :      0.012
---- query          :      0.080
-- postprocess      :      0.002
total time          :      0.102

#clusters       : 466
#cluster points : 928661 [92.87%]
#noise   points : 71339 [7.13%]
