filename          : /datasets/2D_VisualVar_10M.arborx [max_pts = -1]
minpts            : 10
eps               : 100.000000
samples           : 100000
Reading in "/datasets/2D_VisualVar_10M.arborx" in binary mode...done
Read in 10000000 2D points
#samples = 100000
Data sanity check:
p[0] = ( 71712 39034 )
p[99999] = ( 43493 90444 )
Total edges are 576720
numPoints: 100000
Init Memory 419.000000, Memory consumed 425.000000
------PERFORMANCE REPORT------
eps	minpts	pts	cluster		n_threads	n_blocks	preproc.	proc.	kernel	total	memory
100	10	100000	755		512		196		709.919		581.076	0 	1291	6
-------------------------------------------

70897 nodes with ID: 0
229 nodes with ID: 1
39 nodes with ID: 2
36 nodes with ID: 3
475 nodes with ID: 4
240 nodes with ID: 5
74 nodes with ID: 6
49 nodes with ID: 7
432 nodes with ID: 8
11 nodes with ID: 9
12 nodes with ID: 10
11 nodes with ID: 11
83 nodes with ID: 12
93 nodes with ID: 13
73 nodes with ID: 14
14 nodes with ID: 15
54 nodes with ID: 16
20 nodes with ID: 17
10 nodes with ID: 18
27 nodes with ID: 19
441 nodes with ID: 20
56 nodes with ID: 21
149 nodes with ID: 22
11 nodes with ID: 23
32 nodes with ID: 24
420 nodes with ID: 25
