ArborX version    : 1.4 (dev)
ArborX hash       : No hash available
Kokkos version    : 4.0.99
algorithm         : dbscan
eps               : 0.050000
cluster min size  : 1
implementation    : fdbscan-densebox
verify            : false
minpts            : 10
filename          : /datasets/hacc_37M.arborx [binary, max_pts = -1]
samples           : 1000000
verbose           : true
Reading in "/datasets/hacc_37M.arborx" in binary mode...done
Read in 36902719 3D points
Data sanity check:
p[0] = ( 0.00466919 9.3683 40.6306 )
p[999999] = ( -0.270844 71.2819 71.0654 )
h = 2.886751e-02, n = [2772, 2772, 2772]
#nonempty cells     :     959559
#dense cells        :         84 [0.01%]
#dense cell points  :       1008 [0.10%]
#mixed primitives   :     999076
-- dense cells      :      0.006
-- construction     :      0.003
-- query+cluster    :      0.007
---- neigh          :      0.003
---- query          :      0.003
-- postprocess      :      0.002
total time          :      0.018

#clusters       : 2180
#cluster points : 84436 [8.44%]
#noise   points : 915564 [91.56%]
