ArborX version    : 1.4 (dev)
ArborX hash       : No hash available
Kokkos version    : 4.0.99
algorithm         : dbscan
eps               : 200.000000
cluster min size  : 1
implementation    : fdbscan-densebox
verify            : false
minpts            : 10
filename          : /datasets/3D_VisualSim_10M.arborx [binary, max_pts = -1]
samples           : 1000000
verbose           : true
Reading in "/datasets/3D_VisualSim_10M.arborx" in binary mode...done
Read in 10000000 3D points
Data sanity check:
p[0] = ( 14931 4079 47911 )
p[999999] = ( 90610 93811 753 )
h = 1.154701e+02, n = [851, 866, 866]
#nonempty cells     :     245992
#dense cells        :      19751 [8.03%]
#dense cell points  :     258721 [25.87%]
#mixed primitives   :     761030
-- dense cells      :      0.006
-- construction     :      0.002
-- query+cluster    :      0.025
---- neigh          :      0.004
---- query          :      0.019
-- postprocess      :      0.004
total time          :      0.038

#clusters       : 11
#cluster points : 999906 [99.99%]
#noise   points : 94 [0.01%]
