ArborX version    : 1.4 (dev)
ArborX hash       : No hash available
Kokkos version    : 4.0.99
algorithm         : dbscan
eps               : 3000.000000
cluster min size  : 1
implementation    : fdbscan-densebox
verify            : false
minpts            : 10
filename          : /datasets/3D_VisualSim_10M.arborx [binary, max_pts = -1]
samples           : 1000000
verbose           : true
Reading in "/datasets/3D_VisualSim_10M.arborx" in binary mode...done
Read in 10000000 3D points
Data sanity check:
p[0] = ( 14931 4079 47911 )
p[999999] = ( 90610 93811 753 )
h = 1.732051e+03, n = [57, 58, 58]
#nonempty cells     :       1200
#dense cells        :       1018 [84.83%]
#dense cell points  :     999604 [99.96%]
#mixed primitives   :       1414
-- dense cells      :      0.007
-- construction     :      0.000
-- query+cluster    :      0.013
---- neigh          :      0.005
---- query          :      0.007
-- postprocess      :      0.002
total time          :      0.022

#clusters       : 11
#cluster points : 999909 [99.99%]
#noise   points : 91 [0.01%]
