ArborX version    : 1.4 (dev)
ArborX hash       : No hash available
Kokkos version    : 4.0.99
algorithm         : dbscan
eps               : 500.000000
cluster min size  : 1
implementation    : fdbscan-densebox
verify            : false
minpts            : 10
filename          : /datasets/3D_VisualSim_10M.arborx [binary, max_pts = -1]
samples           : 1000000
verbose           : true
Reading in "/datasets/3D_VisualSim_10M.arborx" in binary mode...done
Read in 10000000 3D points
Data sanity check:
p[0] = ( 14931 4079 47911 )
p[999999] = ( 90610 93811 753 )
h = 2.886751e+02, n = [341, 347, 347]
#nonempty cells     :      39762
#dense cells        :      23760 [59.76%]
#dense cell points  :     938311 [93.83%]
#mixed primitives   :      85449
-- dense cells      :      0.006
-- construction     :      0.001
-- query+cluster    :      0.016
---- neigh          :      0.002
---- query          :      0.011
-- postprocess      :      0.004
total time          :      0.026

#clusters       : 11
#cluster points : 999908 [99.99%]
#noise   points : 92 [0.01%]
