ArborX version    : 1.4 (dev)
ArborX hash       : No hash available
Kokkos version    : 4.0.99
algorithm         : dbscan
eps               : 1000.000000
cluster min size  : 1
implementation    : fdbscan-densebox
verify            : false
minpts            : 10
filename          : /datasets/2D_VisualSim_10M.arborx [binary, max_pts = -1]
samples           : 100000
verbose           : true
Reading in "/datasets/2D_VisualSim_10M.arborx" in binary mode...done
Read in 10000000 2D points
Data sanity check:
p[0] = ( 14079 14865 )
p[99999] = ( 61698 60417 )
h = 7.071068e+02, n = [140, 135]
#nonempty cells     :       1156
#dense cells        :        983 [85.03%]
#dense cell points  :      99377 [99.38%]
#mixed primitives   :       1606
-- dense cells      :      0.004
-- construction     :      0.000
-- query+cluster    :      0.001
---- neigh          :      0.001
---- query          :      0.001
-- postprocess      :      0.000
total time          :      0.006

#clusters       : 9
#cluster points : 99989 [99.99%]
#noise   points : 11 [0.01%]
