ArborX version    : 1.4 (dev)
ArborX hash       : No hash available
Kokkos version    : 4.0.99
algorithm         : dbscan
eps               : 3000.000000
cluster min size  : 1
implementation    : fdbscan-densebox
verify            : false
minpts            : 10
filename          : /datasets/5D_VisualSim_10M.arborx [binary, max_pts = -1]
samples           : 1000000
verbose           : true
Reading in "/datasets/5D_VisualSim_10M.arborx" in binary mode...done
Read in 10000000 5D points
Data sanity check:
p[0] = ( 73479 67155 50366 49924 25125 )
p[999999] = ( 97861 21835 89748 33390 87996 )
h = 1.341641e+03, n = [75, 75, 75, 75, 75]
#nonempty cells     :      11917
#dense cells        :       8736 [73.31%]
#dense cell points  :     987809 [98.78%]
#mixed primitives   :      20927
-- dense cells      :      0.005
-- construction     :      0.000
-- query+cluster    :      0.014
---- neigh          :      0.004
---- query          :      0.009
-- postprocess      :      0.002
total time          :      0.022

#clusters       : 12
#cluster points : 999906 [99.99%]
#noise   points : 94 [0.01%]
