filename          : /datasets/PortoTaxi.arborx [max_pts = -1]
minpts            : 10
eps               : 0.006000
samples           : 100000
Reading in "/datasets/PortoTaxi.arborx" in binary mode...done
Read in 81712629 2D points
#samples = 100000
Data sanity check:
p[0] = ( -8.64213 41.1712 )
p[99999] = ( -8.60932 41.1812 )
Total edges are 334906062
numPoints: 100000
Init Memory 419.000000, Memory consumed 1699.000000
------PERFORMANCE REPORT------
eps	minpts	pts	cluster		n_threads	n_blocks	preproc.	proc.	kernel	total	memory
0.006	10	100000	18		512		196		1262.86		207.729	0 	1470.6	1280
-------------------------------------------

1260 nodes with ID: 0
98404 nodes with ID: 1
95 nodes with ID: 2
38 nodes with ID: 3
27 nodes with ID: 4
15 nodes with ID: 5
10 nodes with ID: 6
12 nodes with ID: 7
15 nodes with ID: 8
10 nodes with ID: 9
19 nodes with ID: 10
22 nodes with ID: 11
10 nodes with ID: 12
11 nodes with ID: 13
12 nodes with ID: 14
16 nodes with ID: 15
12 nodes with ID: 16
12 nodes with ID: 17
0 nodes with ID: 18
0 nodes with ID: 19
0 nodes with ID: 20
0 nodes with ID: 21
0 nodes with ID: 22
0 nodes with ID: 23
0 nodes with ID: 24
0 nodes with ID: 25
