ArborX version    : 1.4 (dev)
ArborX hash       : No hash available
Kokkos version    : 4.0.99
algorithm         : dbscan
eps               : 1.000000
cluster min size  : 1
implementation    : fdbscan-densebox
verify            : false
minpts            : 10
filename          : /datasets/hacc_37M.arborx [binary, max_pts = -1]
samples           : 1000000
verbose           : true
Reading in "/datasets/hacc_37M.arborx" in binary mode...done
Read in 36902719 3D points
Data sanity check:
p[0] = ( 0.00466919 9.3683 40.6306 )
p[999999] = ( -0.270844 71.2819 71.0654 )
h = 5.773503e-01, n = [139, 139, 139]
#nonempty cells     :     370336
#dense cells        :      12541 [3.39%]
#dense cell points  :     425096 [42.51%]
#mixed primitives   :     587445
-- dense cells      :      0.006
-- construction     :      0.002
-- query+cluster    :      0.016
---- neigh          :      0.006
---- query          :      0.008
-- postprocess      :      0.003
total time          :      0.028

#clusters       : 2133
#cluster points : 861061 [86.11%]
#noise   points : 138939 [13.89%]
