ArborX version    : 1.4 (dev)
ArborX hash       : No hash available
Kokkos version    : 4.0.99
algorithm         : dbscan
eps               : 500.000000
cluster min size  : 1
implementation    : fdbscan-densebox
verify            : false
minpts            : 10
filename          : /datasets/7D_VisualSim_10M.arborx [binary, max_pts = -1]
samples           : 1000000
verbose           : true
Reading in "/datasets/7D_VisualSim_10M.arborx" in binary mode...done
Read in 10000000 7D points
Data sanity check:
p[0] = ( 90911 82560 67735 64071 96947 49339 63892 )
p[999999] = ( 1563 77429 66495 85393 86570 76854 57774 )
h = 1.889822e+02, n = [529, 523, 504, 525, 530, 530, 530]
#nonempty cells     :     541593
#dense cells        :       2106 [0.39%]
#dense cell points  :      23550 [2.36%]
#mixed primitives   :     978556
-- dense cells      :      0.006
-- construction     :      0.004
-- query+cluster    :      0.030
---- neigh          :      0.006
---- query          :      0.022
-- postprocess      :      0.004
total time          :      0.044

#clusters       : 12
#cluster points : 999906 [99.99%]
#noise   points : 94 [0.01%]
