ArborX version    : 1.4 (dev)
ArborX hash       : No hash available
Kokkos version    : 4.0.99
algorithm         : dbscan
eps               : 200.000000
cluster min size  : 1
implementation    : fdbscan-densebox
verify            : false
minpts            : 10
filename          : /datasets/2D_VisualSim_10M.arborx [binary, max_pts = -1]
samples           : 100000
verbose           : true
Reading in "/datasets/2D_VisualSim_10M.arborx" in binary mode...done
Read in 10000000 2D points
Data sanity check:
p[0] = ( 14079 14865 )
p[99999] = ( 61698 60417 )
h = 1.414214e+02, n = [696, 671]
#nonempty cells     :      16206
#dense cells        :       3257 [20.10%]
#dense cell points  :      49827 [49.83%]
#mixed primitives   :      53430
-- dense cells      :      0.003
-- construction     :      0.001
-- query+cluster    :      0.002
---- neigh          :      0.001
---- query          :      0.001
-- postprocess      :      0.000
total time          :      0.007

#clusters       : 43
#cluster points : 99780 [99.78%]
#noise   points : 220 [0.22%]
