ArborX version    : 1.4 (dev)
ArborX hash       : No hash available
Kokkos version    : 4.0.99
algorithm         : dbscan
eps               : 500.000000
cluster min size  : 1
implementation    : fdbscan-densebox
verify            : false
minpts            : 10
filename          : /datasets/7D_VisualVar_10M.arborx [binary, max_pts = -1]
samples           : 1000000
verbose           : true
Reading in "/datasets/7D_VisualVar_10M.arborx" in binary mode...done
Read in 10000000 7D points
Data sanity check:
p[0] = ( 76275 13201 51959 92618 40856 41672 13625 )
p[999999] = ( 12899 45565 95945 25240 90783 79532 42875 )
h = 1.889822e+02, n = [529, 529, 529, 529, 529, 529, 529]
#nonempty cells     :     926991
#dense cells        :        242 [0.03%]
#dense cell points  :       2752 [0.28%]
#mixed primitives   :     997490
-- dense cells      :      0.006
-- construction     :      0.003
-- query+cluster    :      0.013
---- neigh          :      0.005
---- query          :      0.007
-- postprocess      :      0.003
total time          :      0.026

#clusters       : 12580
#cluster points : 319886 [31.99%]
#noise   points : 680114 [68.01%]
