ArborX version    : 1.4 (dev)
ArborX hash       : No hash available
Kokkos version    : 4.0.99
algorithm         : dbscan
eps               : 200.000000
cluster min size  : 1
implementation    : fdbscan-densebox
verify            : false
minpts            : 10
filename          : /datasets/5D_VisualSim_10M.arborx [binary, max_pts = -1]
samples           : 1000000
verbose           : true
Reading in "/datasets/5D_VisualSim_10M.arborx" in binary mode...done
Read in 10000000 5D points
Data sanity check:
p[0] = ( 73479 67155 50366 49924 25125 )
p[999999] = ( 97861 21835 89748 33390 87996 )
h = 8.944272e+01, n = [1111, 1113, 1115, 1118, 1118]
#nonempty cells     :     828044
#dense cells        :          1 [0.00%]
#dense cell points  :         10 [0.00%]
#mixed primitives   :     999991
-- dense cells      :      0.006
-- construction     :      0.003
-- query+cluster    :      0.014
---- neigh          :      0.005
---- query          :      0.008
-- postprocess      :      0.003
total time          :      0.027

#clusters       : 4070
#cluster points : 988843 [98.88%]
#noise   points : 11157 [1.12%]
