filename          : /datasets/ngsim.arborx [max_pts = -1]
minpts            : 10
eps               : 0.500000
samples           : 100000
Reading in "/datasets/ngsim.arborx" in binary mode...done
Read in 11850526 2D points
#samples = 100000
Data sanity check:
p[0] = ( 6.45252e+06 1.87204e+06 )
p[99999] = ( 6.0428e+06 2.13355e+06 )
Total edges are 191794
numPoints: 100000
Init Memory 419.000000, Memory consumed 423.000000
------PERFORMANCE REPORT------
eps	minpts	pts	cluster		n_threads	n_blocks	preproc.	proc.	kernel	total	memory
0.5	10	100000	55		512		196		730.538		98.242	0 	828.784	4
-------------------------------------------

99336 nodes with ID: 0
17 nodes with ID: 1
13 nodes with ID: 2
14 nodes with ID: 3
12 nodes with ID: 4
14 nodes with ID: 5
11 nodes with ID: 6
14 nodes with ID: 7
13 nodes with ID: 8
13 nodes with ID: 9
11 nodes with ID: 10
10 nodes with ID: 11
11 nodes with ID: 12
12 nodes with ID: 13
29 nodes with ID: 14
11 nodes with ID: 15
10 nodes with ID: 16
11 nodes with ID: 17
29 nodes with ID: 18
16 nodes with ID: 19
10 nodes with ID: 20
11 nodes with ID: 21
10 nodes with ID: 22
13 nodes with ID: 23
10 nodes with ID: 24
12 nodes with ID: 25
