ArborX version    : 1.4 (dev)
ArborX hash       : No hash available
Kokkos version    : 4.0.99
algorithm         : dbscan
eps               : 0.010000
cluster min size  : 1
implementation    : fdbscan-densebox
verify            : false
minpts            : 10
filename          : /datasets/PortoTaxi.arborx [binary, max_pts = -1]
samples           : 100000
verbose           : true
Reading in "/datasets/PortoTaxi.arborx" in binary mode...done
Read in 81712629 2D points
Data sanity check:
p[0] = ( -8.64213 41.1712 )
p[99999] = ( -8.60932 41.1812 )
h = 7.071068e-03, n = [243, 279]
#nonempty cells     :       1466
#dense cells        :        344 [23.47%]
#dense cell points  :      97521 [97.52%]
#mixed primitives   :       2823
-- dense cells      :      0.006
-- construction     :      0.000
-- query+cluster    :      0.004
---- neigh          :      0.001
---- query          :      0.002
-- postprocess      :      0.001
total time          :      0.011

#clusters       : 14
#cluster points : 99204 [99.20%]
#noise   points : 796 [0.80%]
