filename          : /datasets/ngsim.arborx [max_pts = -1]
minpts            : 10
eps               : 0.750000
samples           : 100000
Reading in "/datasets/ngsim.arborx" in binary mode...done
Read in 11850526 2D points
#samples = 100000
Data sanity check:
p[0] = ( 6.45252e+06 1.87204e+06 )
p[99999] = ( 6.0428e+06 2.13355e+06 )
Total edges are 302326
numPoints: 100000
Init Memory 419.000000, Memory consumed 423.000000
------PERFORMANCE REPORT------
eps	minpts	pts	cluster		n_threads	n_blocks	preproc.	proc.	kernel	total	memory
0.75	10	100000	216		512		196		729.597		178.228	0 	907.828	4
-------------------------------------------

97126 nodes with ID: 0
13 nodes with ID: 1
29 nodes with ID: 2
39 nodes with ID: 3
33 nodes with ID: 4
20 nodes with ID: 5
13 nodes with ID: 6
12 nodes with ID: 7
26 nodes with ID: 8
13 nodes with ID: 9
14 nodes with ID: 10
18 nodes with ID: 11
14 nodes with ID: 12
13 nodes with ID: 13
13 nodes with ID: 14
17 nodes with ID: 15
14 nodes with ID: 16
37 nodes with ID: 17
13 nodes with ID: 18
14 nodes with ID: 19
16 nodes with ID: 20
12 nodes with ID: 21
11 nodes with ID: 22
16 nodes with ID: 23
13 nodes with ID: 24
12 nodes with ID: 25
