ArborX version    : 1.4 (dev)
ArborX hash       : No hash available
Kokkos version    : 4.0.99
algorithm         : dbscan
eps               : 500.000000
cluster min size  : 1
implementation    : fdbscan
verify            : false
minpts            : 10
filename          : /datasets/7D_VisualVar_10M.arborx [binary, max_pts = -1]
samples           : 1000000
verbose           : true
Reading in "/datasets/7D_VisualVar_10M.arborx" in binary mode...done
Read in 10000000 7D points
Data sanity check:
p[0] = ( 76275 13201 51959 92618 40856 41672 13625 )
p[999999] = ( 12899 45565 95945 25240 90783 79532 42875 )
CUDA occupancy: 80
-- construction     :      0.003
-- query+cluster    :      0.011
---- neigh          :      0.005
---- query          :      0.005
-- postprocess      :      0.005
total time          :      0.020

#clusters       : 12580
#cluster points : 319886 [31.99%]
#noise   points : 680114 [68.01%]
