ArborX version    : 1.4 (dev)
ArborX hash       : No hash available
Kokkos version    : 4.0.99
algorithm         : dbscan
eps               : 1.000000
cluster min size  : 1
implementation    : fdbscan-densebox
verify            : false
minpts            : 10
filename          : /datasets/7D_2.05M_household.arborx [binary, max_pts = -1]
samples           : 1000000
verbose           : true
Reading in "/datasets/7D_2.05M_household.arborx" in binary mode...done
Read in 2049280 7D points
Data sanity check:
p[0] = ( 5.36 0.436 233.63 23 0 1 16 )
p[999999] = ( 0.932 0 239.55 3.8 0 0 0 )
h = 3.779645e-01, n = [30, 4, 82, 128, 233, 212, 83]
#nonempty cells     :     110674
#dense cells        :       8759 [7.91%]
#dense cell points  :     826943 [82.69%]
#mixed primitives   :     181816
-- dense cells      :      0.007
-- construction     :      0.001
-- query+cluster    :      0.147
---- neigh          :      0.022
---- query          :      0.123
-- postprocess      :      0.002
total time          :      0.157

#clusters       : 417
#cluster points : 960283 [96.03%]
#noise   points : 39717 [3.97%]
