ArborX version    : 1.4 (dev)
ArborX hash       : No hash available
Kokkos version    : 4.0.99
algorithm         : dbscan
eps               : 0.010000
cluster min size  : 1
implementation    : fdbscan-densebox
verify            : false
minpts            : 10
filename          : /datasets/hacc_37M.arborx [binary, max_pts = -1]
samples           : 1000000
verbose           : true
Reading in "/datasets/hacc_37M.arborx" in binary mode...done
Read in 36902719 3D points
Data sanity check:
p[0] = ( 0.00466919 9.3683 40.6306 )
p[999999] = ( -0.270844 71.2819 71.0654 )
h = 5.773502e-03, n = [13857, 13857, 13857]
#nonempty cells     :     999158
#dense cells        :          0 [0.00%]
#dense cell points  :          0 [0.00%]
#mixed primitives   :    1000000
-- dense cells      :      0.007
-- construction     :      0.003
-- query+cluster    :      0.005
---- neigh          :      0.002
---- query          :      0.001
-- postprocess      :      0.002
total time          :      0.017

#clusters       : 2
#cluster points : 24 [0.00%]
#noise   points : 999976 [100.00%]
