ArborX version    : 1.4 (dev)
ArborX hash       : No hash available
Kokkos version    : 4.0.99
algorithm         : dbscan
eps               : 100.000000
cluster min size  : 1
implementation    : fdbscan-densebox
verify            : false
minpts            : 10
filename          : /datasets/3D_VisualVar_10M.arborx [binary, max_pts = -1]
samples           : 1000000
verbose           : true
Reading in "/datasets/3D_VisualVar_10M.arborx" in binary mode...done
Read in 10000000 3D points
Data sanity check:
p[0] = ( 44313 10806 49069 )
p[999999] = ( 71978 52402 78668 )
h = 5.773503e+01, n = [1732, 1732, 1732]
#nonempty cells     :     987939
#dense cells        :          0 [0.00%]
#dense cell points  :          0 [0.00%]
#mixed primitives   :    1000000
-- dense cells      :      0.007
-- construction     :      0.003
-- query+cluster    :      0.006
---- neigh          :      0.003
---- query          :      0.002
-- postprocess      :      0.002
total time          :      0.018

#clusters       : 492
#cluster points : 13463 [1.35%]
#noise   points : 986537 [98.65%]
