ArborX version    : 1.4 (dev)
ArborX hash       : No hash available
Kokkos version    : 4.0.99
algorithm         : dbscan
eps               : 0.002000
cluster min size  : 1
implementation    : fdbscan-densebox
verify            : false
minpts            : 10
filename          : /datasets/PortoTaxi.arborx [binary, max_pts = -1]
samples           : 100000
verbose           : true
Reading in "/datasets/PortoTaxi.arborx" in binary mode...done
Read in 81712629 2D points
Data sanity check:
p[0] = ( -8.64213 41.1712 )
p[99999] = ( -8.60932 41.1812 )
h = 1.414214e-03, n = [1211, 1395]
#nonempty cells     :       6952
#dense cells        :       1671 [24.04%]
#dense cell points  :      87795 [87.79%]
#mixed primitives   :      13876
-- dense cells      :      0.004
-- construction     :      0.000
-- query+cluster    :      0.003
---- neigh          :      0.001
---- query          :      0.002
-- postprocess      :      0.001
total time          :      0.008

#clusters       : 61
#cluster points : 96692 [96.69%]
#noise   points : 3308 [3.31%]
