filename          : /datasets/2D_VisualVar_10M.arborx [max_pts = -1]
minpts            : 10
eps               : 200.000000
samples           : 100000
Reading in "/datasets/2D_VisualVar_10M.arborx" in binary mode...done
Read in 10000000 2D points
#samples = 100000
Data sanity check:
p[0] = ( 71712 39034 )
p[99999] = ( 43493 90444 )
Total edges are 1932018
numPoints: 100000
Init Memory 419.000000, Memory consumed 429.000000
------PERFORMANCE REPORT------
eps	minpts	pts	cluster		n_threads	n_blocks	preproc.	proc.	kernel	total	memory
200	10	100000	419		512		196		720.456		339.446	0 	1059.91	10
-------------------------------------------

19885 nodes with ID: 0
13449 nodes with ID: 1
11975 nodes with ID: 2
65 nodes with ID: 3
17 nodes with ID: 4
19 nodes with ID: 5
475 nodes with ID: 6
10 nodes with ID: 7
40 nodes with ID: 8
76 nodes with ID: 9
10 nodes with ID: 10
35 nodes with ID: 11
11 nodes with ID: 12
62 nodes with ID: 13
35 nodes with ID: 14
94 nodes with ID: 15
11 nodes with ID: 16
71 nodes with ID: 17
27 nodes with ID: 18
12 nodes with ID: 19
18 nodes with ID: 20
74 nodes with ID: 21
476 nodes with ID: 22
13 nodes with ID: 23
22 nodes with ID: 24
10 nodes with ID: 25
