filename          : /datasets/2D_VisualSim_10M.arborx [max_pts = -1]
minpts            : 10
eps               : 200.000000
samples           : 100000
Reading in "/datasets/2D_VisualSim_10M.arborx" in binary mode...done
Read in 10000000 2D points
#samples = 100000
Data sanity check:
p[0] = ( 14079 14865 )
p[99999] = ( 61698 60417 )
Total edges are 6143330
numPoints: 100000
Init Memory 419.000000, Memory consumed 445.000000
------PERFORMANCE REPORT------
eps	minpts	pts	cluster		n_threads	n_blocks	preproc.	proc.	kernel	total	memory
200	10	100000	44		512		196		689.198		127.562	0 	816.763	26
-------------------------------------------

220 nodes with ID: 0
5400 nodes with ID: 1
2141 nodes with ID: 2
3286 nodes with ID: 3
42 nodes with ID: 4
17 nodes with ID: 5
94 nodes with ID: 6
408 nodes with ID: 7
13 nodes with ID: 8
10 nodes with ID: 9
29346 nodes with ID: 10
18438 nodes with ID: 11
335 nodes with ID: 12
1837 nodes with ID: 13
26 nodes with ID: 14
2692 nodes with ID: 15
1185 nodes with ID: 16
1126 nodes with ID: 17
160 nodes with ID: 18
2444 nodes with ID: 19
17 nodes with ID: 20
4653 nodes with ID: 21
49 nodes with ID: 22
28 nodes with ID: 23
425 nodes with ID: 24
10794 nodes with ID: 25
