ArborX version    : 1.4 (dev)
ArborX hash       : No hash available
Kokkos version    : 4.0.99
algorithm         : dbscan
eps               : 100.000000
cluster min size  : 1
implementation    : fdbscan-densebox
verify            : false
minpts            : 10
filename          : /datasets/3D_VisualSim_10M.arborx [binary, max_pts = -1]
samples           : 1000000
verbose           : true
Reading in "/datasets/3D_VisualSim_10M.arborx" in binary mode...done
Read in 10000000 3D points
Data sanity check:
p[0] = ( 14931 4079 47911 )
p[999999] = ( 90610 93811 753 )
h = 5.773503e+01, n = [1701, 1732, 1732]
#nonempty cells     :     682184
#dense cells        :         24 [0.00%]
#dense cell points  :        249 [0.02%]
#mixed primitives   :     999775
-- dense cells      :      0.006
-- construction     :      0.003
-- query+cluster    :      0.012
---- neigh          :      0.004
---- query          :      0.007
-- postprocess      :      0.003
total time          :      0.024

#clusters       : 2394
#cluster points : 959201 [95.92%]
#noise   points : 40799 [4.08%]
