filename          : /datasets/PortoTaxi.arborx [max_pts = -1]
minpts            : 10
eps               : 0.002000
samples           : 100000
Reading in "/datasets/PortoTaxi.arborx" in binary mode...done
Read in 81712629 2D points
#samples = 100000
Data sanity check:
p[0] = ( -8.64213 41.1712 )
p[99999] = ( -8.60932 41.1812 )
Total edges are 54741794
numPoints: 100000
Init Memory 419.000000, Memory consumed 631.000000
------PERFORMANCE REPORT------
eps	minpts	pts	cluster		n_threads	n_blocks	preproc.	proc.	kernel	total	memory
0.002	10	100000	62		512		196		1251.24		149.735	0 	1400.97	212
-------------------------------------------

3308 nodes with ID: 0
95515 nodes with ID: 1
95 nodes with ID: 2
36 nodes with ID: 3
8 nodes with ID: 4
46 nodes with ID: 5
29 nodes with ID: 6
33 nodes with ID: 7
40 nodes with ID: 8
29 nodes with ID: 9
30 nodes with ID: 10
13 nodes with ID: 11
12 nodes with ID: 12
34 nodes with ID: 13
33 nodes with ID: 14
18 nodes with ID: 15
10 nodes with ID: 16
34 nodes with ID: 17
16 nodes with ID: 18
23 nodes with ID: 19
16 nodes with ID: 20
12 nodes with ID: 21
27 nodes with ID: 22
17 nodes with ID: 23
21 nodes with ID: 24
20 nodes with ID: 25
