ArborX version    : 1.4 (dev)
ArborX hash       : No hash available
Kokkos version    : 4.0.99
algorithm         : dbscan
eps               : 0.006000
cluster min size  : 1
implementation    : fdbscan
verify            : false
minpts            : 10
filename          : /datasets/PortoTaxi.arborx [binary, max_pts = -1]
samples           : 100000
verbose           : true
Reading in "/datasets/PortoTaxi.arborx" in binary mode...done
Read in 81712629 2D points
Data sanity check:
p[0] = ( -8.64213 41.1712 )
p[99999] = ( -8.60932 41.1812 )
CUDA occupancy: 80
-- construction     :      0.001
-- query+cluster    :      0.049
---- neigh          :      0.001
---- query          :      0.048
-- postprocess      :      0.002
total time          :      0.052

#clusters       : 17
#cluster points : 98740 [98.74%]
#noise   points : 1260 [1.26%]
