ArborX version    : 1.4 (dev)
ArborX hash       : No hash available
Kokkos version    : 4.0.99
algorithm         : dbscan
eps               : 500.000000
cluster min size  : 1
implementation    : fdbscan-densebox
verify            : false
minpts            : 10
filename          : /datasets/2D_VisualSim_10M.arborx [binary, max_pts = -1]
samples           : 100000
verbose           : true
Reading in "/datasets/2D_VisualSim_10M.arborx" in binary mode...done
Read in 10000000 2D points
Data sanity check:
p[0] = ( 14079 14865 )
p[99999] = ( 61698 60417 )
h = 3.535534e+02, n = [279, 269]
#nonempty cells     :       3582
#dense cells        :       2505 [69.93%]
#dense cell points  :      95539 [95.54%]
#mixed primitives   :       6966
-- dense cells      :      0.003
-- construction     :      0.000
-- query+cluster    :      0.002
---- neigh          :      0.001
---- query          :      0.001
-- postprocess      :      0.000
total time          :      0.007

#clusters       : 9
#cluster points : 99989 [99.99%]
#noise   points : 11 [0.01%]
