ArborX version    : 1.4 (dev)
ArborX hash       : No hash available
Kokkos version    : 4.0.99
algorithm         : dbscan
eps               : 0.500000
cluster min size  : 1
implementation    : fdbscan
verify            : false
minpts            : 10
filename          : /datasets/7D_2.05M_household.arborx [binary, max_pts = -1]
samples           : 1000000
verbose           : true
Reading in "/datasets/7D_2.05M_household.arborx" in binary mode...done
Read in 2049280 7D points
Data sanity check:
p[0] = ( 5.36 0.436 233.63 23 0 1 16 )
p[999999] = ( 0.932 0 239.55 3.8 0 0 0 )
CUDA occupancy: 80
-- construction     :      0.003
-- query+cluster    :      0.562
---- neigh          :      0.015
---- query          :      0.545
-- postprocess      :      0.005
total time          :      0.570

#clusters       : 466
#cluster points : 928661 [92.87%]
#noise   points : 71339 [7.13%]
