ArborX version    : 1.4 (dev)
ArborX hash       : No hash available
Kokkos version    : 4.0.99
algorithm         : dbscan
eps               : 5.000000
cluster min size  : 1
implementation    : fdbscan-densebox
verify            : false
minpts            : 10
filename          : /datasets/7D_2.05M_household.arborx [binary, max_pts = -1]
samples           : 1000000
verbose           : true
Reading in "/datasets/7D_2.05M_household.arborx" in binary mode...done
Read in 2049280 7D points
Data sanity check:
p[0] = ( 5.36 0.436 233.63 23 0 1 16 )
p[999999] = ( 0.932 0 239.55 3.8 0 0 0 )
h = 1.889822e+00, n = [6, 1, 17, 26, 47, 43, 17]
#nonempty cells     :      14951
#dense cells        :       2236 [14.96%]
#dense cell points  :     972541 [97.25%]
#mixed primitives   :      29695
-- dense cells      :      0.034
-- construction     :      0.001
-- query+cluster    :      0.093
---- neigh          :      0.002
---- query          :      0.090
-- postprocess      :      0.003
total time          :      0.131

#clusters       : 7
#cluster points : 999629 [99.96%]
#noise   points : 371 [0.04%]
