ArborX version    : 1.4 (dev)
ArborX hash       : No hash available
Kokkos version    : 4.0.99
algorithm         : dbscan
eps               : 0.004000
cluster min size  : 1
implementation    : fdbscan-densebox
verify            : false
minpts            : 10
filename          : /datasets/PortoTaxi.arborx [binary, max_pts = -1]
samples           : 100000
verbose           : true
Reading in "/datasets/PortoTaxi.arborx" in binary mode...done
Read in 81712629 2D points
Data sanity check:
p[0] = ( -8.64213 41.1712 )
p[99999] = ( -8.60932 41.1812 )
h = 2.828427e-03, n = [606, 698]
#nonempty cells     :       3549
#dense cells        :        925 [26.06%]
#dense cell points  :      94281 [94.28%]
#mixed primitives   :       6644
-- dense cells      :      0.005
-- construction     :      0.000
-- query+cluster    :      0.003
---- neigh          :      0.001
---- query          :      0.002
-- postprocess      :      0.001
total time          :      0.009

#clusters       : 26
#cluster points : 98197 [98.20%]
#noise   points : 1803 [1.80%]
