ArborX version    : 1.4 (dev)
ArborX hash       : No hash available
Kokkos version    : 4.0.99
algorithm         : dbscan
eps               : 3000.000000
cluster min size  : 1
implementation    : fdbscan-densebox
verify            : false
minpts            : 10
filename          : /datasets/3D_VisualVar_10M.arborx [binary, max_pts = -1]
samples           : 1000000
verbose           : true
Reading in "/datasets/3D_VisualVar_10M.arborx" in binary mode...done
Read in 10000000 3D points
Data sanity check:
p[0] = ( 44313 10806 49069 )
p[999999] = ( 71978 52402 78668 )
h = 1.732051e+03, n = [58, 58, 58]
#nonempty cells     :      40787
#dense cells        :      22916 [56.18%]
#dense cell points  :     929451 [92.95%]
#mixed primitives   :      93465
-- dense cells      :      0.005
-- construction     :      0.001
-- query+cluster    :      0.012
---- neigh          :      0.003
---- query          :      0.007
-- postprocess      :      0.003
total time          :      0.021

#clusters       : 3
#cluster points : 999946 [99.99%]
#noise   points : 54 [0.01%]
