ArborX version    : 1.4 (dev)
ArborX hash       : No hash available
Kokkos version    : 4.0.99
algorithm         : dbscan
eps               : 100.000000
cluster min size  : 1
implementation    : fdbscan-densebox
verify            : false
minpts            : 10
filename          : /datasets/5D_VisualSim_10M.arborx [binary, max_pts = -1]
samples           : 1000000
verbose           : true
Reading in "/datasets/5D_VisualSim_10M.arborx" in binary mode...done
Read in 10000000 5D points
Data sanity check:
p[0] = ( 73479 67155 50366 49924 25125 )
p[999999] = ( 97861 21835 89748 33390 87996 )
h = 4.472136e+01, n = [2221, 2225, 2230, 2236, 2236]
#nonempty cells     :     988268
#dense cells        :          0 [0.00%]
#dense cell points  :          0 [0.00%]
#mixed primitives   :    1000000
-- dense cells      :      0.006
-- construction     :      0.003
-- query+cluster    :      0.007
---- neigh          :      0.004
---- query          :      0.002
-- postprocess      :      0.003
total time          :      0.020

#clusters       : 15538
#cluster points : 212506 [21.25%]
#noise   points : 787494 [78.75%]
