filename          : /ccs/home/aprokop/csc333_orion//7D_VisualVar_10M.arborx [max_pts = -1]
minpts            : 10
eps               : 1000.000000
samples           : 2097152
Reading in "/ccs/home/aprokop/csc333_orion//7D_VisualVar_10M.arborx" in binary mode...done
Read in 10000000 7D points
Data sanity check:
p[0] = ( 76275 13201 51959 92618 40856 41672 13625 )
p[2097151] = ( 12899 45565 95945 25240 90783 79532 42875 )
::[DBSCANTime] DIM: 7
>testsplit**
>datafile*/ccs/home/aprokop/csc333_orion//7D_VisualVar_10M.arborx*
>rounds*1*
>eps*1000*
>minpts*10*
>dim*7*
>roundsplit**
>serialalgo*parallel*
>ndalgo*nd*
>algo*exact*
>numprocs*112*
>assigngridtime*0.0795619*
>numgrids*1563385*
>buildgetnbrkdt*0.0588341*
>markcoretime*0.281865*
>numcore*2086829*
>numpts*2097152*
clustercore bucketing
>clustercoretime*0.137778*
>assignbordertime*0.00400305*
>cleanuptime*0.0147789*
>totaltime*0.578235*
>roundsplit**
Verbalizing clusters ... 
>numpts*2097152*
>numcore*2086829*
>numborder*9261*
>numnoise*1062*
>numclusterpts*2096093*
>numcluster*58675*
>>>>>>>>>>>>>>>>
Total points: 2097152
Core points: 2086829
Border points: 9261
Noise points: 1062
Total clustered points: 2096093
Num clusters: 58675
clusterid-143052: 23 points
clusterid-152008: 22 points
clusterid-143013: 20 points
clusterid-136056: 21 points
clusterid-120375: 26 points
clusterid-115848: 14 points
clusterid-120368: 19 points
clusterid-125192: 12 points
clusterid-120354: 21 points
clusterid-127617: 23 points
clusterid-142923: 23 points
clusterid-151879: 21 points
clusterid-167490: 25 points
clusterid-151870: 16 points
clusterid-161999: 28 points
clusterid-151910: 19 points
clusterid-167506: 12 points
clusterid-161997: 27 points
clusterid-167501: 20 points
clusterid-167526: 28 points
 ... see output file for more details
>>>>>>>>>>>>>>>>
