filename          : /ccs/home/aprokop/csc333_orion//2D_VisualSim_10M.arborx [max_pts = -1]
minpts            : 10
eps               : 1000.000000
samples           : 131072
Reading in "/ccs/home/aprokop/csc333_orion//2D_VisualSim_10M.arborx" in binary mode...done
Read in 10000000 2D points
Data sanity check:
p[0] = ( 14079 14865 )
p[131071] = ( 61698 60417 )
::[DBSCANTime] DIM: 2
>testsplit**
>datafile*/ccs/home/aprokop/csc333_orion//2D_VisualSim_10M.arborx*
>rounds*1*
>eps*1000*
>minpts*10*
>dim*2*
>roundsplit**
>serialalgo*parallel*
>ndalgo*nd*
>algo*exact*
>numprocs*112*
>assigngridtime*0.00378013*
>numgrids*1162*
>buildgetnbrkdt*0.000669956*
>markcoretime*0.000622034*
>numcore*131061*
>numpts*131072*
clustercore bucketing
>clustercoretime*0.00227189*
>assignbordertime*0.000267982*
>cleanuptime*0.000392914*
>totaltime*0.00889611*
>roundsplit**
Verbalizing clusters ... 
>numpts*131072*
>numcore*131061*
>numborder*0*
>numnoise*11*
>numclusterpts*131061*
>numcluster*9*
>>>>>>>>>>>>>>>>
Total points: 131072
Core points: 131061
Border points: 0
Noise points: 11
Total clustered points: 131061
Num clusters: 9
clusterid-597: 12297 points
clusterid-637: 1429 points
clusterid-251: 3745 points
clusterid-419: 1713 points
clusterid-1160: 24408 points
clusterid-646: 3261 points
clusterid-499: 30683 points
clusterid-903: 39062 points
clusterid-470: 14463 points
>>>>>>>>>>>>>>>>
