filename          : /ccs/home/aprokop/csc333_orion//5D_VisualSim_10M.arborx [max_pts = -1]
minpts            : 10
eps               : 1000.000000
samples           : 2097152
Reading in "/ccs/home/aprokop/csc333_orion//5D_VisualSim_10M.arborx" in binary mode...done
Read in 10000000 5D points
Data sanity check:
p[0] = ( 73479 67155 50366 49924 25125 )
p[2097151] = ( 97861 21835 89748 33390 87996 )
::[DBSCANTime] DIM: 5
>testsplit**
>datafile*/ccs/home/aprokop/csc333_orion//5D_VisualSim_10M.arborx*
>rounds*1*
>eps*1000*
>minpts*10*
>dim*5*
>roundsplit**
>serialalgo*parallel*
>ndalgo*nd*
>algo*exact*
>numprocs*112*
>assigngridtime*0.052916*
>numgrids*110921*
>buildgetnbrkdt*0.00739813*
>markcoretime*0.0349228*
>numcore*2096947*
>numpts*2097152*
clustercore bucketing
>clustercoretime*0.082495*
>assignbordertime*0.000979185*
>cleanuptime*0.00301194*
>totaltime*0.183234*
>roundsplit**
Verbalizing clusters ... 
>numpts*2097152*
>numcore*2096947*
>numborder*0*
>numnoise*205*
>numclusterpts*2096947*
>numcluster*12*
>>>>>>>>>>>>>>>>
Total points: 2097152
Core points: 2096947
Border points: 0
Noise points: 205
Total clustered points: 2096947
Num clusters: 12
clusterid-110312: 130849 points
clusterid-73288: 118193 points
clusterid-100046: 102137 points
clusterid-106164: 55572 points
clusterid-16572: 11530 points
clusterid-45523: 451051 points
clusterid-63040: 456078 points
clusterid-8167: 162309 points
clusterid-110334: 75317 points
clusterid-68146: 180812 points
clusterid-110908: 311864 points
clusterid-77131: 41235 points
>>>>>>>>>>>>>>>>
