filename          : /ccs/home/aprokop/csc333_orion//ngsim.arborx [max_pts = -1]
minpts            : 10
eps               : 1.000000
samples           : 2097152
Reading in "/ccs/home/aprokop/csc333_orion//ngsim.arborx" in binary mode...done
Read in 11850526 2D points
Data sanity check:
p[0] = ( 6.4512e+06 1.87325e+06 )
p[2097151] = ( 6.0428e+06 2.13355e+06 )
::[DBSCANTime] DIM: 2
>testsplit**
>datafile*/ccs/home/aprokop/csc333_orion//ngsim.arborx*
>rounds*1*
>eps*1*
>minpts*10*
>dim*2*
>roundsplit**
>serialalgo*parallel*
>ndalgo*nd*
>algo*exact*
>numprocs*112*
>assigngridtime*0.0509*
>numgrids*411378*
>buildgetnbrkdt*0.016233*
>markcoretime*0.0158911*
>numcore*1870695*
>numpts*2097152*
clustercore bucketing
>clustercoretime*0.022877*
>assignbordertime*0.00528002*
>cleanuptime*0.00456405*
>totaltime*0.117432*
>roundsplit**
Verbalizing clusters ... 
>numpts*2097152*
>numcore*1870695*
>numborder*88586*
>numnoise*137871*
>numclusterpts*1960944*
>numcluster*2585*
>>>>>>>>>>>>>>>>
Total points: 2097152
Core points: 1870695
Border points: 88586
Noise points: 137871
Total clustered points: 1960944
Num clusters: 2585
clusterid-65077: 18 points
clusterid-68868: 19 points
clusterid-283444: 10 points
clusterid-328285: 10 points
clusterid-9705: 10 points
clusterid-133876: 13 points
clusterid-76103: 13 points
clusterid-65403: 13 points
clusterid-32945: 10 points
clusterid-133494: 33 points
clusterid-356495: 10 points
clusterid-278583: 10 points
clusterid-41797: 10 points
clusterid-39974: 10 points
clusterid-19895: 14 points
clusterid-237536: 10 points
clusterid-174376: 15 points
clusterid-322127: 10 points
clusterid-379522: 10 points
clusterid-351176: 10 points
 ... see output file for more details
>>>>>>>>>>>>>>>>
