filename          : /ccs/home/aprokop/csc333_orion//7D_VisualVar_10M.arborx [max_pts = -1]
minpts            : 10
eps               : 1000.000000
samples           : 8388608
Reading in "/ccs/home/aprokop/csc333_orion//7D_VisualVar_10M.arborx" in binary mode...done
Read in 10000000 7D points
Data sanity check:
p[0] = ( 76273 13264 51964 92661 40795 41674 13611 )
p[8388607] = ( 83191 68129 74908 96623 60297 5390 92310 )
::[DBSCANTime] DIM: 7
>testsplit**
>datafile*/ccs/home/aprokop/csc333_orion//7D_VisualVar_10M.arborx*
>rounds*1*
>eps*1000*
>minpts*10*
>dim*7*
>roundsplit**
>serialalgo*parallel*
>ndalgo*nd*
>algo*exact*
>numprocs*112*
>assigngridtime*0.217107*
>numgrids*5244088*
>buildgetnbrkdt*0.177179*
>markcoretime*1.47993*
>numcore*8387756*
>numpts*8388608*
clustercore bucketing
>clustercoretime*1.05655*
>assignbordertime*0.010987*
>cleanuptime*0.100901*
>totaltime*3.04488*
>roundsplit**
Verbalizing clusters ... 
>numpts*8388608*
>numcore*8387756*
>numborder*0*
>numnoise*852*
>numclusterpts*8387756*
>numcluster*55552*
>>>>>>>>>>>>>>>>
Total points: 8388608
Core points: 8387756
Border points: 0
Noise points: 852
Total clustered points: 8387756
Num clusters: 55552
clusterid-517645: 86 points
clusterid-576695: 87 points
clusterid-471946: 84 points
clusterid-446054: 79 points
clusterid-488752: 84 points
clusterid-538430: 88 points
clusterid-576064: 86 points
clusterid-604673: 86 points
clusterid-604715: 85 points
clusterid-576357: 84 points
clusterid-538428: 91 points
clusterid-576066: 87 points
clusterid-633853: 79 points
clusterid-604807: 87 points
clusterid-576356: 90 points
clusterid-516978: 81 points
clusterid-538561: 84 points
clusterid-564050: 88 points
clusterid-507104: 84 points
clusterid-489214: 79 points
 ... see output file for more details
>>>>>>>>>>>>>>>>
