filename          : /ccs/home/aprokop/csc333_orion//5D_VisualVar_10M.arborx [max_pts = -1]
minpts            : 10
eps               : 1000.000000
samples           : 8192
Reading in "/ccs/home/aprokop/csc333_orion//5D_VisualVar_10M.arborx" in binary mode...done
Read in 10000000 5D points
Data sanity check:
p[0] = ( 10536 87015 2862 80684 26469 )
p[8191] = ( 86963 45405 39830 11515 33320 )
::[DBSCANTime] DIM: 5
>testsplit**
>datafile*/ccs/home/aprokop/csc333_orion//5D_VisualVar_10M.arborx*
>rounds*1*
>eps*1000*
>minpts*10*
>dim*5*
>roundsplit**
>serialalgo*parallel*
>ndalgo*nd*
>algo*exact*
>numprocs*112*
>assigngridtime*0.0116849*
>numgrids*7972*
>buildgetnbrkdt*0.00192022*
>markcoretime*0.00229096*
>numcore*194*
>numpts*8192*
clustercore bucketing
>clustercoretime*0.00264788*
>assignbordertime*0.000674963*
>cleanuptime*0.000562191*
>totaltime*0.020709*
>roundsplit**
Verbalizing clusters ... 
>numpts*8192*
>numcore*194*
>numborder*313*
>numnoise*7685*
>numclusterpts*508*
>numcluster*34*
>>>>>>>>>>>>>>>>
Total points: 8192
Core points: 194
Border points: 313
Noise points: 7685
Total clustered points: 508
Num clusters: 34
clusterid-1661: 11 points
clusterid-1844: 21 points
clusterid-1919: 15 points
clusterid-4244: 19 points
clusterid-677: 13 points
clusterid-3635: 12 points
clusterid-1469: 10 points
clusterid-879: 14 points
clusterid-869: 35 points
clusterid-1103: 17 points
clusterid-4407: 13 points
clusterid-707: 10 points
clusterid-852: 34 points
clusterid-3781: 11 points
clusterid-917: 13 points
clusterid-711: 11 points
clusterid-945: 18 points
clusterid-828: 13 points
clusterid-4250: 10 points
clusterid-4153: 16 points
 ... see output file for more details
>>>>>>>>>>>>>>>>
