filename          : /ccs/home/aprokop/csc333_orion//5D_VisualSim_10M.arborx [max_pts = -1]
minpts            : 10
eps               : 1000.000000
samples           : 32768
Reading in "/ccs/home/aprokop/csc333_orion//5D_VisualSim_10M.arborx" in binary mode...done
Read in 10000000 5D points
Data sanity check:
p[0] = ( 73505 67122 50380 49911 25132 )
p[32767] = ( 58702 45173 69477 74158 6929 )
::[DBSCANTime] DIM: 5
>testsplit**
>datafile*/ccs/home/aprokop/csc333_orion//5D_VisualSim_10M.arborx*
>rounds*1*
>eps*1000*
>minpts*10*
>dim*5*
>roundsplit**
>serialalgo*parallel*
>ndalgo*nd*
>algo*exact*
>numprocs*112*
>assigngridtime*0.0026269*
>numgrids*23643*
>buildgetnbrkdt*0.00254202*
>markcoretime*0.069371*
>numcore*28917*
>numpts*32768*
clustercore bucketing
>clustercoretime*0.00443816*
>assignbordertime*0.000712872*
>cleanuptime*0.000545979*
>totaltime*0.081002*
>roundsplit**
Verbalizing clusters ... 
>numpts*32768*
>numcore*28917*
>numborder*3378*
>numnoise*473*
>numclusterpts*32507*
>numcluster*295*
>>>>>>>>>>>>>>>>
Total points: 32768
Core points: 28917
Border points: 3378
Noise points: 473
Total clustered points: 32507
Num clusters: 295
clusterid-19154: 33 points
clusterid-19098: 29 points
clusterid-19775: 213 points
clusterid-17812: 162 points
clusterid-19822: 15 points
clusterid-22135: 225 points
clusterid-21723: 19 points
clusterid-23512: 47 points
clusterid-15362: 40 points
clusterid-15568: 63 points
clusterid-15316: 15 points
clusterid-15327: 126 points
clusterid-18209: 129 points
clusterid-14963: 153 points
clusterid-14778: 60 points
clusterid-14807: 36 points
clusterid-14769: 102 points
clusterid-14523: 14 points
clusterid-14394: 24 points
clusterid-14393: 27 points
 ... see output file for more details
>>>>>>>>>>>>>>>>
