filename          : /ccs/home/aprokop/csc333_orion//3D_VisualSim_10M.arborx [max_pts = -1]
minpts            : 10
eps               : 1000.000000
samples           : 8388608
Reading in "/ccs/home/aprokop/csc333_orion//3D_VisualSim_10M.arborx" in binary mode...done
Read in 10000000 3D points
Data sanity check:
p[0] = ( 14949 4115 47855 )
p[8388607] = ( 41460 22871 96044 )
::[DBSCANTime] DIM: 3
>testsplit**
>datafile*/ccs/home/aprokop/csc333_orion//3D_VisualSim_10M.arborx*
>rounds*1*
>eps*1000*
>minpts*10*
>dim*3*
>roundsplit**
>serialalgo*parallel*
>ndalgo*nd*
>algo*exact*
>numprocs*112*
>assigngridtime*0.0964429*
>numgrids*11291*
>buildgetnbrkdt*0.00195312*
>markcoretime*0.00758982*
>numcore*8387770*
>numpts*8388608*
clustercore bucketing
>clustercoretime*0.0283821*
>assignbordertime*0.000781059*
>cleanuptime*0.00299692*
>totaltime*0.141083*
>roundsplit**
Verbalizing clusters ... 
>numpts*8388608*
>numcore*8387770*
>numborder*0*
>numnoise*838*
>numclusterpts*8387770*
>numcluster*11*
>>>>>>>>>>>>>>>>
Total points: 8388608
Core points: 8387770
Border points: 0
Noise points: 838
Total clustered points: 8387770
Num clusters: 11
clusterid-8884: 246973 points
clusterid-10894: 1099262 points
clusterid-4366: 975698 points
clusterid-5186: 431898 points
clusterid-3012: 296015 points
clusterid-7154: 441569 points
clusterid-9091: 2310613 points
clusterid-2997: 556713 points
clusterid-10037: 472730 points
clusterid-11290: 221308 points
clusterid-2853: 1334991 points
>>>>>>>>>>>>>>>>
