filename          : /ccs/home/aprokop/csc333_orion//hacc_37M.arborx [max_pts = -1]
minpts            : 10
eps               : 0.042000
samples           : 8388608
Reading in "/ccs/home/aprokop/csc333_orion//hacc_37M.arborx" in binary mode...done
Read in 36902719 3D points
Data sanity check:
p[0] = ( 0.00466919 9.3683 40.6306 )
p[8388607] = ( -0.297852 71.5513 71.4875 )
::[DBSCANTime] DIM: 3
>testsplit**
>datafile*/ccs/home/aprokop/csc333_orion//hacc_37M.arborx*
>rounds*1*
>eps*0.042*
>minpts*10*
>dim*3*
>roundsplit**
>serialalgo*parallel*
>ndalgo*nd*
>algo*exact*
>numprocs*112*
>assigngridtime*0.155808*
>numgrids*7440950*
>buildgetnbrkdt*0.230784*
>markcoretime*0.24912*
>numcore*1428311*
>numpts*8388608*
clustercore bucketing
>clustercoretime*0.0837231*
>assignbordertime*0.024204*
>cleanuptime*0.0362129*
>totaltime*0.782097*
>roundsplit**
Verbalizing clusters ... 
>numpts*8388608*
>numcore*1428311*
>numborder*429160*
>numnoise*6531137*
>numclusterpts*1861261*
>numcluster*26022*
>>>>>>>>>>>>>>>>
Total points: 8388608
Core points: 1428311
Border points: 429160
Noise points: 6531137
Total clustered points: 1861261
Num clusters: 26022
clusterid-568644: 26 points
clusterid-581494: 70 points
clusterid-422478: 38 points
clusterid-318695: 40 points
clusterid-7407043: 22 points
clusterid-7417292: 13 points
clusterid-7333758: 37 points
clusterid-7355331: 242 points
clusterid-7253779: 13 points
clusterid-7207522: 10 points
clusterid-7181112: 13 points
clusterid-7155651: 16 points
clusterid-7070399: 11 points
clusterid-7135625: 20 points
clusterid-6969526: 19 points
clusterid-6951888: 96 points
clusterid-6811382: 12 points
clusterid-6808789: 12 points
clusterid-7264392: 37 points
clusterid-7210564: 28 points
 ... see output file for more details
>>>>>>>>>>>>>>>>
