filename          : /ccs/home/aprokop/csc333_orion//ngsim.arborx [max_pts = -1]
minpts            : 10
eps               : 1.000000
samples           : 524288
Reading in "/ccs/home/aprokop/csc333_orion//ngsim.arborx" in binary mode...done
Read in 11850526 2D points
Data sanity check:
p[0] = ( 2.23052e+06 1.37592e+06 )
p[524287] = ( 6.0428e+06 2.13355e+06 )
::[DBSCANTime] DIM: 2
>testsplit**
>datafile*/ccs/home/aprokop/csc333_orion//ngsim.arborx*
>rounds*1*
>eps*1*
>minpts*10*
>dim*2*
>roundsplit**
>serialalgo*parallel*
>ndalgo*nd*
>algo*exact*
>numprocs*112*
>assigngridtime*0.0171812*
>numgrids*225012*
>buildgetnbrkdt*0.0153708*
>markcoretime*0.0228372*
>numcore*363734*
>numpts*524288*
clustercore bucketing
>clustercoretime*0.016721*
>assignbordertime*0.00254202*
>cleanuptime*0.00148392*
>totaltime*0.0769989*
>roundsplit**
Verbalizing clusters ... 
>numpts*524288*
>numcore*363734*
>numborder*62944*
>numnoise*97610*
>numclusterpts*427618*
>numcluster*1587*
>>>>>>>>>>>>>>>>
Total points: 524288
Core points: 363734
Border points: 62944
Noise points: 97610
Total clustered points: 427618
Num clusters: 1587
clusterid-70849: 12 points
clusterid-49499: 12 points
clusterid-82327: 10 points
clusterid-68266: 10 points
clusterid-33200: 17 points
clusterid-79828: 12 points
clusterid-42224: 18 points
clusterid-29381: 18 points
clusterid-29350: 10 points
clusterid-68374: 10 points
clusterid-48414: 11 points
clusterid-23441: 15 points
clusterid-49305: 22 points
clusterid-26970: 14 points
clusterid-80961: 15 points
clusterid-24723: 12 points
clusterid-80699: 13 points
clusterid-33590: 10 points
clusterid-46295: 11 points
clusterid-31009: 10 points
 ... see output file for more details
>>>>>>>>>>>>>>>>
