ArborX version    : 1.4 (dev)
ArborX hash       : No hash available
Kokkos version    : 4.0.99
algorithm         : dbscan
eps               : 1000.000000
cluster min size  : 1
implementation    : fdbscan-densebox
verify            : false
minpts            : 50
filename          : /datasets/2D_VisualVar_10M.arborx [binary, max_pts = -1]
samples           : 100000
verbose           : true
Reading in "/datasets/2D_VisualVar_10M.arborx" in binary mode...done
Read in 10000000 2D points
Data sanity check:
p[0] = ( 71712 39034 )
p[99999] = ( 43493 90444 )
h = 7.071068e+02, n = [139, 139]
#nonempty cells     :       4023
#dense cells        :        630 [15.66%]
#dense cell points  :      53477 [53.48%]
#mixed primitives   :      47153
-- dense cells      :      0.004
-- construction     :      0.001
-- query+cluster    :      0.005
---- neigh          :      0.002
---- query          :      0.003
-- postprocess      :      0.000
total time          :      0.010

#clusters       : 21
#cluster points : 98063 [98.06%]
#noise   points : 1937 [1.94%]
