filename          : /datasets/ngsim.arborx [max_pts = -1]
minpts            : 100
eps               : 1.000000
samples           : 100000
Reading in "/datasets/ngsim.arborx" in binary mode...done
Read in 11850526 2D points
#samples = 100000
Data sanity check:
p[0] = ( 6.45252e+06 1.87204e+06 )
p[99999] = ( 6.0428e+06 2.13355e+06 )
Total edges are 380938
numPoints: 100000
Init Memory 419.000000, Memory consumed 423.000000
------PERFORMANCE REPORT------
eps	minpts	pts	cluster		n_threads	n_blocks	preproc.	proc.	kernel	total	memory
1	100	100000	1		512		196		731.556		60.289	0 	791.848	4
-------------------------------------------

100000 nodes with ID: 0
0 nodes with ID: 1
0 nodes with ID: 2
0 nodes with ID: 3
0 nodes with ID: 4
0 nodes with ID: 5
0 nodes with ID: 6
0 nodes with ID: 7
0 nodes with ID: 8
0 nodes with ID: 9
0 nodes with ID: 10
0 nodes with ID: 11
0 nodes with ID: 12
0 nodes with ID: 13
0 nodes with ID: 14
0 nodes with ID: 15
0 nodes with ID: 16
0 nodes with ID: 17
0 nodes with ID: 18
0 nodes with ID: 19
0 nodes with ID: 20
0 nodes with ID: 21
0 nodes with ID: 22
0 nodes with ID: 23
0 nodes with ID: 24
0 nodes with ID: 25
