ArborX version    : 1.4 (dev)
ArborX hash       : No hash available
Kokkos version    : 4.0.99
algorithm         : dbscan
eps               : 1000.000000
cluster min size  : 1
implementation    : fdbscan-densebox
verify            : false
minpts            : 50
filename          : /datasets/5D_VisualVar_10M.arborx [binary, max_pts = -1]
samples           : 1000000
verbose           : true
Reading in "/datasets/5D_VisualVar_10M.arborx" in binary mode...done
Read in 10000000 5D points
Data sanity check:
p[0] = ( 11011 86614 4438 79761 25983 )
p[999999] = ( 13367 57452 92018 45731 43925 )
h = 4.472136e+02, n = [224, 224, 224, 224, 224]
#nonempty cells     :     590295
#dense cells        :        404 [0.07%]
#dense cell points  :      26095 [2.61%]
#mixed primitives   :     974309
-- dense cells      :      0.006
-- construction     :      0.003
-- query+cluster    :      0.050
---- neigh          :      0.008
---- query          :      0.040
-- postprocess      :      0.003
total time          :      0.062

#clusters       : 790
#cluster points : 549768 [54.98%]
#noise   points : 450232 [45.02%]
