ArborX version    : 1.4 (dev)
ArborX hash       : No hash available
Kokkos version    : 4.0.99
algorithm         : dbscan
eps               : 1000.000000
cluster min size  : 1
implementation    : fdbscan
verify            : false
minpts            : 1000
filename          : /datasets/7D_VisualVar_10M.arborx [binary, max_pts = -1]
samples           : 1000000
verbose           : true
Reading in "/datasets/7D_VisualVar_10M.arborx" in binary mode...done
Read in 10000000 7D points
Data sanity check:
p[0] = ( 76275 13201 51959 92618 40856 41672 13625 )
p[999999] = ( 12899 45565 95945 25240 90783 79532 42875 )
CUDA occupancy: 80
-- construction     :      0.003
-- query+cluster    :      0.023
---- neigh          :      0.013
---- query          :      0.009
-- postprocess      :      0.004
total time          :      0.031

#clusters       : 0
#cluster points : 0 [0.00%]
#noise   points : 1000000 [100.00%]
