ArborX version    : 1.4 (dev)
ArborX hash       : No hash available
Kokkos version    : 4.0.99
algorithm         : dbscan
eps               : 0.005000
cluster min size  : 1
implementation    : fdbscan-densebox
verify            : false
minpts            : 1000
filename          : /datasets/PortoTaxi.arborx [binary, max_pts = -1]
samples           : 100000
verbose           : true
Reading in "/datasets/PortoTaxi.arborx" in binary mode...done
Read in 81712629 2D points
Data sanity check:
p[0] = ( -8.64213 41.1712 )
p[99999] = ( -8.60932 41.1812 )
h = 3.535534e-03, n = [485, 558]
#nonempty cells     :       2863
#dense cells        :         12 [0.42%]
#dense cell points  :      16530 [16.53%]
#mixed primitives   :      83482
-- dense cells      :      0.005
-- construction     :      0.001
-- query+cluster    :      0.153
---- neigh          :      0.089
---- query          :      0.063
-- postprocess      :      0.001
total time          :      0.159

#clusters       : 2
#cluster points : 79888 [79.89%]
#noise   points : 20112 [20.11%]
