ArborX version    : 1.4 (dev)
ArborX hash       : No hash available
Kokkos version    : 4.0.99
algorithm         : dbscan
eps               : 1000.000000
cluster min size  : 1
implementation    : fdbscan-densebox
verify            : false
minpts            : 1000
filename          : /datasets/3D_VisualVar_10M.arborx [binary, max_pts = -1]
samples           : 1000000
verbose           : true
Reading in "/datasets/3D_VisualVar_10M.arborx" in binary mode...done
Read in 10000000 3D points
Data sanity check:
p[0] = ( 44313 10806 49069 )
p[999999] = ( 71978 52402 78668 )
h = 5.773503e+02, n = [174, 174, 174]
#nonempty cells     :     354567
#dense cells        :          0 [0.00%]
#dense cell points  :          0 [0.00%]
#mixed primitives   :    1000000
-- dense cells      :      0.005
-- construction     :      0.003
-- query+cluster    :      0.058
---- neigh          :      0.029
---- query          :      0.027
-- postprocess      :      0.002
total time          :      0.069

#clusters       : 25
#cluster points : 70583 [7.06%]
#noise   points : 929417 [92.94%]
