ArborX version    : 1.4 (dev)
ArborX hash       : No hash available
Kokkos version    : 4.0.99
algorithm         : dbscan
eps               : 1000.000000
cluster min size  : 1
implementation    : fdbscan
verify            : false
minpts            : 1000
filename          : /datasets/2D_VisualSim_10M.arborx [binary, max_pts = -1]
samples           : 100000
verbose           : true
Reading in "/datasets/2D_VisualSim_10M.arborx" in binary mode...done
Read in 10000000 2D points
Data sanity check:
p[0] = ( 14079 14865 )
p[99999] = ( 61698 60417 )
CUDA occupancy: 80
-- construction     :      0.001
-- query+cluster    :      0.020
---- neigh          :      0.010
---- query          :      0.009
-- postprocess      :      0.002
total time          :      0.023

#clusters       : 16
#cluster points : 60389 [60.39%]
#noise   points : 39611 [39.61%]
