ArborX version    : 1.4 (dev)
ArborX hash       : No hash available
Kokkos version    : 4.0.99
algorithm         : dbscan
eps               : 1000.000000
cluster min size  : 1
implementation    : fdbscan-densebox
verify            : false
minpts            : 500
filename          : /datasets/7D_VisualVar_10M.arborx [binary, max_pts = -1]
samples           : 1000000
verbose           : true
Reading in "/datasets/7D_VisualVar_10M.arborx" in binary mode...done
Read in 10000000 7D points
Data sanity check:
p[0] = ( 76275 13201 51959 92618 40856 41672 13625 )
p[999999] = ( 12899 45565 95945 25240 90783 79532 42875 )
h = 3.779645e+02, n = [265, 265, 265, 265, 265, 265, 265]
#nonempty cells     :     805184
#dense cells        :          0 [0.00%]
#dense cell points  :          0 [0.00%]
#mixed primitives   :    1000000
-- dense cells      :      0.006
-- construction     :      0.004
-- query+cluster    :      0.025
---- neigh          :      0.016
---- query          :      0.008
-- postprocess      :      0.002
total time          :      0.038

#clusters       : 19
#cluster points : 13706 [1.37%]
#noise   points : 986294 [98.63%]
