filename          : /datasets/2D_VisualVar_10M.arborx [max_pts = -1]
minpts            : 100
eps               : 1000.000000
samples           : 100000
Reading in "/datasets/2D_VisualVar_10M.arborx" in binary mode...done
Read in 10000000 2D points
#samples = 100000
Data sanity check:
p[0] = ( 71712 39034 )
p[99999] = ( 43493 90444 )
Total edges are 34121110
numPoints: 100000
Init Memory 419.000000, Memory consumed 553.000000
------PERFORMANCE REPORT------
eps	minpts	pts	cluster		n_threads	n_blocks	preproc.	proc.	kernel	total	memory
1000	100	100000	22		512		196		700.075		128.598	0 	828.676	134
-------------------------------------------

6727 nodes with ID: 0
22696 nodes with ID: 1
51580 nodes with ID: 2
10965 nodes with ID: 3
145 nodes with ID: 4
244 nodes with ID: 5
135 nodes with ID: 6
191 nodes with ID: 7
413 nodes with ID: 8
493 nodes with ID: 9
2180 nodes with ID: 10
324 nodes with ID: 11
1153 nodes with ID: 12
106 nodes with ID: 13
397 nodes with ID: 14
702 nodes with ID: 15
350 nodes with ID: 16
201 nodes with ID: 17
228 nodes with ID: 18
102 nodes with ID: 19
424 nodes with ID: 20
244 nodes with ID: 21
0 nodes with ID: 22
0 nodes with ID: 23
0 nodes with ID: 24
0 nodes with ID: 25
