ArborX version    : 1.4 (dev)
ArborX hash       : No hash available
Kokkos version    : 4.0.99
algorithm         : dbscan
eps               : 1000.000000
cluster min size  : 1
implementation    : fdbscan-densebox
verify            : false
minpts            : 1000
filename          : /datasets/2D_VisualSim_10M.arborx [binary, max_pts = -1]
samples           : 100000
verbose           : true
Reading in "/datasets/2D_VisualSim_10M.arborx" in binary mode...done
Read in 10000000 2D points
Data sanity check:
p[0] = ( 14079 14865 )
p[99999] = ( 61698 60417 )
h = 7.071068e+02, n = [140, 135]
#nonempty cells     :       1156
#dense cells        :          0 [0.00%]
#dense cell points  :          0 [0.00%]
#mixed primitives   :     100000
-- dense cells      :      0.003
-- construction     :      0.001
-- query+cluster    :      0.042
---- neigh          :      0.017
---- query          :      0.025
-- postprocess      :      0.000
total time          :      0.047

#clusters       : 16
#cluster points : 60389 [60.39%]
#noise   points : 39611 [39.61%]
