ArborX version    : 1.4 (dev)
ArborX hash       : No hash available
Kokkos version    : 4.0.99
algorithm         : dbscan
eps               : 2.000000
cluster min size  : 1
implementation    : fdbscan
verify            : false
minpts            : 500
filename          : /datasets/7D_2.05M_household.arborx [binary, max_pts = -1]
samples           : 1000000
verbose           : true
Reading in "/datasets/7D_2.05M_household.arborx" in binary mode...done
Read in 2049280 7D points
Data sanity check:
p[0] = ( 5.36 0.436 233.63 23 0 1 16 )
p[999999] = ( 0.932 0 239.55 3.8 0 0 0 )
CUDA occupancy: 80
-- construction     :      0.002
-- query+cluster    :      7.611
---- neigh          :      0.109
---- query          :      7.500
-- postprocess      :      0.005
total time          :      7.619

#clusters       : 7
#cluster points : 956917 [95.69%]
#noise   points : 43083 [4.31%]
