filename          : /datasets/2D_VisualVar_10M.arborx [max_pts = -1]
minpts            : 50
eps               : 1000.000000
samples           : 100000
Reading in "/datasets/2D_VisualVar_10M.arborx" in binary mode...done
Read in 10000000 2D points
#samples = 100000
Data sanity check:
p[0] = ( 71712 39034 )
p[99999] = ( 43493 90444 )
Total edges are 34121110
numPoints: 100000
Init Memory 419.000000, Memory consumed 553.000000
------PERFORMANCE REPORT------
eps	minpts	pts	cluster		n_threads	n_blocks	preproc.	proc.	kernel	total	memory
1000	50	100000	22		512		196		709.547		121.89	0 	831.44	134
-------------------------------------------

1937 nodes with ID: 0
30030 nodes with ID: 1
62960 nodes with ID: 2
220 nodes with ID: 3
100 nodes with ID: 4
69 nodes with ID: 5
69 nodes with ID: 6
101 nodes with ID: 7
130 nodes with ID: 8
61 nodes with ID: 9
56 nodes with ID: 10
263 nodes with ID: 11
76 nodes with ID: 12
122 nodes with ID: 13
982 nodes with ID: 14
83 nodes with ID: 15
174 nodes with ID: 16
50 nodes with ID: 17
84 nodes with ID: 18
299 nodes with ID: 19
1931 nodes with ID: 20
203 nodes with ID: 21
0 nodes with ID: 22
0 nodes with ID: 23
0 nodes with ID: 24
0 nodes with ID: 25
