ArborX version    : 1.4 (dev)
ArborX hash       : No hash available
Kokkos version    : 4.0.99
algorithm         : dbscan
eps               : 0.005000
cluster min size  : 1
implementation    : fdbscan-densebox
verify            : false
minpts            : 500
filename          : /datasets/PortoTaxi.arborx [binary, max_pts = -1]
samples           : 100000
verbose           : true
Reading in "/datasets/PortoTaxi.arborx" in binary mode...done
Read in 81712629 2D points
Data sanity check:
p[0] = ( -8.64213 41.1712 )
p[99999] = ( -8.60932 41.1812 )
h = 3.535534e-03, n = [485, 558]
#nonempty cells     :       2863
#dense cells        :         40 [1.40%]
#dense cell points  :      35395 [35.40%]
#mixed primitives   :      64645
-- dense cells      :      0.005
-- construction     :      0.001
-- query+cluster    :      0.083
---- neigh          :      0.048
---- query          :      0.034
-- postprocess      :      0.001
total time          :      0.089

#clusters       : 2
#cluster points : 86071 [86.07%]
#noise   points : 13929 [13.93%]
