filename          : /datasets/2D_VisualSim_10M.arborx [max_pts = -1]
minpts            : 1000
eps               : 1000.000000
samples           : 100000
Reading in "/datasets/2D_VisualSim_10M.arborx" in binary mode...done
Read in 10000000 2D points
#samples = 100000
Data sanity check:
p[0] = ( 14079 14865 )
p[99999] = ( 61698 60417 )
Total edges are 88688406
numPoints: 100000
Init Memory 419.000000, Memory consumed 761.000000
------PERFORMANCE REPORT------
eps	minpts	pts	cluster		n_threads	n_blocks	preproc.	proc.	kernel	total	memory
1000	1000	100000	17		512		196		716.246		139.755	0 	856.004	342
-------------------------------------------

39611 nodes with ID: 0
1726 nodes with ID: 1
1782 nodes with ID: 2
20776 nodes with ID: 3
13550 nodes with ID: 4
1302 nodes with ID: 5
1163 nodes with ID: 6
1350 nodes with ID: 7
1947 nodes with ID: 8
2608 nodes with ID: 9
1731 nodes with ID: 10
1943 nodes with ID: 11
1203 nodes with ID: 12
1085 nodes with ID: 13
1315 nodes with ID: 14
1065 nodes with ID: 15
5843 nodes with ID: 16
0 nodes with ID: 17
0 nodes with ID: 18
0 nodes with ID: 19
0 nodes with ID: 20
0 nodes with ID: 21
0 nodes with ID: 22
0 nodes with ID: 23
0 nodes with ID: 24
0 nodes with ID: 25
