filename          : /datasets/2D_VisualSim_10M.arborx [max_pts = -1]
minpts            : 500
eps               : 1000.000000
samples           : 100000
Reading in "/datasets/2D_VisualSim_10M.arborx" in binary mode...done
Read in 10000000 2D points
#samples = 100000
Data sanity check:
p[0] = ( 14079 14865 )
p[99999] = ( 61698 60417 )
Total edges are 88688406
numPoints: 100000
Init Memory 419.000000, Memory consumed 761.000000
------PERFORMANCE REPORT------
eps	minpts	pts	cluster		n_threads	n_blocks	preproc.	proc.	kernel	total	memory
1000	500	100000	21		512		196		719.699		160.721	0 	880.423	342
-------------------------------------------

5540 nodes with ID: 0
4915 nodes with ID: 1
3532 nodes with ID: 2
1658 nodes with ID: 3
28807 nodes with ID: 4
18289 nodes with ID: 5
1811 nodes with ID: 6
2255 nodes with ID: 7
1183 nodes with ID: 8
1219 nodes with ID: 9
2328 nodes with ID: 10
2091 nodes with ID: 11
596 nodes with ID: 12
10588 nodes with ID: 13
1462 nodes with ID: 14
690 nodes with ID: 15
1172 nodes with ID: 16
1438 nodes with ID: 17
1095 nodes with ID: 18
1604 nodes with ID: 19
7727 nodes with ID: 20
0 nodes with ID: 21
0 nodes with ID: 22
0 nodes with ID: 23
0 nodes with ID: 24
0 nodes with ID: 25
