ArborX version    : 1.4 (dev)
ArborX hash       : No hash available
Kokkos version    : 4.0.99
algorithm         : dbscan
eps               : 0.005000
cluster min size  : 1
implementation    : fdbscan-densebox
verify            : false
minpts            : 100
filename          : /datasets/PortoTaxi.arborx [binary, max_pts = -1]
samples           : 100000
verbose           : true
Reading in "/datasets/PortoTaxi.arborx" in binary mode...done
Read in 81712629 2D points
Data sanity check:
p[0] = ( -8.64213 41.1712 )
p[99999] = ( -8.60932 41.1812 )
h = 3.535534e-03, n = [485, 558]
#nonempty cells     :       2863
#dense cells        :        220 [7.68%]
#dense cell points  :      77653 [77.65%]
#mixed primitives   :      22567
-- dense cells      :      0.005
-- construction     :      0.001
-- query+cluster    :      0.013
---- neigh          :      0.006
---- query          :      0.006
-- postprocess      :      0.001
total time          :      0.019

#clusters       : 5
#cluster points : 95176 [95.18%]
#noise   points : 4824 [4.82%]
