ArborX version    : 1.4 (dev)
ArborX hash       : No hash available
Kokkos version    : 4.0.99
algorithm         : dbscan
eps               : 1000.000000
cluster min size  : 1
implementation    : fdbscan-densebox
verify            : false
minpts            : 10
filename          : /datasets/5D_VisualSim_10M.arborx [binary, max_pts = -1]
samples           : 1000000
verbose           : true
Reading in "/datasets/5D_VisualSim_10M.arborx" in binary mode...done
Read in 10000000 5D points
Data sanity check:
p[0] = ( 73479 67155 50366 49924 25125 )
p[999999] = ( 97861 21835 89748 33390 87996 )
h = 4.472136e+02, n = [223, 223, 223, 224, 224]
#nonempty cells     :      97200
#dense cells        :      34052 [35.03%]
#dense cell points  :     775929 [77.59%]
#mixed primitives   :     258123
-- dense cells      :      0.006
-- construction     :      0.001
-- query+cluster    :      0.037
---- neigh          :      0.004
---- query          :      0.031
-- postprocess      :      0.003
total time          :      0.048

#clusters       : 12
#cluster points : 999906 [99.99%]
#noise   points : 94 [0.01%]
