ArborX version    : 1.4 (dev)
ArborX hash       : No hash available
Kokkos version    : 4.0.99
algorithm         : dbscan
eps               : 1000.000000
cluster min size  : 1
implementation    : fdbscan-densebox
verify            : false
minpts            : 10
filename          : /datasets/3D_VisualVar_10M.arborx [binary, max_pts = -1]
samples           : 1000000
verbose           : true
Reading in "/datasets/3D_VisualVar_10M.arborx" in binary mode...done
Read in 10000000 3D points
Data sanity check:
p[0] = ( 44313 10806 49069 )
p[999999] = ( 71978 52402 78668 )
h = 5.773503e+02, n = [174, 174, 174]
#nonempty cells     :     354567
#dense cells        :       9483 [2.67%]
#dense cell points  :     228276 [22.83%]
#mixed primitives   :     781207
-- dense cells      :      0.006
-- construction     :      0.002
-- query+cluster    :      0.018
---- neigh          :      0.004
---- query          :      0.012
-- postprocess      :      0.004
total time          :      0.030

#clusters       : 98
#cluster points : 998212 [99.82%]
#noise   points : 1788 [0.18%]
