ArborX version    : 1.4 (dev)
ArborX hash       : No hash available
Kokkos version    : 4.0.99
algorithm         : dbscan
eps               : 1000.000000
cluster min size  : 1
implementation    : fdbscan-densebox
verify            : false
minpts            : 50
filename          : /datasets/7D_VisualSim_10M.arborx [binary, max_pts = -1]
samples           : 1000000
verbose           : true
Reading in "/datasets/7D_VisualSim_10M.arborx" in binary mode...done
Read in 10000000 7D points
Data sanity check:
p[0] = ( 90911 82560 67735 64071 96947 49339 63892 )
p[999999] = ( 1563 77429 66495 85393 86570 76854 57774 )
h = 3.779645e+02, n = [265, 262, 252, 263, 265, 265, 265]
#nonempty cells     :     255982
#dense cells        :          2 [0.00%]
#dense cell points  :        107 [0.01%]
#mixed primitives   :     999895
-- dense cells      :      0.005
-- construction     :      0.004
-- query+cluster    :      0.080
---- neigh          :      0.013
---- query          :      0.065
-- postprocess      :      0.004
total time          :      0.093

#clusters       : 12
#cluster points : 999906 [99.99%]
#noise   points : 94 [0.01%]
