ArborX version    : 1.4 (dev)
ArborX hash       : No hash available
Kokkos version    : 4.0.99
algorithm         : dbscan
eps               : 1000.000000
cluster min size  : 1
implementation    : fdbscan
verify            : false
minpts            : 500
filename          : /datasets/3D_VisualVar_10M.arborx [binary, max_pts = -1]
samples           : 1000000
verbose           : true
Reading in "/datasets/3D_VisualVar_10M.arborx" in binary mode...done
Read in 10000000 3D points
Data sanity check:
p[0] = ( 44313 10806 49069 )
p[999999] = ( 71978 52402 78668 )
CUDA occupancy: 80
-- construction     :      0.002
-- query+cluster    :      0.043
---- neigh          :      0.023
---- query          :      0.019
-- postprocess      :      0.004
total time          :      0.051

#clusters       : 49
#cluster points : 158912 [15.89%]
#noise   points : 841088 [84.11%]
