ArborX version    : 1.4 (dev)
ArborX hash       : No hash available
Kokkos version    : 4.0.99
algorithm         : dbscan
eps               : 1000.000000
cluster min size  : 1
implementation    : fdbscan-densebox
verify            : false
minpts            : 500
filename          : /datasets/2D_VisualSim_10M.arborx [binary, max_pts = -1]
samples           : 100000
verbose           : true
Reading in "/datasets/2D_VisualSim_10M.arborx" in binary mode...done
Read in 10000000 2D points
Data sanity check:
p[0] = ( 14079 14865 )
p[99999] = ( 61698 60417 )
h = 7.071068e+02, n = [140, 135]
#nonempty cells     :       1156
#dense cells        :          5 [0.43%]
#dense cell points  :       2735 [2.73%]
#mixed primitives   :      97270
-- dense cells      :      0.003
-- construction     :      0.001
-- query+cluster    :      0.034
---- neigh          :      0.012
---- query          :      0.022
-- postprocess      :      0.000
total time          :      0.038

#clusters       : 20
#cluster points : 94460 [94.46%]
#noise   points : 5540 [5.54%]
