filename          : /datasets/ngsim.arborx [max_pts = -1]
minpts            : 10
eps               : 1.000000
samples           : 100000
Reading in "/datasets/ngsim.arborx" in binary mode...done
Read in 11850526 2D points
#samples = 100000
Data sanity check:
p[0] = ( 6.45252e+06 1.87204e+06 )
p[99999] = ( 6.0428e+06 2.13355e+06 )
Total edges are 380938
numPoints: 100000
Init Memory 419.000000, Memory consumed 423.000000
------PERFORMANCE REPORT------
eps	minpts	pts	cluster		n_threads	n_blocks	preproc.	proc.	kernel	total	memory
1	10	100000	532		512		196		728.077		382.869	0 	1110.95	4
-------------------------------------------

92599 nodes with ID: 0
23 nodes with ID: 1
15 nodes with ID: 2
34 nodes with ID: 3
51 nodes with ID: 4
10 nodes with ID: 5
10 nodes with ID: 6
34 nodes with ID: 7
25 nodes with ID: 8
11 nodes with ID: 9
18 nodes with ID: 10
14 nodes with ID: 11
14 nodes with ID: 12
13 nodes with ID: 13
14 nodes with ID: 14
12 nodes with ID: 15
14 nodes with ID: 16
37 nodes with ID: 17
13 nodes with ID: 18
22 nodes with ID: 19
31 nodes with ID: 20
21 nodes with ID: 21
34 nodes with ID: 22
13 nodes with ID: 23
19 nodes with ID: 24
14 nodes with ID: 25
