ArborX version    : 1.4 (dev)
ArborX hash       : No hash available
Kokkos version    : 4.0.99
algorithm         : dbscan
eps               : 2.000000
cluster min size  : 1
implementation    : fdbscan-densebox
verify            : false
minpts            : 10
filename          : /datasets/7D_2.05M_household.arborx [binary, max_pts = -1]
samples           : 1000000
verbose           : true
Reading in "/datasets/7D_2.05M_household.arborx" in binary mode...done
Read in 2049280 7D points
Data sanity check:
p[0] = ( 5.36 0.436 233.63 23 0 1 16 )
p[999999] = ( 0.932 0 239.55 3.8 0 0 0 )
h = 7.559289e-01, n = [15, 2, 41, 64, 117, 106, 42]
#nonempty cells     :      59831
#dense cells        :       5794 [9.68%]
#dense cell points  :     902379 [90.24%]
#mixed primitives   :     103415
-- dense cells      :      0.009
-- construction     :      0.001
-- query+cluster    :      0.160
---- neigh          :      0.012
---- query          :      0.146
-- postprocess      :      0.003
total time          :      0.173

#clusters       : 43
#cluster points : 994874 [99.49%]
#noise   points : 5126 [0.51%]
