ArborX version    : 1.4 (dev)
ArborX hash       : No hash available
Kokkos version    : 4.0.99
algorithm         : dbscan
eps               : 0.005000
cluster min size  : 1
implementation    : fdbscan
verify            : false
minpts            : 1000
filename          : /datasets/PortoTaxi.arborx [binary, max_pts = -1]
samples           : 100000
verbose           : true
Reading in "/datasets/PortoTaxi.arborx" in binary mode...done
Read in 81712629 2D points
Data sanity check:
p[0] = ( -8.64213 41.1712 )
p[99999] = ( -8.60932 41.1812 )
CUDA occupancy: 80
-- construction     :      0.001
-- query+cluster    :      0.066
---- neigh          :      0.018
---- query          :      0.047
-- postprocess      :      0.002
total time          :      0.069

#clusters       : 2
#cluster points : 79888 [79.89%]
#noise   points : 20112 [20.11%]
