filename          : /datasets/PortoTaxi.arborx [max_pts = -1]
minpts            : 10
eps               : 0.005000
samples           : 100000
Reading in "/datasets/PortoTaxi.arborx" in binary mode...done
Read in 81712629 2D points
#samples = 100000
Data sanity check:
p[0] = ( -8.64213 41.1712 )
p[99999] = ( -8.60932 41.1812 )
Total edges are 245513588
numPoints: 100000
Init Memory 419.000000, Memory consumed 1359.000000
------PERFORMANCE REPORT------
eps	minpts	pts	cluster		n_threads	n_blocks	preproc.	proc.	kernel	total	memory
0.005	10	100000	22		512		196		1256.21		200.882	0 	1457.1	940
-------------------------------------------

1510 nodes with ID: 0
98144 nodes with ID: 1
17 nodes with ID: 2
62 nodes with ID: 3
19 nodes with ID: 4
15 nodes with ID: 5
23 nodes with ID: 6
12 nodes with ID: 7
18 nodes with ID: 8
12 nodes with ID: 9
30 nodes with ID: 10
15 nodes with ID: 11
12 nodes with ID: 12
10 nodes with ID: 13
15 nodes with ID: 14
10 nodes with ID: 15
16 nodes with ID: 16
16 nodes with ID: 17
10 nodes with ID: 18
12 nodes with ID: 19
12 nodes with ID: 20
10 nodes with ID: 21
0 nodes with ID: 22
0 nodes with ID: 23
0 nodes with ID: 24
0 nodes with ID: 25
