ArborX version    : 1.4 (dev)
ArborX hash       : No hash available
Kokkos version    : 4.0.99
algorithm         : dbscan
eps               : 1000.000000
cluster min size  : 1
implementation    : fdbscan
verify            : false
minpts            : 500
filename          : /datasets/5D_VisualVar_10M.arborx [binary, max_pts = -1]
samples           : 1000000
verbose           : true
Reading in "/datasets/5D_VisualVar_10M.arborx" in binary mode...done
Read in 10000000 5D points
Data sanity check:
p[0] = ( 11011 86614 4438 79761 25983 )
p[999999] = ( 13367 57452 92018 45731 43925 )
CUDA occupancy: 80
-- construction     :      0.003
-- query+cluster    :      0.043
---- neigh          :      0.020
---- query          :      0.022
-- postprocess      :      0.005
total time          :      0.052

#clusters       : 80
#cluster points : 213745 [21.37%]
#noise   points : 786255 [78.63%]
