filename          : /datasets/2D_VisualVar_10M.arborx [max_pts = -1]
minpts            : 500
eps               : 1000.000000
samples           : 100000
Reading in "/datasets/2D_VisualVar_10M.arborx" in binary mode...done
Read in 10000000 2D points
#samples = 100000
Data sanity check:
p[0] = ( 71712 39034 )
p[99999] = ( 43493 90444 )
Total edges are 34121110
numPoints: 100000
Init Memory 419.000000, Memory consumed 553.000000
------PERFORMANCE REPORT------
eps	minpts	pts	cluster		n_threads	n_blocks	preproc.	proc.	kernel	total	memory
1000	500	100000	16		512		196		696.416		106.584	0 	803.02	134
-------------------------------------------

52887 nodes with ID: 0
5955 nodes with ID: 1
3849 nodes with ID: 2
8263 nodes with ID: 3
875 nodes with ID: 4
1237 nodes with ID: 5
1367 nodes with ID: 6
2055 nodes with ID: 7
1922 nodes with ID: 8
1702 nodes with ID: 9
543 nodes with ID: 10
3493 nodes with ID: 11
12507 nodes with ID: 12
667 nodes with ID: 13
781 nodes with ID: 14
1897 nodes with ID: 15
0 nodes with ID: 16
0 nodes with ID: 17
0 nodes with ID: 18
0 nodes with ID: 19
0 nodes with ID: 20
0 nodes with ID: 21
0 nodes with ID: 22
0 nodes with ID: 23
0 nodes with ID: 24
0 nodes with ID: 25
